2022-07-01 10:49:40 debug [{"token":"CFAE159E-D31D-4812-957D-E0C7E68B35F4","org_list":[{"org_id":"9","org_name":"长兴天下牧业","org_ico":null},{"org_id":"10","org_name":"柯坪天下牧业","org_ico":null}]}]
2022-07-01 10:49:40 debug {"exp_time":"1656647380","admin_id":"36","grp_id":"9"}
2022-07-01 10:49:40 debug 失效时间：1656647380 系统时间：1656643780
2022-07-01 10:49:40 debug chanel保存成功
2022-07-01 10:50:21 debug {"exp_time":"1656647380","admin_id":"36","grp_id":"9"}
2022-07-01 10:50:21 debug 失效时间：1656647380 系统时间：1656643821
2022-07-01 10:50:21 debug [{"token":"E35837D3-E34B-421E-96BF-EEF528F0F55A","org_list":[]}]
2022-07-01 10:50:21 debug {"exp_time":"1656647421","admin_id":"36","grp_id":"9"}
2022-07-01 10:50:21 debug 失效时间：1656647421 系统时间：1656643821
2022-07-01 10:50:21 debug chanel保存成功
2022-07-01 10:52:12 debug [{"token":"D9BB7733-0E07-4611-A7EA-96F71206F6E3","org_list":[{"org_id":"9","org_name":"长兴天下牧业","org_ico":null},{"org_id":"10","org_name":"柯坪天下牧业","org_ico":null}]}]
2022-07-01 10:52:12 debug {"exp_time":"1656647532","admin_id":"36","grp_id":"9"}
2022-07-01 10:52:12 debug 失效时间：1656647532 系统时间：1656643932
2022-07-01 10:52:12 debug chanel保存成功
2022-07-01 10:55:03 debug [{"token":"15A4CE85-D852-4D9D-818A-7FB414ECE23D","org_list":[{"org_id":"9","org_name":"长兴天下牧业","org_ico":null},{"org_id":"10","org_name":"柯坪天下牧业","org_ico":null}]}]
2022-07-01 10:55:03 debug {"exp_time":"1656647703","admin_id":"36","grp_id":"9"}
2022-07-01 10:55:03 debug 失效时间：1656647703 系统时间：1656644103
2022-07-01 10:55:04 debug chanel保存成功
2022-07-01 10:55:32 debug {"exp_time":"1656647703","admin_id":"36","grp_id":"9"}
2022-07-01 10:55:32 debug 失效时间：1656647703 系统时间：1656644132
2022-07-01 10:55:32 debug [{"token":"67A2E6CF-E450-4ED4-A291-DF0608CEC50E","org_list":[]}]
2022-07-01 10:55:33 debug {"exp_time":"1656647732","admin_id":"36","grp_id":"9"}
2022-07-01 10:55:33 debug 失效时间：1656647732 系统时间：1656644133
2022-07-01 10:55:33 debug chanel保存成功
2022-07-01 10:55:41 debug {"exp_time":"1656647732","admin_id":"36","grp_id":"9"}
2022-07-01 10:55:41 debug 失效时间：1656647732 系统时间：1656644141
2022-07-01 10:55:41 debug [{"token":"3A48CF30-5B3F-47D2-993F-E51132150FC4","org_list":[]}]
2022-07-01 10:55:41 debug {"exp_time":"1656647741","admin_id":"36","grp_id":"9"}
2022-07-01 10:55:41 debug 失效时间：1656647741 系统时间：1656644141
2022-07-01 10:55:41 debug chanel保存成功
2022-07-01 10:56:32 debug [{"token":"399C2468-913F-40A5-A0E7-0AA1CF27D0E1","org_list":[{"org_id":"9","org_name":"长兴天下牧业","org_ico":null},{"org_id":"10","org_name":"柯坪天下牧业","org_ico":null}]}]
2022-07-01 10:56:32 debug {"exp_time":"1656647792","admin_id":"36","grp_id":"9"}
2022-07-01 10:56:32 debug 失效时间：1656647792 系统时间：1656644192
2022-07-01 10:56:32 debug chanel保存成功
2022-07-01 10:56:42 debug {"exp_time":"1656647792","admin_id":"36","grp_id":"9"}
2022-07-01 10:56:42 debug 失效时间：1656647792 系统时间：1656644202
2022-07-01 10:56:42 debug [{"token":"FF89A11B-7C35-46CF-B2CD-0EEA3A2F5C62","org_list":[]}]
2022-07-01 10:58:02 debug {"exp_time":"1656647802","admin_id":"36","grp_id":"9"}
2022-07-01 10:58:02 debug 失效时间：1656647802 系统时间：1656644282
2022-07-01 10:58:02 debug [{"token":"D2CEE287-D00D-4712-8F68-4F8B5643592E","org_list":[]}]
2022-07-01 10:58:03 debug {"exp_time":"1656647882","admin_id":"36","grp_id":"9"}
2022-07-01 10:58:03 debug 失效时间：1656647882 系统时间：1656644283
2022-07-01 10:58:03 debug chanel保存成功
2022-07-01 10:59:46 debug {"exp_time":"1656647882","admin_id":"36","grp_id":"9"}
2022-07-01 10:59:46 debug 失效时间：1656647882 系统时间：1656644386
2022-07-01 10:59:46 debug [{"token":"68495572-9F0F-4E9C-972B-D6AAD903FA1C","org_list":[]}]
2022-07-01 10:59:47 debug {"exp_time":"1656647986","admin_id":"36","grp_id":"9"}
2022-07-01 10:59:47 debug 失效时间：1656647986 系统时间：1656644387
2022-07-01 10:59:47 debug chanel保存成功
2022-07-01 11:01:23 debug {"exp_time":"1656647986","admin_id":"36","grp_id":"9"}
2022-07-01 11:01:23 debug 失效时间：1656647986 系统时间：1656644483
2022-07-01 11:01:23 debug [{"token":"0727B6FA-6A59-4ED0-BFB0-8FF28E67E0AE","org_list":[]}]
2022-07-01 11:01:32 debug {"exp_time":"1656648083","admin_id":"36","grp_id":"9"}
2022-07-01 11:01:32 debug 失效时间：1656648083 系统时间：1656644492
2022-07-01 11:01:32 debug chanel保存成功
2022-07-01 11:02:53 debug {"exp_time":"1656648083","admin_id":"36","grp_id":"9"}
2022-07-01 11:02:53 debug 失效时间：1656648083 系统时间：1656644573
2022-07-01 11:02:53 debug [{"token":"F016C590-AC44-479A-A0A0-D451EAFE04C5","org_list":[]}]
2022-07-01 11:02:53 debug {"exp_time":"1656648173","admin_id":"36","grp_id":"9"}
2022-07-01 11:02:53 debug 失效时间：1656648173 系统时间：1656644573
2022-07-01 11:02:53 debug chanel保存成功
2022-07-01 11:25:45 debug [{"token":"78CC62F6-CAEE-4465-8D9A-0287EF8A5172","org_list":[{"org_id":"9","org_name":"长兴天下牧业","org_ico":null},{"org_id":"10","org_name":"柯坪天下牧业","org_ico":null}]}]
2022-07-01 11:25:45 debug {"exp_time":"1656649545","admin_id":"36","grp_id":"9"}
2022-07-01 11:25:45 debug 失效时间：1656649545 系统时间：1656645945
2022-07-01 11:25:45 debug chanel保存成功
2022-07-01 11:26:15 debug {"exp_time":"1656649545","admin_id":"36","grp_id":"9"}
2022-07-01 11:26:15 debug 失效时间：1656649545 系统时间：1656645975
2022-07-01 11:26:15 debug [{"token":"FA0359F7-2DB0-477B-AF3C-0C57FD3E7E74","org_list":[]}]
2022-07-01 11:26:15 debug {"exp_time":"1656649575","admin_id":"36","grp_id":"9"}
2022-07-01 11:26:15 debug 失效时间：1656649575 系统时间：1656645975
2022-07-01 11:26:15 debug chanel保存成功
2022-07-01 11:27:05 debug [{"token":"9A292105-A52B-42A0-B6B2-682ACE8A92B7","org_list":[{"org_id":"9","org_name":"长兴天下牧业","org_ico":null},{"org_id":"10","org_name":"柯坪天下牧业","org_ico":null}]}]
2022-07-01 11:27:05 debug {"exp_time":"1656649625","admin_id":"36","grp_id":"9"}
2022-07-01 11:27:05 debug 失效时间：1656649625 系统时间：1656646025
2022-07-01 11:27:05 debug chanel保存成功
2022-07-01 11:28:09 debug {"exp_time":"1656649625","admin_id":"36","grp_id":"9"}
2022-07-01 11:28:09 debug 失效时间：1656649625 系统时间：1656646089
2022-07-01 11:28:09 debug [{"token":"B6A08F54-908B-46D7-B94D-CF25FA80627E","org_list":[]}]
2022-07-01 11:28:10 debug {"exp_time":"1656649689","admin_id":"36","grp_id":"9"}
2022-07-01 11:28:10 debug 失效时间：1656649689 系统时间：1656646090
2022-07-01 11:28:11 debug chanel保存成功
2022-07-01 11:31:10 debug {"exp_time":"1656649689","admin_id":"36","grp_id":"9"}
2022-07-01 11:31:10 debug 失效时间：1656649689 系统时间：1656646270
2022-07-01 11:31:10 debug [{"token":"4475C17A-7DF9-4839-8F58-3875AEDB302B","org_list":[]}]
2022-07-01 11:31:12 debug {"exp_time":"1656649870","admin_id":"36","grp_id":"9"}
2022-07-01 11:31:12 debug 失效时间：1656649870 系统时间：1656646272
2022-07-01 11:31:12 debug chanel保存成功
2022-07-01 11:38:48 debug [{"token":"A04E4F10-BBB4-4B06-A927-8CD9B3EBFE45","org_list":[{"org_id":"9","org_name":"长兴天下牧业","org_ico":null},{"org_id":"10","org_name":"柯坪天下牧业","org_ico":null}]}]
2022-07-01 11:38:48 debug {"exp_time":"1656650328","admin_id":"36","grp_id":"9"}
2022-07-01 11:38:48 debug 失效时间：1656650328 系统时间：1656646728
2022-07-01 11:38:48 debug chanel保存成功
2022-07-01 11:39:23 debug {"exp_time":"1656650328","admin_id":"36","grp_id":"9"}
2022-07-01 11:39:23 debug 失效时间：1656650328 系统时间：1656646763
2022-07-01 11:39:23 debug [{"token":"6DBA0575-BB72-4408-93B5-23343FC77531","org_list":[]}]
2022-07-01 11:40:24 debug {"exp_time":"1656650363","admin_id":"36","grp_id":"9"}
2022-07-01 11:40:24 debug 失效时间：1656650363 系统时间：1656646824
2022-07-01 11:40:24 debug [{"token":"6DA810B7-06CD-4376-8D07-BCF4326856A9","org_list":[]}]
2022-07-01 11:40:24 debug {"exp_time":"1656650424","admin_id":"36","grp_id":"9"}
2022-07-01 11:40:24 debug 失效时间：1656650424 系统时间：1656646824
2022-07-01 11:40:25 debug chanel保存成功
2022-07-01 11:40:40 debug {"exp_time":"1656650424","admin_id":"36","grp_id":"9"}
2022-07-01 11:40:40 debug 失效时间：1656650424 系统时间：1656646840
2022-07-01 11:40:40 debug chanel保存成功
2022-07-01 11:41:06 debug [{"token":"57B676AF-10B6-4B2C-84A3-2FA913E97F7B","org_list":[{"org_id":"9","org_name":"长兴天下牧业","org_ico":null},{"org_id":"10","org_name":"柯坪天下牧业","org_ico":null}]}]
2022-07-01 11:41:07 debug {"exp_time":"1656650466","admin_id":"36","grp_id":"9"}
2022-07-01 11:41:07 debug 失效时间：1656650466 系统时间：1656646867
2022-07-01 11:41:07 debug chanel保存成功
2022-07-01 11:41:38 debug {"exp_time":"1656650466","admin_id":"36","grp_id":"9"}
2022-07-01 11:41:38 debug 失效时间：1656650466 系统时间：1656646898
2022-07-01 11:41:38 debug chanel保存成功
2022-07-01 11:42:02 debug [{"token":"A1BBE337-2660-4A8A-96D6-EB8C3C14AD16","org_list":[{"org_id":"9","org_name":"长兴天下牧业","org_ico":null},{"org_id":"10","org_name":"柯坪天下牧业","org_ico":null}]}]
2022-07-01 11:42:02 debug {"exp_time":"1656650522","admin_id":"36","grp_id":"9"}
2022-07-01 11:42:02 debug 失效时间：1656650522 系统时间：1656646922
2022-07-01 11:42:02 debug chanel保存成功
2022-07-01 11:42:14 debug {"exp_time":"1656650522","admin_id":"36","grp_id":"9"}
2022-07-01 11:42:14 debug 失效时间：1656650522 系统时间：1656646934
2022-07-01 11:42:14 debug chanel保存成功
2022-07-01 11:45:21 debug [{"token":"EC92A254-3F41-4B3C-BF43-8CC8C56C4240","org_list":[{"org_id":"9","org_name":"长兴天下牧业","org_ico":null},{"org_id":"10","org_name":"柯坪天下牧业","org_ico":null}]}]
2022-07-01 11:45:22 debug {"exp_time":"1656650721","admin_id":"36","grp_id":"9"}
2022-07-01 11:45:22 debug 失效时间：1656650721 系统时间：1656647122
2022-07-01 11:45:22 debug chanel保存成功
2022-07-01 11:46:09 debug {"exp_time":"1656650721","admin_id":"36","grp_id":"9"}
2022-07-01 11:46:09 debug 失效时间：1656650721 系统时间：1656647169
2022-07-01 11:46:09 debug [{"token":"E62B5FB1-757B-435F-9B73-1CD25651BF3C","org_list":[]}]
2022-07-01 11:46:09 debug {"exp_time":"1656650769","admin_id":"36","grp_id":"9"}
2022-07-01 11:46:09 debug 失效时间：1656650769 系统时间：1656647169
2022-07-01 11:46:09 debug chanel保存成功
2022-07-01 11:58:52 debug {"exp_time":"1656650769","admin_id":"36","grp_id":"9"}
2022-07-01 11:58:52 debug 失效时间：1656650769 系统时间：1656647932
2022-07-01 11:58:52 debug [{"token":"82550B4B-08BB-4E91-AF2D-917C6C962B8F","org_list":[]}]
2022-07-01 11:58:53 debug {"exp_time":"1656651532","admin_id":"36","grp_id":"9"}
2022-07-01 11:58:53 debug 失效时间：1656651532 系统时间：1656647933
2022-07-01 11:58:53 debug chanel保存成功
2022-07-01 12:47:45 debug {"exp_time":"1656651532","admin_id":"36","grp_id":"9"}
2022-07-01 12:47:45 debug 失效时间：1656651532 系统时间：1656650865
2022-07-01 12:47:45 debug [{"token":"AAAFF8A7-B179-4EC8-B54C-7E9E977A89C0","org_list":[]}]
2022-07-01 12:47:46 debug {"exp_time":"1656654465","admin_id":"36","grp_id":"9"}
2022-07-01 12:47:46 debug 失效时间：1656654465 系统时间：1656650866
2022-07-01 12:47:46 debug chanel保存成功
2022-07-01 12:48:38 debug {"exp_time":"1656654465","admin_id":"36","grp_id":"9"}
2022-07-01 12:48:38 debug 失效时间：1656654465 系统时间：1656650918
2022-07-01 12:48:38 debug chanel保存成功
2022-07-01 15:44:47 debug [{"token":"9C745642-9E55-4C6F-B301-D0F6858F28BD","org_list":[{"org_id":"9","org_name":"长兴天下牧业","org_ico":null},{"org_id":"10","org_name":"柯坪天下牧业","org_ico":null}]}]
2022-07-01 15:44:47 debug {"exp_time":"1656665087","admin_id":"36","grp_id":"9"}
2022-07-01 15:44:47 debug 失效时间：1656665087 系统时间：1656661487
2022-07-01 15:44:47 debug chanel保存成功
2022-07-01 15:48:00 debug {"exp_time":"1656665087","admin_id":"36","grp_id":"9"}
2022-07-01 15:48:00 debug 失效时间：1656665087 系统时间：1656661680
2022-07-01 15:48:00 debug chanel保存成功
2022-07-01 16:45:41 debug [{"token":"7F861FCE-5B36-4A77-AAC4-74A1AF0407DF","org_list":[{"org_id":"9","org_name":"长兴天下牧业","org_ico":null},{"org_id":"10","org_name":"柯坪天下牧业","org_ico":null}]}]
2022-07-01 16:45:42 debug {"exp_time":"1656668741","admin_id":"36","grp_id":"9"}
2022-07-01 16:45:42 debug 失效时间：1656668741 系统时间：1656665142
2022-07-01 16:45:42 debug chanel保存成功
2022-07-01 16:46:59 debug {"exp_time":"1656668741","admin_id":"36","grp_id":"9"}
2022-07-01 16:46:59 debug 失效时间：1656668741 系统时间：1656665219
2022-07-01 16:46:59 debug [{"token":"819A1866-5F32-40A4-84B7-5290524DFF84","org_list":[]}]
2022-07-01 16:47:00 debug {"exp_time":"1656668819","admin_id":"36","grp_id":"9"}
2022-07-01 16:47:00 debug 失效时间：1656668819 系统时间：1656665220
2022-07-01 16:47:00 debug chanel保存成功
2022-07-01 16:47:25 debug {"exp_time":"1656668819","admin_id":"36","grp_id":"9"}
2022-07-01 16:47:25 debug 失效时间：1656668819 系统时间：1656665245
2022-07-01 16:47:25 debug [{"token":"B897EF5F-7F97-403F-AD8A-EE8A598ADAF3","org_list":[]}]
2022-07-01 16:47:26 debug {"exp_time":"1656668845","admin_id":"36","grp_id":"9"}
2022-07-01 16:47:26 debug 失效时间：1656668845 系统时间：1656665246
2022-07-01 16:47:26 debug chanel保存成功
