2022-08-25 16:41:08 debug {"act":"api_msg_list","tp":1,"keyword":"","page":0,"size":20}
2022-08-25 16:41:08 debug {"exp_time":"1662016357","admin_id":"43","grp_id":"9"}
2022-08-25 16:41:08 debug 失效时间：1662016357 系统时间：1661416868
2022-08-25 16:41:08 debug [{"has_more":false,"msg_list":[{"msg_id":null,"msg_title":"公告标题公告标题公告标题20220531","msg_sub_title":"公告子标题20220531","msg_time":"2022-05-31 15:34:00","msg_short_desc":"20220531公告简述公告简述公告简述公告简述公告简述公告简述公告简述公告简述公告简述公告简述公告简述","msg_month":"5","msg_day":"31","msg_img":"img\/images.jpg"},{"msg_id":null,"msg_title":"公告标题公告标题公告标题20220601","msg_sub_title":"公告子标题20220601","msg_time":"2022-06-01 15:34:00","msg_short_desc":"20220601公告简述公告简述公告简述公告简述公告简述公告简述公告简述公告简述公告简述公告简述公告简述","msg_month":"6","msg_day":"1","msg_img":"img\/images.jpg"}]}]
2022-08-25 17:33:43 debug {"act":"api_chart_maintop"}
2022-08-25 17:33:43 debug {"exp_time":"1662016357","admin_id":"43","grp_id":"9"}
2022-08-25 17:33:43 debug 失效时间：1662016357 系统时间：1661420023
2022-08-25 17:33:43 debug [{"report_day":"2022-07-17","amount_all":"37631"}]
2022-08-25 17:33:44 debug {"act":"api_msg_list","tp":1,"keyword":"","page":0,"size":20}
2022-08-25 17:33:44 debug {"exp_time":"1662016357","admin_id":"43","grp_id":"9"}
2022-08-25 17:33:44 debug 失效时间：1662016357 系统时间：1661420024
2022-08-25 17:33:44 debug [{"has_more":false,"msg_list":[{"msg_id":null,"msg_title":"公告标题公告标题公告标题20220531","msg_sub_title":"公告子标题20220531","msg_time":"2022-05-31 15:34:00","msg_short_desc":"20220531公告简述公告简述公告简述公告简述公告简述公告简述公告简述公告简述公告简述公告简述公告简述","msg_month":"5","msg_day":"31","msg_img":"img\/images.jpg"},{"msg_id":null,"msg_title":"公告标题公告标题公告标题20220601","msg_sub_title":"公告子标题20220601","msg_time":"2022-06-01 15:34:00","msg_short_desc":"20220601公告简述公告简述公告简述公告简述公告简述公告简述公告简述公告简述公告简述公告简述公告简述","msg_month":"6","msg_day":"1","msg_img":"img\/images.jpg"}]}]
2022-08-25 17:34:22 debug {"act":"api_chart_maintop"}
2022-08-25 17:34:22 debug {"exp_time":"1662016357","admin_id":"43","grp_id":"9"}
2022-08-25 17:34:22 debug 失效时间：1662016357 系统时间：1661420062
2022-08-25 17:34:22 debug [{"report_day":"2022-07-17","amount_all":"37631"}]
2022-08-25 17:34:22 debug [{"report_day":"2022-07-17","amount_all":"37631"}]
2022-08-25 17:34:22 debug {"act":"api_msg_list","tp":1,"keyword":"","page":0,"size":20}
2022-08-25 17:34:22 debug {"exp_time":"1662016357","admin_id":"43","grp_id":"9"}
2022-08-25 17:34:22 debug 失效时间：1662016357 系统时间：1661420062
2022-08-25 17:34:23 debug [{"has_more":false,"msg_list":[{"msg_id":null,"msg_title":"公告标题公告标题公告标题20220531","msg_sub_title":"公告子标题20220531","msg_time":"2022-05-31 15:34:00","msg_short_desc":"20220531公告简述公告简述公告简述公告简述公告简述公告简述公告简述公告简述公告简述公告简述公告简述","msg_month":"5","msg_day":"31","msg_img":"img\/images.jpg"},{"msg_id":null,"msg_title":"公告标题公告标题公告标题20220601","msg_sub_title":"公告子标题20220601","msg_time":"2022-06-01 15:34:00","msg_short_desc":"20220601公告简述公告简述公告简述公告简述公告简述公告简述公告简述公告简述公告简述公告简述公告简述","msg_month":"6","msg_day":"1","msg_img":"img\/images.jpg"}]}]
2022-08-25 17:35:49 debug {"act":"api_msg_list","tp":1,"keyword":"","page":0,"size":20}
2022-08-25 17:35:49 debug {"exp_time":"1662016357","admin_id":"43","grp_id":"9"}
2022-08-25 17:35:49 debug 失效时间：1662016357 系统时间：1661420149
2022-08-25 17:35:49 debug [{"has_more":false,"msg_list":[{"msg_id":null,"msg_title":"公告标题公告标题公告标题20220531","msg_sub_title":"公告子标题20220531","msg_time":"2022-05-31 15:34:00","msg_short_desc":"20220531公告简述公告简述公告简述公告简述公告简述公告简述公告简述公告简述公告简述公告简述公告简述","msg_month":"5","msg_day":"31","msg_img":"img\/images.jpg"},{"msg_id":null,"msg_title":"公告标题公告标题公告标题20220601","msg_sub_title":"公告子标题20220601","msg_time":"2022-06-01 15:34:00","msg_short_desc":"20220601公告简述公告简述公告简述公告简述公告简述公告简述公告简述公告简述公告简述公告简述公告简述","msg_month":"6","msg_day":"1","msg_img":"img\/images.jpg"}]}]
2022-08-25 17:35:49 debug {"act":"api_chart_maintop"}
2022-08-25 17:35:49 debug {"exp_time":"1662016357","admin_id":"43","grp_id":"9"}
2022-08-25 17:35:49 debug 失效时间：1662016357 系统时间：1661420149
2022-08-25 17:35:49 debug [{"report_day":["2022-07-11","2022-07-12","2022-07-13","2022-07-14","2022-07-15","2022-07-16","2022-07-17"],"amount_all":["38165","38061","37811","37784","37729","37610","37631"]}]
2022-08-25 17:35:49 debug [{"report_day":["2022-07-11","2022-07-12","2022-07-13","2022-07-14","2022-07-15","2022-07-16","2022-07-17"],"amount_all":["38165","38061","37811","37784","37729","37610","37631"]}]
2022-08-25 17:43:41 debug {"act":"api_chart_maintop"}
2022-08-25 17:43:41 debug {"exp_time":"1662016357","admin_id":"43","grp_id":"9"}
2022-08-25 17:43:41 debug 失效时间：1662016357 系统时间：1661420621
2022-08-25 17:43:41 debug [{"report_day":["2022-07-11","2022-07-12","2022-07-13","2022-07-14","2022-07-15","2022-07-16","2022-07-17"],"amount_all":["38165","38061","37811","37784","37729","37610","37631"]}]
2022-08-25 17:43:41 debug [{"report_day":["2022-07-11","2022-07-12","2022-07-13","2022-07-14","2022-07-15","2022-07-16","2022-07-17"],"amount_all":["38165","38061","37811","37784","37729","37610","37631"]}]
