2022-07-05 14:17:05 debug [{"token":"8C63072F-5F3F-4D4D-B363-B4A31D4A5F89","org_list":[{"org_id":"9","org_name":"长兴天下牧业","org_ico":null},{"org_id":"10","org_name":"柯坪天下牧业","org_ico":null}]}]
2022-07-05 14:17:06 debug {"exp_time":"1657005425","admin_id":"36","grp_id":"9"}
2022-07-05 14:17:06 debug 失效时间：1657005425 系统时间：1657001826
2022-07-05 14:17:06 debug chanel保存成功
2022-07-05 14:17:23 debug {"exp_time":"1657005425","admin_id":"36","grp_id":"9"}
2022-07-05 14:17:23 debug 失效时间：1657005425 系统时间：1657001843
2022-07-05 14:17:23 debug [{"token":"56904AE1-A3F7-4312-90D1-192DBAA31AA2","org_list":[]}]
2022-07-05 14:17:23 debug {"exp_time":"1657005443","admin_id":"36","grp_id":"9"}
2022-07-05 14:17:23 debug 失效时间：1657005443 系统时间：1657001843
2022-07-05 14:17:23 debug chanel保存成功
2022-07-05 14:17:25 debug {"exp_time":"1657005443","admin_id":"36","grp_id":"9"}
2022-07-05 14:17:25 debug 失效时间：1657005443 系统时间：1657001845
2022-07-05 14:17:25 debug [{"token":"3B7C3D28-0354-4E01-8FE0-0560B88D581D","org_list":[]}]
2022-07-05 14:17:25 debug {"exp_time":"1657005445","admin_id":"36","grp_id":"9"}
2022-07-05 14:17:25 debug 失效时间：1657005445 系统时间：1657001845
2022-07-05 14:17:25 debug chanel保存成功
2022-07-05 14:18:30 debug {"exp_time":"1657005445","admin_id":"36","grp_id":"9"}
2022-07-05 14:18:30 debug 失效时间：1657005445 系统时间：1657001910
2022-07-05 14:18:30 debug [{"token":"0B6A91BC-C79B-45D6-A17E-7F034D175635","org_list":[]}]
2022-07-05 14:18:30 debug {"exp_time":"1657005510","admin_id":"36","grp_id":"9"}
2022-07-05 14:18:30 debug 失效时间：1657005510 系统时间：1657001910
2022-07-05 14:18:30 debug chanel保存成功
2022-07-05 14:20:09 debug {"exp_time":"1657005510","admin_id":"36","grp_id":"9"}
2022-07-05 14:20:09 debug 失效时间：1657005510 系统时间：1657002009
2022-07-05 14:20:10 debug [{"token":"1C391F9E-968D-4714-A8F6-F1EA2A267BFE","org_list":[]}]
2022-07-05 14:20:10 debug {"exp_time":"1657005609","admin_id":"36","grp_id":"9"}
2022-07-05 14:20:10 debug 失效时间：1657005609 系统时间：1657002010
2022-07-05 14:20:10 debug chanel保存成功
2022-07-05 14:21:10 debug {"exp_time":"1657005609","admin_id":"36","grp_id":"9"}
2022-07-05 14:21:10 debug 失效时间：1657005609 系统时间：1657002070
2022-07-05 14:21:10 debug [{"token":"386E7B92-DD6A-4BC6-A204-BC0A4F65AFAB","org_list":[]}]
2022-07-05 14:21:10 debug {"exp_time":"1657005670","admin_id":"36","grp_id":"9"}
2022-07-05 14:21:10 debug 失效时间：1657005670 系统时间：1657002070
2022-07-05 14:21:10 debug chanel保存成功
2022-07-05 14:34:08 debug 
2022-07-05 14:34:08 debug 失效时间：0 系统时间：1657002848
2022-07-05 14:36:39 debug 
2022-07-05 14:36:39 debug 失效时间：0 系统时间：1657002999
2022-07-05 14:37:16 debug 
2022-07-05 14:37:16 debug 失效时间：0 系统时间：1657003036
2022-07-05 14:38:11 debug [{"token":"809D03A7-7F72-430A-9912-0BBF89D0C520","org_list":[{"org_id":"9","org_name":"长兴天下牧业","org_ico":null},{"org_id":"10","org_name":"柯坪天下牧业","org_ico":null}]}]
2022-07-05 14:38:41 debug {"exp_time":"1657006691","admin_id":"36","grp_id":"9"}
2022-07-05 14:38:41 debug 失效时间：1657006691 系统时间：1657003121
2022-07-05 14:38:41 debug [{"has_more":false,"msg_list":[{"msg_id":null,"msg_title":"公告标题公告标题公告标题20220531","msg_sub_title":"公告子标题20220531","msg_time":"2022-05-31 15:34:00","msg_short_desc":"20220531公告简述公告简述公告简述公告简述公告简述公告简述公告简述公告简述公告简述公告简述公告简述","msg_month":"5","msg_day":"31","msg_img":"img\/images.jpg"},{"msg_id":null,"msg_title":"公告标题公告标题公告标题20220601","msg_sub_title":"公告子标题20220601","msg_time":"2022-06-01 15:34:00","msg_short_desc":"20220601公告简述公告简述公告简述公告简述公告简述公告简述公告简述公告简述公告简述公告简述公告简述","msg_month":"6","msg_day":"1","msg_img":"img\/images.jpg"}]}]
2022-07-05 14:38:54 debug {"exp_time":"1657006691","admin_id":"36","grp_id":"9"}
2022-07-05 14:38:54 debug 失效时间：1657006691 系统时间：1657003134
2022-07-05 14:38:54 debug [{"has_more":false,"msg_list":[{"msg_id":null,"msg_title":"公告标题公告标题公告标题20220531","msg_sub_title":"公告子标题20220531","msg_time":"2022-05-31 15:34:00","msg_short_desc":"20220531公告简述公告简述公告简述公告简述公告简述公告简述公告简述公告简述公告简述公告简述公告简述","msg_month":"5","msg_day":"31","msg_img":"img\/images.jpg"},{"msg_id":null,"msg_title":"公告标题公告标题公告标题20220601","msg_sub_title":"公告子标题20220601","msg_time":"2022-06-01 15:34:00","msg_short_desc":"20220601公告简述公告简述公告简述公告简述公告简述公告简述公告简述公告简述公告简述公告简述公告简述","msg_month":"6","msg_day":"1","msg_img":"img\/images.jpg"}]}]
2022-07-05 14:45:11 debug {"exp_time":"1657006691","admin_id":"36","grp_id":"9"}
2022-07-05 14:45:11 debug 失效时间：1657006691 系统时间：1657003511
2022-07-05 14:45:11 debug [{"has_more":false,"msg_list":[{"msg_id":null,"msg_title":"公告标题公告标题公告标题20220531","msg_sub_title":"公告子标题20220531","msg_time":"2022-05-31 15:34:00","msg_short_desc":"20220531公告简述公告简述公告简述公告简述公告简述公告简述公告简述公告简述公告简述公告简述公告简述","msg_month":"5","msg_day":"31","msg_img":"img\/images.jpg"},{"msg_id":null,"msg_title":"公告标题公告标题公告标题20220601","msg_sub_title":"公告子标题20220601","msg_time":"2022-06-01 15:34:00","msg_short_desc":"20220601公告简述公告简述公告简述公告简述公告简述公告简述公告简述公告简述公告简述公告简述公告简述","msg_month":"6","msg_day":"1","msg_img":"img\/images.jpg"}]}]
2022-07-05 14:45:16 debug {"exp_time":"1657006691","admin_id":"36","grp_id":"9"}
2022-07-05 14:45:16 debug 失效时间：1657006691 系统时间：1657003516
2022-07-05 14:45:16 debug [{"has_more":false,"msg_list":[{"msg_id":null,"msg_title":"公告标题公告标题公告标题20220531","msg_sub_title":"公告子标题20220531","msg_time":"2022-05-31 15:34:00","msg_short_desc":"20220531公告简述公告简述公告简述公告简述公告简述公告简述公告简述公告简述公告简述公告简述公告简述","msg_month":"5","msg_day":"31","msg_img":"img\/images.jpg"},{"msg_id":null,"msg_title":"公告标题公告标题公告标题20220601","msg_sub_title":"公告子标题20220601","msg_time":"2022-06-01 15:34:00","msg_short_desc":"20220601公告简述公告简述公告简述公告简述公告简述公告简述公告简述公告简述公告简述公告简述公告简述","msg_month":"6","msg_day":"1","msg_img":"img\/images.jpg"}]}]
2022-07-05 14:46:33 debug {"exp_time":"1657006691","admin_id":"36","grp_id":"9"}
2022-07-05 14:46:33 debug 失效时间：1657006691 系统时间：1657003593
2022-07-05 14:46:33 debug [{"has_more":false,"msg_list":[{"msg_id":null,"msg_title":"公告标题公告标题公告标题20220531","msg_sub_title":"公告子标题20220531","msg_time":"2022-05-31 15:34:00","msg_short_desc":"20220531公告简述公告简述公告简述公告简述公告简述公告简述公告简述公告简述公告简述公告简述公告简述","msg_month":"5","msg_day":"31","msg_img":"img\/images.jpg"},{"msg_id":null,"msg_title":"公告标题公告标题公告标题20220601","msg_sub_title":"公告子标题20220601","msg_time":"2022-06-01 15:34:00","msg_short_desc":"20220601公告简述公告简述公告简述公告简述公告简述公告简述公告简述公告简述公告简述公告简述公告简述","msg_month":"6","msg_day":"1","msg_img":"img\/images.jpg"}]}]
2022-07-05 14:50:14 debug {"exp_time":"1657006691","admin_id":"36","grp_id":"9"}
2022-07-05 14:50:14 debug 失效时间：1657006691 系统时间：1657003814
2022-07-05 14:50:14 debug [{"has_more":false,"msg_list":[{"msg_id":null,"msg_title":"公告标题公告标题公告标题20220531","msg_sub_title":"公告子标题20220531","msg_time":"2022-05-31 15:34:00","msg_short_desc":"20220531公告简述公告简述公告简述公告简述公告简述公告简述公告简述公告简述公告简述公告简述公告简述","msg_month":"5","msg_day":"31","msg_img":"img\/images.jpg"},{"msg_id":null,"msg_title":"公告标题公告标题公告标题20220601","msg_sub_title":"公告子标题20220601","msg_time":"2022-06-01 15:34:00","msg_short_desc":"20220601公告简述公告简述公告简述公告简述公告简述公告简述公告简述公告简述公告简述公告简述公告简述","msg_month":"6","msg_day":"1","msg_img":"img\/images.jpg"}]}]
2022-07-05 14:50:15 debug {"exp_time":"1657006691","admin_id":"36","grp_id":"9"}
2022-07-05 14:50:15 debug 失效时间：1657006691 系统时间：1657003815
2022-07-05 14:50:15 debug [{"has_more":false,"msg_list":[{"msg_id":null,"msg_title":"公告标题公告标题公告标题20220531","msg_sub_title":"公告子标题20220531","msg_time":"2022-05-31 15:34:00","msg_short_desc":"20220531公告简述公告简述公告简述公告简述公告简述公告简述公告简述公告简述公告简述公告简述公告简述","msg_month":"5","msg_day":"31","msg_img":"img\/images.jpg"},{"msg_id":null,"msg_title":"公告标题公告标题公告标题20220601","msg_sub_title":"公告子标题20220601","msg_time":"2022-06-01 15:34:00","msg_short_desc":"20220601公告简述公告简述公告简述公告简述公告简述公告简述公告简述公告简述公告简述公告简述公告简述","msg_month":"6","msg_day":"1","msg_img":"img\/images.jpg"}]}]
2022-07-05 14:51:15 debug {"exp_time":"1657006691","admin_id":"36","grp_id":"9"}
2022-07-05 14:51:15 debug 失效时间：1657006691 系统时间：1657003875
2022-07-05 14:51:15 debug [{"has_more":false,"msg_list":[{"msg_id":null,"msg_title":"公告标题公告标题公告标题20220531","msg_sub_title":"公告子标题20220531","msg_time":"2022-05-31 15:34:00","msg_short_desc":"20220531公告简述公告简述公告简述公告简述公告简述公告简述公告简述公告简述公告简述公告简述公告简述","msg_month":"5","msg_day":"31","msg_img":"img\/images.jpg"},{"msg_id":null,"msg_title":"公告标题公告标题公告标题20220601","msg_sub_title":"公告子标题20220601","msg_time":"2022-06-01 15:34:00","msg_short_desc":"20220601公告简述公告简述公告简述公告简述公告简述公告简述公告简述公告简述公告简述公告简述公告简述","msg_month":"6","msg_day":"1","msg_img":"img\/images.jpg"}]}]
2022-07-05 14:51:16 debug {"exp_time":"1657006691","admin_id":"36","grp_id":"9"}
2022-07-05 14:51:16 debug 失效时间：1657006691 系统时间：1657003876
2022-07-05 14:51:16 debug [{"has_more":false,"msg_list":[{"msg_id":null,"msg_title":"公告标题公告标题公告标题20220531","msg_sub_title":"公告子标题20220531","msg_time":"2022-05-31 15:34:00","msg_short_desc":"20220531公告简述公告简述公告简述公告简述公告简述公告简述公告简述公告简述公告简述公告简述公告简述","msg_month":"5","msg_day":"31","msg_img":"img\/images.jpg"},{"msg_id":null,"msg_title":"公告标题公告标题公告标题20220601","msg_sub_title":"公告子标题20220601","msg_time":"2022-06-01 15:34:00","msg_short_desc":"20220601公告简述公告简述公告简述公告简述公告简述公告简述公告简述公告简述公告简述公告简述公告简述","msg_month":"6","msg_day":"1","msg_img":"img\/images.jpg"}]}]
2022-07-05 14:51:17 debug {"exp_time":"1657006691","admin_id":"36","grp_id":"9"}
2022-07-05 14:51:17 debug 失效时间：1657006691 系统时间：1657003877
2022-07-05 14:51:17 debug [{"has_more":false,"msg_list":[{"msg_id":null,"msg_title":"公告标题公告标题公告标题20220531","msg_sub_title":"公告子标题20220531","msg_time":"2022-05-31 15:34:00","msg_short_desc":"20220531公告简述公告简述公告简述公告简述公告简述公告简述公告简述公告简述公告简述公告简述公告简述","msg_month":"5","msg_day":"31","msg_img":"img\/images.jpg"},{"msg_id":null,"msg_title":"公告标题公告标题公告标题20220601","msg_sub_title":"公告子标题20220601","msg_time":"2022-06-01 15:34:00","msg_short_desc":"20220601公告简述公告简述公告简述公告简述公告简述公告简述公告简述公告简述公告简述公告简述公告简述","msg_month":"6","msg_day":"1","msg_img":"img\/images.jpg"}]}]
