2022-07-04 14:35:13 debug [{"token":"B4C24F40-F31C-4416-9CC8-7B5879C02A65","org_list":[{"org_id":"9","org_name":"长兴天下牧业","org_ico":null},{"org_id":"10","org_name":"柯坪天下牧业","org_ico":null}]}]
2022-07-04 16:45:15 debug {"exp_time":"1656920113","admin_id":"36","grp_id":"9"}
2022-07-04 16:45:15 debug 失效时间：1656920113 系统时间：1656924315
2022-07-04 17:51:05 debug {"exp_time":"1656920113","admin_id":"36","grp_id":"9"}
2022-07-04 17:51:05 debug 失效时间：1656920113 系统时间：1656928265
2022-07-04 17:52:05 debug {"exp_time":"1656920113","admin_id":"36","grp_id":"9"}
2022-07-04 17:52:05 debug 失效时间：1656920113 系统时间：1656928325
2022-07-04 17:53:38 debug {"exp_time":"1656920113","admin_id":"36","grp_id":"9"}
2022-07-04 17:53:38 debug 失效时间：1656920113 系统时间：1656928418
2022-07-04 17:54:02 debug {"exp_time":"1656920113","admin_id":"36","grp_id":"9"}
2022-07-04 17:54:02 debug 失效时间：1656920113 系统时间：1656928442
2022-07-04 17:59:15 debug {"exp_time":"1656920113","admin_id":"36","grp_id":"9"}
2022-07-04 17:59:15 debug 失效时间：1656920113 系统时间：1656928755
2022-07-04 18:00:16 debug {"exp_time":"1656920113","admin_id":"36","grp_id":"9"}
2022-07-04 18:00:16 debug 失效时间：1656920113 系统时间：1656928816
2022-07-04 18:00:27 debug {"exp_time":"1656920113","admin_id":"36","grp_id":"9"}
2022-07-04 18:00:27 debug 失效时间：1656920113 系统时间：1656928827
2022-07-04 18:00:30 debug {"exp_time":"1656920113","admin_id":"36","grp_id":"9"}
2022-07-04 18:00:30 debug 失效时间：1656920113 系统时间：1656928830
2022-07-04 18:00:40 debug {"exp_time":"1656920113","admin_id":"36","grp_id":"9"}
2022-07-04 18:00:40 debug 失效时间：1656920113 系统时间：1656928840
2022-07-04 18:00:44 debug {"exp_time":"1656920113","admin_id":"36","grp_id":"9"}
2022-07-04 18:00:44 debug 失效时间：1656920113 系统时间：1656928844
2022-07-04 18:01:09 debug {"exp_time":"1656920113","admin_id":"36","grp_id":"9"}
2022-07-04 18:01:09 debug 失效时间：1656920113 系统时间：1656928869
2022-07-04 18:01:14 debug {"exp_time":"1656920113","admin_id":"36","grp_id":"9"}
2022-07-04 18:01:14 debug 失效时间：1656920113 系统时间：1656928874
2022-07-04 18:01:33 debug {"exp_time":"1656920113","admin_id":"36","grp_id":"9"}
2022-07-04 18:01:33 debug 失效时间：1656920113 系统时间：1656928893
2022-07-04 18:03:05 debug {"exp_time":"1656920113","admin_id":"36","grp_id":"9"}
2022-07-04 18:03:05 debug 失效时间：1656920113 系统时间：1656928985
2022-07-04 18:06:27 debug 
2022-07-04 18:06:27 debug 失效时间：0 系统时间：1656929187
2022-07-04 18:07:49 debug 
2022-07-04 18:07:49 debug 失效时间：0 系统时间：1656929269
2022-07-04 18:07:52 debug 
2022-07-04 18:07:52 debug 失效时间：0 系统时间：1656929272
2022-07-04 18:08:02 debug 
2022-07-04 18:08:02 debug 失效时间：0 系统时间：1656929282
2022-07-04 18:08:19 debug [{"token":"75ABD9C9-78A5-43C0-9D3F-F9BA0814B5C1","org_list":[{"org_id":"9","org_name":"长兴天下牧业","org_ico":null},{"org_id":"10","org_name":"柯坪天下牧业","org_ico":null}]}]
2022-07-04 18:08:52 debug {"exp_time":"1656932899","admin_id":"36","grp_id":"9"}
2022-07-04 18:08:52 debug 失效时间：1656932899 系统时间：1656929332
2022-07-04 18:08:54 debug {"exp_time":"1656932899","admin_id":"36","grp_id":"9"}
2022-07-04 18:08:54 debug 失效时间：1656932899 系统时间：1656929334
2022-07-04 18:12:52 debug {"exp_time":"1656932899","admin_id":"36","grp_id":"9"}
2022-07-04 18:12:52 debug 失效时间：1656932899 系统时间：1656929572
2022-07-04 18:12:52 debug [{"has_more":false,"msg_list":[{"msg_id":null,"msg_title":"公告标题公告标题公告标题20220531","msg_sub_title":"公告子标题20220531","msg_time":"2022-05-31 15:34:00","msg_short_desc":"20220531公告简述公告简述公告简述公告简述公告简述公告简述公告简述公告简述公告简述公告简述公告简述","msg_month":"5","msg_day":"31","msg_img":"img\/images.jpg"},{"msg_id":null,"msg_title":"公告标题公告标题公告标题20220601","msg_sub_title":"公告子标题20220601","msg_time":"2022-06-01 15:34:00","msg_short_desc":"20220601公告简述公告简述公告简述公告简述公告简述公告简述公告简述公告简述公告简述公告简述公告简述","msg_month":"6","msg_day":"1","msg_img":"img\/images.jpg"}]}]
2022-07-04 18:15:56 debug {"exp_time":"1656932899","admin_id":"36","grp_id":"9"}
2022-07-04 18:15:56 debug 失效时间：1656932899 系统时间：1656929756
2022-07-04 18:16:48 debug {"exp_time":"1656932899","admin_id":"36","grp_id":"9"}
2022-07-04 18:16:48 debug 失效时间：1656932899 系统时间：1656929808
2022-07-04 18:16:48 debug [{"has_more":false,"msg_list":[{"msg_id":null,"msg_title":"公告标题公告标题公告标题20220531","msg_sub_title":"公告子标题20220531","msg_time":"2022-05-31 15:34:00","msg_short_desc":"20220531公告简述公告简述公告简述公告简述公告简述公告简述公告简述公告简述公告简述公告简述公告简述","msg_month":"5","msg_day":"31","msg_img":"img\/images.jpg"},{"msg_id":null,"msg_title":"公告标题公告标题公告标题20220601","msg_sub_title":"公告子标题20220601","msg_time":"2022-06-01 15:34:00","msg_short_desc":"20220601公告简述公告简述公告简述公告简述公告简述公告简述公告简述公告简述公告简述公告简述公告简述","msg_month":"6","msg_day":"1","msg_img":"img\/images.jpg"}]}]
2022-07-04 18:16:52 debug {"exp_time":"1656932899","admin_id":"36","grp_id":"9"}
2022-07-04 18:16:52 debug 失效时间：1656932899 系统时间：1656929812
2022-07-04 18:16:52 debug [{"has_more":false,"msg_list":[{"msg_id":null,"msg_title":"公告标题公告标题公告标题20220531","msg_sub_title":"公告子标题20220531","msg_time":"2022-05-31 15:34:00","msg_short_desc":"20220531公告简述公告简述公告简述公告简述公告简述公告简述公告简述公告简述公告简述公告简述公告简述","msg_month":"5","msg_day":"31","msg_img":"img\/images.jpg"},{"msg_id":null,"msg_title":"公告标题公告标题公告标题20220601","msg_sub_title":"公告子标题20220601","msg_time":"2022-06-01 15:34:00","msg_short_desc":"20220601公告简述公告简述公告简述公告简述公告简述公告简述公告简述公告简述公告简述公告简述公告简述","msg_month":"6","msg_day":"1","msg_img":"img\/images.jpg"}]}]
2022-07-04 18:17:23 debug {"exp_time":"1656932899","admin_id":"36","grp_id":"9"}
2022-07-04 18:17:23 debug 失效时间：1656932899 系统时间：1656929843
2022-07-04 18:17:23 debug [{"has_more":false,"msg_list":[{"msg_id":null,"msg_title":"公告标题公告标题公告标题20220531","msg_sub_title":"公告子标题20220531","msg_time":"2022-05-31 15:34:00","msg_short_desc":"20220531公告简述公告简述公告简述公告简述公告简述公告简述公告简述公告简述公告简述公告简述公告简述","msg_month":"5","msg_day":"31","msg_img":"img\/images.jpg"},{"msg_id":null,"msg_title":"公告标题公告标题公告标题20220601","msg_sub_title":"公告子标题20220601","msg_time":"2022-06-01 15:34:00","msg_short_desc":"20220601公告简述公告简述公告简述公告简述公告简述公告简述公告简述公告简述公告简述公告简述公告简述","msg_month":"6","msg_day":"1","msg_img":"img\/images.jpg"}]}]
2022-07-04 18:19:23 debug {"exp_time":"1656932899","admin_id":"36","grp_id":"9"}
2022-07-04 18:19:23 debug 失效时间：1656932899 系统时间：1656929963
2022-07-04 18:19:23 debug [{"has_more":false,"msg_list":[{"msg_id":null,"msg_title":"公告标题公告标题公告标题20220531","msg_sub_title":"公告子标题20220531","msg_time":"2022-05-31 15:34:00","msg_short_desc":"20220531公告简述公告简述公告简述公告简述公告简述公告简述公告简述公告简述公告简述公告简述公告简述","msg_month":"5","msg_day":"31","msg_img":"img\/images.jpg"},{"msg_id":null,"msg_title":"公告标题公告标题公告标题20220601","msg_sub_title":"公告子标题20220601","msg_time":"2022-06-01 15:34:00","msg_short_desc":"20220601公告简述公告简述公告简述公告简述公告简述公告简述公告简述公告简述公告简述公告简述公告简述","msg_month":"6","msg_day":"1","msg_img":"img\/images.jpg"}]}]
2022-07-04 18:19:26 debug {"exp_time":"1656932899","admin_id":"36","grp_id":"9"}
2022-07-04 18:19:26 debug 失效时间：1656932899 系统时间：1656929966
2022-07-04 18:19:26 debug [{"has_more":false,"msg_list":[{"msg_id":null,"msg_title":"公告标题公告标题公告标题20220531","msg_sub_title":"公告子标题20220531","msg_time":"2022-05-31 15:34:00","msg_short_desc":"20220531公告简述公告简述公告简述公告简述公告简述公告简述公告简述公告简述公告简述公告简述公告简述","msg_month":"5","msg_day":"31","msg_img":"img\/images.jpg"},{"msg_id":null,"msg_title":"公告标题公告标题公告标题20220601","msg_sub_title":"公告子标题20220601","msg_time":"2022-06-01 15:34:00","msg_short_desc":"20220601公告简述公告简述公告简述公告简述公告简述公告简述公告简述公告简述公告简述公告简述公告简述","msg_month":"6","msg_day":"1","msg_img":"img\/images.jpg"}]}]
2022-07-04 18:19:39 debug {"exp_time":"1656932899","admin_id":"36","grp_id":"9"}
2022-07-04 18:19:39 debug 失效时间：1656932899 系统时间：1656929979
2022-07-04 18:19:39 debug [{"has_more":false,"msg_list":[{"msg_id":null,"msg_title":"公告标题公告标题公告标题20220531","msg_sub_title":"公告子标题20220531","msg_time":"2022-05-31 15:34:00","msg_short_desc":"20220531公告简述公告简述公告简述公告简述公告简述公告简述公告简述公告简述公告简述公告简述公告简述","msg_month":"5","msg_day":"31","msg_img":"img\/images.jpg"},{"msg_id":null,"msg_title":"公告标题公告标题公告标题20220601","msg_sub_title":"公告子标题20220601","msg_time":"2022-06-01 15:34:00","msg_short_desc":"20220601公告简述公告简述公告简述公告简述公告简述公告简述公告简述公告简述公告简述公告简述公告简述","msg_month":"6","msg_day":"1","msg_img":"img\/images.jpg"}]}]
2022-07-04 18:20:51 debug {"exp_time":"1656932899","admin_id":"36","grp_id":"9"}
2022-07-04 18:20:51 debug 失效时间：1656932899 系统时间：1656930051
2022-07-04 18:20:51 debug [{"has_more":false,"msg_list":[{"msg_id":null,"msg_title":"公告标题公告标题公告标题20220531","msg_sub_title":"公告子标题20220531","msg_time":"2022-05-31 15:34:00","msg_short_desc":"20220531公告简述公告简述公告简述公告简述公告简述公告简述公告简述公告简述公告简述公告简述公告简述","msg_month":"5","msg_day":"31","msg_img":"img\/images.jpg"},{"msg_id":null,"msg_title":"公告标题公告标题公告标题20220601","msg_sub_title":"公告子标题20220601","msg_time":"2022-06-01 15:34:00","msg_short_desc":"20220601公告简述公告简述公告简述公告简述公告简述公告简述公告简述公告简述公告简述公告简述公告简述","msg_month":"6","msg_day":"1","msg_img":"img\/images.jpg"}]}]
2022-07-04 18:20:57 debug {"exp_time":"1656932899","admin_id":"36","grp_id":"9"}
2022-07-04 18:20:57 debug 失效时间：1656932899 系统时间：1656930057
2022-07-04 18:20:57 debug [{"has_more":false,"msg_list":[{"msg_id":null,"msg_title":"公告标题公告标题公告标题20220531","msg_sub_title":"公告子标题20220531","msg_time":"2022-05-31 15:34:00","msg_short_desc":"20220531公告简述公告简述公告简述公告简述公告简述公告简述公告简述公告简述公告简述公告简述公告简述","msg_month":"5","msg_day":"31","msg_img":"img\/images.jpg"},{"msg_id":null,"msg_title":"公告标题公告标题公告标题20220601","msg_sub_title":"公告子标题20220601","msg_time":"2022-06-01 15:34:00","msg_short_desc":"20220601公告简述公告简述公告简述公告简述公告简述公告简述公告简述公告简述公告简述公告简述公告简述","msg_month":"6","msg_day":"1","msg_img":"img\/images.jpg"}]}]
2022-07-04 18:21:41 debug {"exp_time":"1656932899","admin_id":"36","grp_id":"9"}
2022-07-04 18:21:41 debug 失效时间：1656932899 系统时间：1656930101
2022-07-04 18:21:41 debug [{"has_more":false,"msg_list":[{"msg_id":null,"msg_title":"公告标题公告标题公告标题20220531","msg_sub_title":"公告子标题20220531","msg_time":"2022-05-31 15:34:00","msg_short_desc":"20220531公告简述公告简述公告简述公告简述公告简述公告简述公告简述公告简述公告简述公告简述公告简述","msg_month":"5","msg_day":"31","msg_img":"img\/images.jpg"},{"msg_id":null,"msg_title":"公告标题公告标题公告标题20220601","msg_sub_title":"公告子标题20220601","msg_time":"2022-06-01 15:34:00","msg_short_desc":"20220601公告简述公告简述公告简述公告简述公告简述公告简述公告简述公告简述公告简述公告简述公告简述","msg_month":"6","msg_day":"1","msg_img":"img\/images.jpg"}]}]
2022-07-04 18:23:02 debug {"exp_time":"1656932899","admin_id":"36","grp_id":"9"}
2022-07-04 18:23:02 debug 失效时间：1656932899 系统时间：1656930182
2022-07-04 18:23:02 debug [{"has_more":false,"msg_list":[{"msg_id":null,"msg_title":"公告标题公告标题公告标题20220531","msg_sub_title":"公告子标题20220531","msg_time":"2022-05-31 15:34:00","msg_short_desc":"20220531公告简述公告简述公告简述公告简述公告简述公告简述公告简述公告简述公告简述公告简述公告简述","msg_month":"5","msg_day":"31","msg_img":"img\/images.jpg"},{"msg_id":null,"msg_title":"公告标题公告标题公告标题20220601","msg_sub_title":"公告子标题20220601","msg_time":"2022-06-01 15:34:00","msg_short_desc":"20220601公告简述公告简述公告简述公告简述公告简述公告简述公告简述公告简述公告简述公告简述公告简述","msg_month":"6","msg_day":"1","msg_img":"img\/images.jpg"}]}]
2022-07-04 18:23:26 debug {"exp_time":"1656932899","admin_id":"36","grp_id":"9"}
2022-07-04 18:23:26 debug 失效时间：1656932899 系统时间：1656930206
2022-07-04 18:23:34 debug {"exp_time":"1656932899","admin_id":"36","grp_id":"9"}
2022-07-04 18:23:34 debug 失效时间：1656932899 系统时间：1656930214
2022-07-04 18:24:52 debug {"exp_time":"1656932899","admin_id":"36","grp_id":"9"}
2022-07-04 18:24:52 debug 失效时间：1656932899 系统时间：1656930292
2022-07-04 18:24:52 debug [{"has_more":false,"msg_list":[{"msg_id":null,"msg_title":"公告标题公告标题公告标题20220531","msg_sub_title":"公告子标题20220531","msg_time":"2022-05-31 15:34:00","msg_short_desc":"20220531公告简述公告简述公告简述公告简述公告简述公告简述公告简述公告简述公告简述公告简述公告简述","msg_month":"5","msg_day":"31","msg_img":"img\/images.jpg"},{"msg_id":null,"msg_title":"公告标题公告标题公告标题20220601","msg_sub_title":"公告子标题20220601","msg_time":"2022-06-01 15:34:00","msg_short_desc":"20220601公告简述公告简述公告简述公告简述公告简述公告简述公告简述公告简述公告简述公告简述公告简述","msg_month":"6","msg_day":"1","msg_img":"img\/images.jpg"}]}]
2022-07-04 18:25:42 debug {"exp_time":"1656932899","admin_id":"36","grp_id":"9"}
2022-07-04 18:25:42 debug 失效时间：1656932899 系统时间：1656930342
2022-07-04 18:25:42 debug [{"has_more":false,"msg_list":[{"msg_id":null,"msg_title":"公告标题公告标题公告标题20220531","msg_sub_title":"公告子标题20220531","msg_time":"2022-05-31 15:34:00","msg_short_desc":"20220531公告简述公告简述公告简述公告简述公告简述公告简述公告简述公告简述公告简述公告简述公告简述","msg_month":"5","msg_day":"31","msg_img":"img\/images.jpg"},{"msg_id":null,"msg_title":"公告标题公告标题公告标题20220601","msg_sub_title":"公告子标题20220601","msg_time":"2022-06-01 15:34:00","msg_short_desc":"20220601公告简述公告简述公告简述公告简述公告简述公告简述公告简述公告简述公告简述公告简述公告简述","msg_month":"6","msg_day":"1","msg_img":"img\/images.jpg"}]}]
2022-07-04 18:25:47 debug {"exp_time":"1656932899","admin_id":"36","grp_id":"9"}
2022-07-04 18:25:47 debug 失效时间：1656932899 系统时间：1656930347
2022-07-04 18:25:47 debug [{"has_more":false,"msg_list":[{"msg_id":null,"msg_title":"公告标题公告标题公告标题20220531","msg_sub_title":"公告子标题20220531","msg_time":"2022-05-31 15:34:00","msg_short_desc":"20220531公告简述公告简述公告简述公告简述公告简述公告简述公告简述公告简述公告简述公告简述公告简述","msg_month":"5","msg_day":"31","msg_img":"img\/images.jpg"},{"msg_id":null,"msg_title":"公告标题公告标题公告标题20220601","msg_sub_title":"公告子标题20220601","msg_time":"2022-06-01 15:34:00","msg_short_desc":"20220601公告简述公告简述公告简述公告简述公告简述公告简述公告简述公告简述公告简述公告简述公告简述","msg_month":"6","msg_day":"1","msg_img":"img\/images.jpg"}]}]
2022-07-04 18:25:50 debug {"exp_time":"1656932899","admin_id":"36","grp_id":"9"}
2022-07-04 18:25:50 debug 失效时间：1656932899 系统时间：1656930350
2022-07-04 18:25:50 debug [{"has_more":false,"msg_list":[{"msg_id":null,"msg_title":"公告标题公告标题公告标题20220531","msg_sub_title":"公告子标题20220531","msg_time":"2022-05-31 15:34:00","msg_short_desc":"20220531公告简述公告简述公告简述公告简述公告简述公告简述公告简述公告简述公告简述公告简述公告简述","msg_month":"5","msg_day":"31","msg_img":"img\/images.jpg"},{"msg_id":null,"msg_title":"公告标题公告标题公告标题20220601","msg_sub_title":"公告子标题20220601","msg_time":"2022-06-01 15:34:00","msg_short_desc":"20220601公告简述公告简述公告简述公告简述公告简述公告简述公告简述公告简述公告简述公告简述公告简述","msg_month":"6","msg_day":"1","msg_img":"img\/images.jpg"}]}]
2022-07-04 18:26:37 debug {"exp_time":"1656932899","admin_id":"36","grp_id":"9"}
2022-07-04 18:26:37 debug 失效时间：1656932899 系统时间：1656930397
2022-07-04 18:26:37 debug [{"has_more":false,"msg_list":[{"msg_id":null,"msg_title":"公告标题公告标题公告标题20220531","msg_sub_title":"公告子标题20220531","msg_time":"2022-05-31 15:34:00","msg_short_desc":"20220531公告简述公告简述公告简述公告简述公告简述公告简述公告简述公告简述公告简述公告简述公告简述","msg_month":"5","msg_day":"31","msg_img":"img\/images.jpg"},{"msg_id":null,"msg_title":"公告标题公告标题公告标题20220601","msg_sub_title":"公告子标题20220601","msg_time":"2022-06-01 15:34:00","msg_short_desc":"20220601公告简述公告简述公告简述公告简述公告简述公告简述公告简述公告简述公告简述公告简述公告简述","msg_month":"6","msg_day":"1","msg_img":"img\/images.jpg"}]}]
2022-07-04 18:27:35 debug {"exp_time":"1656932899","admin_id":"36","grp_id":"9"}
2022-07-04 18:27:35 debug 失效时间：1656932899 系统时间：1656930455
2022-07-04 18:27:35 debug [{"has_more":false,"msg_list":[]}]
2022-07-04 18:27:52 debug {"exp_time":"1656932899","admin_id":"36","grp_id":"9"}
2022-07-04 18:27:52 debug 失效时间：1656932899 系统时间：1656930472
2022-07-04 18:27:52 debug [{"has_more":false,"msg_list":[{"msg_id":null,"msg_title":"公告标题公告标题公告标题20220531","msg_sub_title":"公告子标题20220531","msg_time":"2022-05-31 15:34:00","msg_short_desc":"20220531公告简述公告简述公告简述公告简述公告简述公告简述公告简述公告简述公告简述公告简述公告简述","msg_month":"5","msg_day":"31","msg_img":"img\/images.jpg"},{"msg_id":null,"msg_title":"公告标题公告标题公告标题20220601","msg_sub_title":"公告子标题20220601","msg_time":"2022-06-01 15:34:00","msg_short_desc":"20220601公告简述公告简述公告简述公告简述公告简述公告简述公告简述公告简述公告简述公告简述公告简述","msg_month":"6","msg_day":"1","msg_img":"img\/images.jpg"}]}]
2022-07-04 18:28:50 debug {"exp_time":"1656932899","admin_id":"36","grp_id":"9"}
2022-07-04 18:28:50 debug 失效时间：1656932899 系统时间：1656930530
2022-07-04 18:28:50 debug [{"has_more":false,"msg_list":[{"msg_id":null,"msg_title":"公告标题公告标题公告标题20220531","msg_sub_title":"公告子标题20220531","msg_time":"2022-05-31 15:34:00","msg_short_desc":"20220531公告简述公告简述公告简述公告简述公告简述公告简述公告简述公告简述公告简述公告简述公告简述","msg_month":"5","msg_day":"31","msg_img":"img\/images.jpg"},{"msg_id":null,"msg_title":"公告标题公告标题公告标题20220601","msg_sub_title":"公告子标题20220601","msg_time":"2022-06-01 15:34:00","msg_short_desc":"20220601公告简述公告简述公告简述公告简述公告简述公告简述公告简述公告简述公告简述公告简述公告简述","msg_month":"6","msg_day":"1","msg_img":"img\/images.jpg"}]}]
2022-07-04 18:29:26 debug {"exp_time":"1656932899","admin_id":"36","grp_id":"9"}
2022-07-04 18:29:26 debug 失效时间：1656932899 系统时间：1656930566
2022-07-04 18:29:26 debug [{"has_more":false,"msg_list":[{"msg_id":null,"msg_title":"公告标题公告标题公告标题20220531","msg_sub_title":"公告子标题20220531","msg_time":"2022-05-31 15:34:00","msg_short_desc":"20220531公告简述公告简述公告简述公告简述公告简述公告简述公告简述公告简述公告简述公告简述公告简述","msg_month":"5","msg_day":"31","msg_img":"img\/images.jpg"},{"msg_id":null,"msg_title":"公告标题公告标题公告标题20220601","msg_sub_title":"公告子标题20220601","msg_time":"2022-06-01 15:34:00","msg_short_desc":"20220601公告简述公告简述公告简述公告简述公告简述公告简述公告简述公告简述公告简述公告简述公告简述","msg_month":"6","msg_day":"1","msg_img":"img\/images.jpg"}]}]
2022-07-04 18:29:39 debug {"exp_time":"1656932899","admin_id":"36","grp_id":"9"}
2022-07-04 18:29:39 debug 失效时间：1656932899 系统时间：1656930579
2022-07-04 18:29:39 debug [{"has_more":false,"msg_list":[{"msg_id":null,"msg_title":"公告标题公告标题公告标题20220531","msg_sub_title":"公告子标题20220531","msg_time":"2022-05-31 15:34:00","msg_short_desc":"20220531公告简述公告简述公告简述公告简述公告简述公告简述公告简述公告简述公告简述公告简述公告简述","msg_month":"5","msg_day":"31","msg_img":"img\/images.jpg"},{"msg_id":null,"msg_title":"公告标题公告标题公告标题20220601","msg_sub_title":"公告子标题20220601","msg_time":"2022-06-01 15:34:00","msg_short_desc":"20220601公告简述公告简述公告简述公告简述公告简述公告简述公告简述公告简述公告简述公告简述公告简述","msg_month":"6","msg_day":"1","msg_img":"img\/images.jpg"}]}]
2022-07-04 18:31:08 debug {"exp_time":"1656932899","admin_id":"36","grp_id":"9"}
2022-07-04 18:31:08 debug 失效时间：1656932899 系统时间：1656930668
2022-07-04 18:31:08 debug [{"has_more":false,"msg_list":[{"msg_id":null,"msg_title":"公告标题公告标题公告标题20220531","msg_sub_title":"公告子标题20220531","msg_time":"2022-05-31 15:34:00","msg_short_desc":"20220531公告简述公告简述公告简述公告简述公告简述公告简述公告简述公告简述公告简述公告简述公告简述","msg_month":"5","msg_day":"31","msg_img":"img\/images.jpg"},{"msg_id":null,"msg_title":"公告标题公告标题公告标题20220601","msg_sub_title":"公告子标题20220601","msg_time":"2022-06-01 15:34:00","msg_short_desc":"20220601公告简述公告简述公告简述公告简述公告简述公告简述公告简述公告简述公告简述公告简述公告简述","msg_month":"6","msg_day":"1","msg_img":"img\/images.jpg"}]}]
2022-07-04 18:31:30 debug {"exp_time":"1656932899","admin_id":"36","grp_id":"9"}
2022-07-04 18:31:30 debug 失效时间：1656932899 系统时间：1656930690
2022-07-04 18:31:30 debug [{"has_more":false,"msg_list":[{"msg_id":null,"msg_title":"公告标题公告标题公告标题20220531","msg_sub_title":"公告子标题20220531","msg_time":"2022-05-31 15:34:00","msg_short_desc":"20220531公告简述公告简述公告简述公告简述公告简述公告简述公告简述公告简述公告简述公告简述公告简述","msg_month":"5","msg_day":"31","msg_img":"img\/images.jpg"},{"msg_id":null,"msg_title":"公告标题公告标题公告标题20220601","msg_sub_title":"公告子标题20220601","msg_time":"2022-06-01 15:34:00","msg_short_desc":"20220601公告简述公告简述公告简述公告简述公告简述公告简述公告简述公告简述公告简述公告简述公告简述","msg_month":"6","msg_day":"1","msg_img":"img\/images.jpg"}]}]
2022-07-04 18:31:36 debug {"exp_time":"1656932899","admin_id":"36","grp_id":"9"}
2022-07-04 18:31:36 debug 失效时间：1656932899 系统时间：1656930696
2022-07-04 18:31:36 debug [{"has_more":false,"msg_list":[{"msg_id":null,"msg_title":"公告标题公告标题公告标题20220531","msg_sub_title":"公告子标题20220531","msg_time":"2022-05-31 15:34:00","msg_short_desc":"20220531公告简述公告简述公告简述公告简述公告简述公告简述公告简述公告简述公告简述公告简述公告简述","msg_month":"5","msg_day":"31","msg_img":"img\/images.jpg"},{"msg_id":null,"msg_title":"公告标题公告标题公告标题20220601","msg_sub_title":"公告子标题20220601","msg_time":"2022-06-01 15:34:00","msg_short_desc":"20220601公告简述公告简述公告简述公告简述公告简述公告简述公告简述公告简述公告简述公告简述公告简述","msg_month":"6","msg_day":"1","msg_img":"img\/images.jpg"}]}]
2022-07-04 18:31:48 debug {"exp_time":"1656932899","admin_id":"36","grp_id":"9"}
2022-07-04 18:31:48 debug 失效时间：1656932899 系统时间：1656930708
2022-07-04 18:31:48 debug [{"has_more":false,"msg_list":[{"msg_id":null,"msg_title":"公告标题公告标题公告标题20220531","msg_sub_title":"公告子标题20220531","msg_time":"2022-05-31 15:34:00","msg_short_desc":"20220531公告简述公告简述公告简述公告简述公告简述公告简述公告简述公告简述公告简述公告简述公告简述","msg_month":"5","msg_day":"31","msg_img":"img\/images.jpg"},{"msg_id":null,"msg_title":"公告标题公告标题公告标题20220601","msg_sub_title":"公告子标题20220601","msg_time":"2022-06-01 15:34:00","msg_short_desc":"20220601公告简述公告简述公告简述公告简述公告简述公告简述公告简述公告简述公告简述公告简述公告简述","msg_month":"6","msg_day":"1","msg_img":"img\/images.jpg"}]}]
2022-07-04 18:31:52 debug {"exp_time":"1656932899","admin_id":"36","grp_id":"9"}
2022-07-04 18:31:52 debug 失效时间：1656932899 系统时间：1656930712
2022-07-04 18:31:52 debug [{"has_more":false,"msg_list":[]}]
2022-07-04 18:32:06 debug {"exp_time":"1656932899","admin_id":"36","grp_id":"9"}
2022-07-04 18:32:06 debug 失效时间：1656932899 系统时间：1656930726
2022-07-04 18:32:06 debug [{"has_more":false,"msg_list":[{"msg_id":null,"msg_title":"公告标题公告标题公告标题20220531","msg_sub_title":"公告子标题20220531","msg_time":"2022-05-31 15:34:00","msg_short_desc":"20220531公告简述公告简述公告简述公告简述公告简述公告简述公告简述公告简述公告简述公告简述公告简述","msg_month":"5","msg_day":"31","msg_img":"img\/images.jpg"},{"msg_id":null,"msg_title":"公告标题公告标题公告标题20220601","msg_sub_title":"公告子标题20220601","msg_time":"2022-06-01 15:34:00","msg_short_desc":"20220601公告简述公告简述公告简述公告简述公告简述公告简述公告简述公告简述公告简述公告简述公告简述","msg_month":"6","msg_day":"1","msg_img":"img\/images.jpg"}]}]
2022-07-04 18:32:09 debug {"exp_time":"1656932899","admin_id":"36","grp_id":"9"}
2022-07-04 18:32:09 debug 失效时间：1656932899 系统时间：1656930729
2022-07-04 18:32:09 debug [{"has_more":false,"msg_list":[{"msg_id":null,"msg_title":"公告标题公告标题公告标题20220531","msg_sub_title":"公告子标题20220531","msg_time":"2022-05-31 15:34:00","msg_short_desc":"20220531公告简述公告简述公告简述公告简述公告简述公告简述公告简述公告简述公告简述公告简述公告简述","msg_month":"5","msg_day":"31","msg_img":"img\/images.jpg"}]}]
2022-07-04 18:32:12 debug {"exp_time":"1656932899","admin_id":"36","grp_id":"9"}
2022-07-04 18:32:12 debug 失效时间：1656932899 系统时间：1656930732
2022-07-04 18:32:12 debug [{"has_more":false,"msg_list":[{"msg_id":null,"msg_title":"公告标题公告标题公告标题20220531","msg_sub_title":"公告子标题20220531","msg_time":"2022-05-31 15:34:00","msg_short_desc":"20220531公告简述公告简述公告简述公告简述公告简述公告简述公告简述公告简述公告简述公告简述公告简述","msg_month":"5","msg_day":"31","msg_img":"img\/images.jpg"},{"msg_id":null,"msg_title":"公告标题公告标题公告标题20220601","msg_sub_title":"公告子标题20220601","msg_time":"2022-06-01 15:34:00","msg_short_desc":"20220601公告简述公告简述公告简述公告简述公告简述公告简述公告简述公告简述公告简述公告简述公告简述","msg_month":"6","msg_day":"1","msg_img":"img\/images.jpg"}]}]
2022-07-04 18:35:06 debug {"exp_time":"1656932899","admin_id":"36","grp_id":"9"}
2022-07-04 18:35:06 debug 失效时间：1656932899 系统时间：1656930906
2022-07-04 18:35:06 debug [{"has_more":false,"msg_list":[{"msg_id":null,"msg_title":"公告标题公告标题公告标题20220531","msg_sub_title":"公告子标题20220531","msg_time":"2022-05-31 15:34:00","msg_short_desc":"20220531公告简述公告简述公告简述公告简述公告简述公告简述公告简述公告简述公告简述公告简述公告简述","msg_month":"5","msg_day":"31","msg_img":"img\/images.jpg"},{"msg_id":null,"msg_title":"公告标题公告标题公告标题20220601","msg_sub_title":"公告子标题20220601","msg_time":"2022-06-01 15:34:00","msg_short_desc":"20220601公告简述公告简述公告简述公告简述公告简述公告简述公告简述公告简述公告简述公告简述公告简述","msg_month":"6","msg_day":"1","msg_img":"img\/images.jpg"}]}]
2022-07-04 18:35:19 debug {"exp_time":"1656932899","admin_id":"36","grp_id":"9"}
2022-07-04 18:35:19 debug 失效时间：1656932899 系统时间：1656930919
2022-07-04 18:35:19 debug [{"has_more":false,"msg_list":[{"msg_id":null,"msg_title":"公告标题公告标题公告标题20220531","msg_sub_title":"公告子标题20220531","msg_time":"2022-05-31 15:34:00","msg_short_desc":"20220531公告简述公告简述公告简述公告简述公告简述公告简述公告简述公告简述公告简述公告简述公告简述","msg_month":"5","msg_day":"31","msg_img":"img\/images.jpg"},{"msg_id":null,"msg_title":"公告标题公告标题公告标题20220601","msg_sub_title":"公告子标题20220601","msg_time":"2022-06-01 15:34:00","msg_short_desc":"20220601公告简述公告简述公告简述公告简述公告简述公告简述公告简述公告简述公告简述公告简述公告简述","msg_month":"6","msg_day":"1","msg_img":"img\/images.jpg"}]}]
2022-07-04 18:35:28 debug {"exp_time":"1656932899","admin_id":"36","grp_id":"9"}
2022-07-04 18:35:28 debug 失效时间：1656932899 系统时间：1656930928
2022-07-04 18:35:28 debug [{"has_more":false,"msg_list":[{"msg_id":null,"msg_title":"公告标题公告标题公告标题20220531","msg_sub_title":"公告子标题20220531","msg_time":"2022-05-31 15:34:00","msg_short_desc":"20220531公告简述公告简述公告简述公告简述公告简述公告简述公告简述公告简述公告简述公告简述公告简述","msg_month":"5","msg_day":"31","msg_img":"img\/images.jpg"},{"msg_id":null,"msg_title":"公告标题公告标题公告标题20220601","msg_sub_title":"公告子标题20220601","msg_time":"2022-06-01 15:34:00","msg_short_desc":"20220601公告简述公告简述公告简述公告简述公告简述公告简述公告简述公告简述公告简述公告简述公告简述","msg_month":"6","msg_day":"1","msg_img":"img\/images.jpg"}]}]
2022-07-04 18:35:37 debug {"exp_time":"1656932899","admin_id":"36","grp_id":"9"}
2022-07-04 18:35:37 debug 失效时间：1656932899 系统时间：1656930937
2022-07-04 18:35:37 debug [{"has_more":false,"msg_list":[{"msg_id":null,"msg_title":"公告标题公告标题公告标题20220531","msg_sub_title":"公告子标题20220531","msg_time":"2022-05-31 15:34:00","msg_short_desc":"20220531公告简述公告简述公告简述公告简述公告简述公告简述公告简述公告简述公告简述公告简述公告简述","msg_month":"5","msg_day":"31","msg_img":"img\/images.jpg"},{"msg_id":null,"msg_title":"公告标题公告标题公告标题20220601","msg_sub_title":"公告子标题20220601","msg_time":"2022-06-01 15:34:00","msg_short_desc":"20220601公告简述公告简述公告简述公告简述公告简述公告简述公告简述公告简述公告简述公告简述公告简述","msg_month":"6","msg_day":"1","msg_img":"img\/images.jpg"}]}]
2022-07-04 18:35:48 debug {"exp_time":"1656932899","admin_id":"36","grp_id":"9"}
2022-07-04 18:35:48 debug 失效时间：1656932899 系统时间：1656930948
2022-07-04 18:35:48 debug [{"has_more":false,"msg_list":[{"msg_id":null,"msg_title":"公告标题公告标题公告标题20220531","msg_sub_title":"公告子标题20220531","msg_time":"2022-05-31 15:34:00","msg_short_desc":"20220531公告简述公告简述公告简述公告简述公告简述公告简述公告简述公告简述公告简述公告简述公告简述","msg_month":"5","msg_day":"31","msg_img":"img\/images.jpg"},{"msg_id":null,"msg_title":"公告标题公告标题公告标题20220601","msg_sub_title":"公告子标题20220601","msg_time":"2022-06-01 15:34:00","msg_short_desc":"20220601公告简述公告简述公告简述公告简述公告简述公告简述公告简述公告简述公告简述公告简述公告简述","msg_month":"6","msg_day":"1","msg_img":"img\/images.jpg"}]}]
2022-07-04 18:36:25 debug {"exp_time":"1656932899","admin_id":"36","grp_id":"9"}
2022-07-04 18:36:25 debug 失效时间：1656932899 系统时间：1656930985
2022-07-04 18:36:25 debug [{"has_more":false,"msg_list":[{"msg_id":null,"msg_title":"公告标题公告标题公告标题20220531","msg_sub_title":"公告子标题20220531","msg_time":"2022-05-31 15:34:00","msg_short_desc":"20220531公告简述公告简述公告简述公告简述公告简述公告简述公告简述公告简述公告简述公告简述公告简述","msg_month":"5","msg_day":"31","msg_img":"img\/images.jpg"},{"msg_id":null,"msg_title":"公告标题公告标题公告标题20220601","msg_sub_title":"公告子标题20220601","msg_time":"2022-06-01 15:34:00","msg_short_desc":"20220601公告简述公告简述公告简述公告简述公告简述公告简述公告简述公告简述公告简述公告简述公告简述","msg_month":"6","msg_day":"1","msg_img":"img\/images.jpg"}]}]
2022-07-04 18:37:08 debug {"exp_time":"1656932899","admin_id":"36","grp_id":"9"}
2022-07-04 18:37:08 debug 失效时间：1656932899 系统时间：1656931028
2022-07-04 18:37:08 debug [{"has_more":false,"msg_list":[{"msg_id":null,"msg_title":"公告标题公告标题公告标题20220531","msg_sub_title":"公告子标题20220531","msg_time":"2022-05-31 15:34:00","msg_short_desc":"20220531公告简述公告简述公告简述公告简述公告简述公告简述公告简述公告简述公告简述公告简述公告简述","msg_month":"5","msg_day":"31","msg_img":"img\/images.jpg"},{"msg_id":null,"msg_title":"公告标题公告标题公告标题20220601","msg_sub_title":"公告子标题20220601","msg_time":"2022-06-01 15:34:00","msg_short_desc":"20220601公告简述公告简述公告简述公告简述公告简述公告简述公告简述公告简述公告简述公告简述公告简述","msg_month":"6","msg_day":"1","msg_img":"img\/images.jpg"}]}]
2022-07-04 18:38:10 debug {"exp_time":"1656932899","admin_id":"36","grp_id":"9"}
2022-07-04 18:38:10 debug 失效时间：1656932899 系统时间：1656931090
2022-07-04 18:38:10 debug [{"has_more":false,"msg_list":[{"msg_id":null,"msg_title":"公告标题公告标题公告标题20220531","msg_sub_title":"公告子标题20220531","msg_time":"2022-05-31 15:34:00","msg_short_desc":"20220531公告简述公告简述公告简述公告简述公告简述公告简述公告简述公告简述公告简述公告简述公告简述","msg_month":"5","msg_day":"31","msg_img":"img\/images.jpg"},{"msg_id":null,"msg_title":"公告标题公告标题公告标题20220601","msg_sub_title":"公告子标题20220601","msg_time":"2022-06-01 15:34:00","msg_short_desc":"20220601公告简述公告简述公告简述公告简述公告简述公告简述公告简述公告简述公告简述公告简述公告简述","msg_month":"6","msg_day":"1","msg_img":"img\/images.jpg"}]}]
2022-07-04 18:38:25 debug {"exp_time":"1656932899","admin_id":"36","grp_id":"9"}
2022-07-04 18:38:25 debug 失效时间：1656932899 系统时间：1656931105
2022-07-04 18:38:25 debug [{"has_more":false,"msg_list":[{"msg_id":null,"msg_title":"公告标题公告标题公告标题20220531","msg_sub_title":"公告子标题20220531","msg_time":"2022-05-31 15:34:00","msg_short_desc":"20220531公告简述公告简述公告简述公告简述公告简述公告简述公告简述公告简述公告简述公告简述公告简述","msg_month":"5","msg_day":"31","msg_img":"img\/images.jpg"},{"msg_id":null,"msg_title":"公告标题公告标题公告标题20220601","msg_sub_title":"公告子标题20220601","msg_time":"2022-06-01 15:34:00","msg_short_desc":"20220601公告简述公告简述公告简述公告简述公告简述公告简述公告简述公告简述公告简述公告简述公告简述","msg_month":"6","msg_day":"1","msg_img":"img\/images.jpg"}]}]
2022-07-04 18:38:28 debug {"exp_time":"1656932899","admin_id":"36","grp_id":"9"}
2022-07-04 18:38:28 debug 失效时间：1656932899 系统时间：1656931108
2022-07-04 18:38:28 debug [{"has_more":false,"msg_list":[{"msg_id":null,"msg_title":"公告标题公告标题公告标题20220531","msg_sub_title":"公告子标题20220531","msg_time":"2022-05-31 15:34:00","msg_short_desc":"20220531公告简述公告简述公告简述公告简述公告简述公告简述公告简述公告简述公告简述公告简述公告简述","msg_month":"5","msg_day":"31","msg_img":"img\/images.jpg"},{"msg_id":null,"msg_title":"公告标题公告标题公告标题20220601","msg_sub_title":"公告子标题20220601","msg_time":"2022-06-01 15:34:00","msg_short_desc":"20220601公告简述公告简述公告简述公告简述公告简述公告简述公告简述公告简述公告简述公告简述公告简述","msg_month":"6","msg_day":"1","msg_img":"img\/images.jpg"}]}]
2022-07-04 18:39:04 debug {"exp_time":"1656932899","admin_id":"36","grp_id":"9"}
2022-07-04 18:39:04 debug 失效时间：1656932899 系统时间：1656931144
2022-07-04 18:39:04 debug [{"has_more":false,"msg_list":[{"msg_id":null,"msg_title":"公告标题公告标题公告标题20220531","msg_sub_title":"公告子标题20220531","msg_time":"2022-05-31 15:34:00","msg_short_desc":"20220531公告简述公告简述公告简述公告简述公告简述公告简述公告简述公告简述公告简述公告简述公告简述","msg_month":"5","msg_day":"31","msg_img":"img\/images.jpg"},{"msg_id":null,"msg_title":"公告标题公告标题公告标题20220601","msg_sub_title":"公告子标题20220601","msg_time":"2022-06-01 15:34:00","msg_short_desc":"20220601公告简述公告简述公告简述公告简述公告简述公告简述公告简述公告简述公告简述公告简述公告简述","msg_month":"6","msg_day":"1","msg_img":"img\/images.jpg"}]}]
2022-07-04 18:39:15 debug {"exp_time":"1656932899","admin_id":"36","grp_id":"9"}
2022-07-04 18:39:15 debug 失效时间：1656932899 系统时间：1656931155
2022-07-04 18:39:15 debug [{"has_more":false,"msg_list":[]}]
2022-07-04 18:39:34 debug {"exp_time":"1656932899","admin_id":"36","grp_id":"9"}
2022-07-04 18:39:34 debug 失效时间：1656932899 系统时间：1656931174
2022-07-04 18:39:34 debug [{"has_more":false,"msg_list":[]}]
2022-07-04 18:39:51 debug {"exp_time":"1656932899","admin_id":"36","grp_id":"9"}
2022-07-04 18:39:51 debug 失效时间：1656932899 系统时间：1656931191
2022-07-04 18:39:51 debug [{"has_more":false,"msg_list":[{"msg_id":null,"msg_title":"公告标题公告标题公告标题20220531","msg_sub_title":"公告子标题20220531","msg_time":"2022-05-31 15:34:00","msg_short_desc":"20220531公告简述公告简述公告简述公告简述公告简述公告简述公告简述公告简述公告简述公告简述公告简述","msg_month":"5","msg_day":"31","msg_img":"img\/images.jpg"},{"msg_id":null,"msg_title":"公告标题公告标题公告标题20220601","msg_sub_title":"公告子标题20220601","msg_time":"2022-06-01 15:34:00","msg_short_desc":"20220601公告简述公告简述公告简述公告简述公告简述公告简述公告简述公告简述公告简述公告简述公告简述","msg_month":"6","msg_day":"1","msg_img":"img\/images.jpg"}]}]
2022-07-04 18:40:28 debug {"exp_time":"1656932899","admin_id":"36","grp_id":"9"}
2022-07-04 18:40:28 debug 失效时间：1656932899 系统时间：1656931228
2022-07-04 18:40:50 debug {"exp_time":"1656932899","admin_id":"36","grp_id":"9"}
2022-07-04 18:40:50 debug 失效时间：1656932899 系统时间：1656931250
2022-07-04 18:41:40 debug {"exp_time":"1656932899","admin_id":"36","grp_id":"9"}
2022-07-04 18:41:40 debug 失效时间：1656932899 系统时间：1656931300
2022-07-04 18:44:03 debug {"exp_time":"1656932899","admin_id":"36","grp_id":"9"}
2022-07-04 18:44:03 debug 失效时间：1656932899 系统时间：1656931443
2022-07-04 18:44:21 debug {"exp_time":"1656932899","admin_id":"36","grp_id":"9"}
2022-07-04 18:44:21 debug 失效时间：1656932899 系统时间：1656931461
2022-07-04 18:44:45 debug {"exp_time":"1656932899","admin_id":"36","grp_id":"9"}
2022-07-04 18:44:45 debug 失效时间：1656932899 系统时间：1656931485
2022-07-04 18:45:45 debug {"exp_time":"1656932899","admin_id":"36","grp_id":"9"}
2022-07-04 18:45:45 debug 失效时间：1656932899 系统时间：1656931545
2022-07-04 18:46:46 debug {"exp_time":"1656932899","admin_id":"36","grp_id":"9"}
2022-07-04 18:46:46 debug 失效时间：1656932899 系统时间：1656931606
2022-07-04 18:47:27 debug {"exp_time":"1656932899","admin_id":"36","grp_id":"9"}
2022-07-04 18:47:27 debug 失效时间：1656932899 系统时间：1656931647
2022-07-04 18:47:43 debug {"exp_time":"1656932899","admin_id":"36","grp_id":"9"}
2022-07-04 18:47:43 debug 失效时间：1656932899 系统时间：1656931663
2022-07-04 18:48:11 debug {"exp_time":"1656932899","admin_id":"36","grp_id":"9"}
2022-07-04 18:48:11 debug 失效时间：1656932899 系统时间：1656931691
2022-07-04 18:48:29 debug {"exp_time":"1656932899","admin_id":"36","grp_id":"9"}
2022-07-04 18:48:29 debug 失效时间：1656932899 系统时间：1656931709
2022-07-04 18:48:36 debug {"exp_time":"1656932899","admin_id":"36","grp_id":"9"}
2022-07-04 18:48:36 debug 失效时间：1656932899 系统时间：1656931716
2022-07-04 18:48:44 debug {"exp_time":"1656932899","admin_id":"36","grp_id":"9"}
2022-07-04 18:48:44 debug 失效时间：1656932899 系统时间：1656931724
2022-07-04 18:48:44 debug [{"has_more":false,"msg_list":[{"msg_id":null,"msg_title":"公告标题公告标题公告标题20220531","msg_sub_title":"公告子标题20220531","msg_time":"2022-05-31 15:34:00","msg_short_desc":"20220531公告简述公告简述公告简述公告简述公告简述公告简述公告简述公告简述公告简述公告简述公告简述","msg_month":"5","msg_day":"31","msg_img":"img\/images.jpg"},{"msg_id":null,"msg_title":"公告标题公告标题公告标题20220601","msg_sub_title":"公告子标题20220601","msg_time":"2022-06-01 15:34:00","msg_short_desc":"20220601公告简述公告简述公告简述公告简述公告简述公告简述公告简述公告简述公告简述公告简述公告简述","msg_month":"6","msg_day":"1","msg_img":"img\/images.jpg"}]}]
2022-07-04 18:48:51 debug {"exp_time":"1656932899","admin_id":"36","grp_id":"9"}
2022-07-04 18:48:51 debug 失效时间：1656932899 系统时间：1656931731
2022-07-04 18:48:51 debug [{"has_more":false,"msg_list":[{"msg_id":null,"msg_title":"公告标题公告标题公告标题20220531","msg_sub_title":"公告子标题20220531","msg_time":"2022-05-31 15:34:00","msg_short_desc":"20220531公告简述公告简述公告简述公告简述公告简述公告简述公告简述公告简述公告简述公告简述公告简述","msg_month":"5","msg_day":"31","msg_img":"img\/images.jpg"},{"msg_id":null,"msg_title":"公告标题公告标题公告标题20220601","msg_sub_title":"公告子标题20220601","msg_time":"2022-06-01 15:34:00","msg_short_desc":"20220601公告简述公告简述公告简述公告简述公告简述公告简述公告简述公告简述公告简述公告简述公告简述","msg_month":"6","msg_day":"1","msg_img":"img\/images.jpg"}]}]
2022-07-04 18:49:05 debug {"exp_time":"1656932899","admin_id":"36","grp_id":"9"}
2022-07-04 18:49:05 debug 失效时间：1656932899 系统时间：1656931745
2022-07-04 18:49:05 debug [{"has_more":false,"msg_list":[{"msg_id":null,"msg_title":"公告标题公告标题公告标题20220531","msg_sub_title":"公告子标题20220531","msg_time":"2022-05-31 15:34:00","msg_short_desc":"20220531公告简述公告简述公告简述公告简述公告简述公告简述公告简述公告简述公告简述公告简述公告简述","msg_month":"5","msg_day":"31","msg_img":"img\/images.jpg"},{"msg_id":null,"msg_title":"公告标题公告标题公告标题20220601","msg_sub_title":"公告子标题20220601","msg_time":"2022-06-01 15:34:00","msg_short_desc":"20220601公告简述公告简述公告简述公告简述公告简述公告简述公告简述公告简述公告简述公告简述公告简述","msg_month":"6","msg_day":"1","msg_img":"img\/images.jpg"}]}]
2022-07-04 18:49:08 debug {"exp_time":"1656932899","admin_id":"36","grp_id":"9"}
2022-07-04 18:49:08 debug 失效时间：1656932899 系统时间：1656931748
2022-07-04 18:49:08 debug [{"has_more":false,"msg_list":[]}]
2022-07-04 18:49:11 debug {"exp_time":"1656932899","admin_id":"36","grp_id":"9"}
2022-07-04 18:49:11 debug 失效时间：1656932899 系统时间：1656931751
2022-07-04 18:49:11 debug [{"has_more":false,"msg_list":[{"msg_id":null,"msg_title":"公告标题公告标题公告标题20220601","msg_sub_title":"公告子标题20220601","msg_time":"2022-06-01 15:34:00","msg_short_desc":"20220601公告简述公告简述公告简述公告简述公告简述公告简述公告简述公告简述公告简述公告简述公告简述","msg_month":"6","msg_day":"1","msg_img":"img\/images.jpg"}]}]
2022-07-04 18:49:14 debug {"exp_time":"1656932899","admin_id":"36","grp_id":"9"}
2022-07-04 18:49:14 debug 失效时间：1656932899 系统时间：1656931754
2022-07-04 18:49:14 debug [{"has_more":false,"msg_list":[{"msg_id":null,"msg_title":"公告标题公告标题公告标题20220531","msg_sub_title":"公告子标题20220531","msg_time":"2022-05-31 15:34:00","msg_short_desc":"20220531公告简述公告简述公告简述公告简述公告简述公告简述公告简述公告简述公告简述公告简述公告简述","msg_month":"5","msg_day":"31","msg_img":"img\/images.jpg"},{"msg_id":null,"msg_title":"公告标题公告标题公告标题20220601","msg_sub_title":"公告子标题20220601","msg_time":"2022-06-01 15:34:00","msg_short_desc":"20220601公告简述公告简述公告简述公告简述公告简述公告简述公告简述公告简述公告简述公告简述公告简述","msg_month":"6","msg_day":"1","msg_img":"img\/images.jpg"}]}]
2022-07-04 18:49:16 debug {"exp_time":"1656932899","admin_id":"36","grp_id":"9"}
2022-07-04 18:49:16 debug 失效时间：1656932899 系统时间：1656931756
2022-07-04 18:49:16 debug [{"has_more":false,"msg_list":[{"msg_id":null,"msg_title":"公告标题公告标题公告标题20220531","msg_sub_title":"公告子标题20220531","msg_time":"2022-05-31 15:34:00","msg_short_desc":"20220531公告简述公告简述公告简述公告简述公告简述公告简述公告简述公告简述公告简述公告简述公告简述","msg_month":"5","msg_day":"31","msg_img":"img\/images.jpg"}]}]
2022-07-04 18:49:18 debug {"exp_time":"1656932899","admin_id":"36","grp_id":"9"}
2022-07-04 18:49:18 debug 失效时间：1656932899 系统时间：1656931758
2022-07-04 18:49:18 debug [{"has_more":false,"msg_list":[{"msg_id":null,"msg_title":"公告标题公告标题公告标题20220531","msg_sub_title":"公告子标题20220531","msg_time":"2022-05-31 15:34:00","msg_short_desc":"20220531公告简述公告简述公告简述公告简述公告简述公告简述公告简述公告简述公告简述公告简述公告简述","msg_month":"5","msg_day":"31","msg_img":"img\/images.jpg"},{"msg_id":null,"msg_title":"公告标题公告标题公告标题20220601","msg_sub_title":"公告子标题20220601","msg_time":"2022-06-01 15:34:00","msg_short_desc":"20220601公告简述公告简述公告简述公告简述公告简述公告简述公告简述公告简述公告简述公告简述公告简述","msg_month":"6","msg_day":"1","msg_img":"img\/images.jpg"}]}]
2022-07-04 18:49:46 debug {"exp_time":"1656932899","admin_id":"36","grp_id":"9"}
2022-07-04 18:49:46 debug 失效时间：1656932899 系统时间：1656931786
2022-07-04 18:49:46 debug [{"has_more":false,"msg_list":[{"msg_id":null,"msg_title":"公告标题公告标题公告标题20220531","msg_sub_title":"公告子标题20220531","msg_time":"2022-05-31 15:34:00","msg_short_desc":"20220531公告简述公告简述公告简述公告简述公告简述公告简述公告简述公告简述公告简述公告简述公告简述","msg_month":"5","msg_day":"31","msg_img":"img\/images.jpg"},{"msg_id":null,"msg_title":"公告标题公告标题公告标题20220601","msg_sub_title":"公告子标题20220601","msg_time":"2022-06-01 15:34:00","msg_short_desc":"20220601公告简述公告简述公告简述公告简述公告简述公告简述公告简述公告简述公告简述公告简述公告简述","msg_month":"6","msg_day":"1","msg_img":"img\/images.jpg"}]}]
2022-07-04 18:50:45 debug {"exp_time":"1656932899","admin_id":"36","grp_id":"9"}
2022-07-04 18:50:45 debug 失效时间：1656932899 系统时间：1656931845
2022-07-04 18:50:45 debug [{"has_more":false,"msg_list":[{"msg_id":null,"msg_title":"公告标题公告标题公告标题20220531","msg_sub_title":"公告子标题20220531","msg_time":"2022-05-31 15:34:00","msg_short_desc":"20220531公告简述公告简述公告简述公告简述公告简述公告简述公告简述公告简述公告简述公告简述公告简述","msg_month":"5","msg_day":"31","msg_img":"img\/images.jpg"},{"msg_id":null,"msg_title":"公告标题公告标题公告标题20220601","msg_sub_title":"公告子标题20220601","msg_time":"2022-06-01 15:34:00","msg_short_desc":"20220601公告简述公告简述公告简述公告简述公告简述公告简述公告简述公告简述公告简述公告简述公告简述","msg_month":"6","msg_day":"1","msg_img":"img\/images.jpg"}]}]
