2022-06-29 09:45:31 debug [{"token":"49C811BD-95D3-4ABA-A34C-B65B9D8D7639","org_list":[{"org_id":"9","org_name":"长兴天下牧业","org_ico":null},{"org_id":"10","org_name":"柯坪天下牧业","org_ico":null}]}]
2022-06-29 09:45:32 debug {"exp_time":"1656470731","admin_id":"36","grp_id":"9"}
2022-06-29 09:45:32 debug 失效时间：1656470731 系统时间：1656467132
2022-06-29 09:45:32 debug chanel保存成功
2022-06-29 14:00:12 debug [{"token":"D23500CB-3BAB-44F0-AE4A-B709DDF12428","org_list":[{"org_id":"9","org_name":"长兴天下牧业","org_ico":null},{"org_id":"10","org_name":"柯坪天下牧业","org_ico":null}]}]
2022-06-29 14:00:14 debug {"exp_time":"1656486012","admin_id":"36","grp_id":"9"}
2022-06-29 14:00:14 debug 失效时间：1656486012 系统时间：1656482414
2022-06-29 14:00:14 debug chanel保存成功
2022-06-29 15:01:57 debug [{"token":"28836CE7-3F58-41EB-9A7B-37D4EFEA4890","org_list":[{"org_id":"9","org_name":"长兴天下牧业","org_ico":null},{"org_id":"10","org_name":"柯坪天下牧业","org_ico":null}]}]
2022-06-29 15:01:57 debug {"exp_time":"1656489717","admin_id":"36","grp_id":"9"}
2022-06-29 15:01:57 debug 失效时间：1656489717 系统时间：1656486117
2022-06-29 15:01:58 debug chanel保存成功
2022-06-29 15:01:58 debug {"exp_time":"1656489717","admin_id":"36","grp_id":"9"}
2022-06-29 15:01:58 debug 失效时间：1656489717 系统时间：1656486118
2022-06-29 15:01:58 debug [{"token":"3D847574-23A5-4910-8BF4-3580A5509663","org_list":[]}]
2022-06-29 15:01:59 debug {"exp_time":"1656489718","admin_id":"36","grp_id":"9"}
2022-06-29 15:01:59 debug 失效时间：1656489718 系统时间：1656486119
2022-06-29 15:01:59 debug chanel保存成功
2022-06-29 15:02:08 debug {"exp_time":"1656489718","admin_id":"36","grp_id":"9"}
2022-06-29 15:02:08 debug 失效时间：1656489718 系统时间：1656486128
2022-06-29 15:02:08 debug [{"token":"4F836854-B2F2-48E3-ADC9-4BCF11FC621E","org_list":[]}]
2022-06-29 15:02:08 debug {"exp_time":"1656489728","admin_id":"36","grp_id":"9"}
2022-06-29 15:02:08 debug 失效时间：1656489728 系统时间：1656486128
2022-06-29 15:02:08 debug chanel保存成功
2022-06-29 17:04:57 debug 
2022-06-29 17:04:57 debug 失效时间：0 系统时间：1656493497
2022-06-29 17:04:57 debug 
2022-06-29 17:04:57 debug 失效时间：0 系统时间：1656493497
