2022-09-03 16:28:45 debug {"act":"api_msg_list","tp":1,"keyword":"","page":0,"size":20}
2022-09-03 16:28:46 debug {"exp_time":"1762686121","admin_id":"36","grp_id":"9"}
2022-09-03 16:28:46 debug 失效时间：1762686121 系统时间：1662193726
2022-09-03 16:28:46 debug act:api_msg_list
2022-09-03 16:28:46 debug ["api","msg","list"]
2022-09-03 16:28:46 debug [{"msg_id":"1","msg_title":"公告标题公告标题公告标题20220531","msg_sub_title":"公告子标题20220531","msg_time":"2022-05-31 15:34:00","msg_short_desc":"20220531公告简述公告简述公告简述公告简述公告简述公告简述公告简述公告简述公告简述公告简述公告简述","msg_desc":"公告详情公告详情公告详情公告详情公告详情公告详情","msg_img":"https:\/\/img01.yzcdn.cn\/vant\/cat.jpeg","grp_id":"9"},{"msg_id":"2","msg_title":"公告标题公告标题公告标题20220601","msg_sub_title":"公告子标题20220601","msg_time":"2022-06-01 15:34:00","msg_short_desc":"20220601公告简述公告简述公告简述公告简述公告简述公告简述公告简述公告简述公告简述公告简述公告简述","msg_desc":null,"msg_img":"https:\/\/img01.yzcdn.cn\/vant\/cat.jpeg","grp_id":"9"}]
2022-09-03 16:28:46 debug [{"has_more":false,"msg_list":[{"msg_id":"1","msg_title":"公告标题公告标题公告标题20220531","msg_sub_title":"公告子标题20220531","msg_time":"2022-05-31 15:34:00","msg_short_desc":"20220531公告简述公告简述公告简述公告简述公告简述公告简述公告简述公告简述公告简述公告简述公告简述","msg_month":"5","msg_day":"31","msg_img":"https:\/\/img01.yzcdn.cn\/vant\/cat.jpeg"},{"msg_id":"2","msg_title":"公告标题公告标题公告标题20220601","msg_sub_title":"公告子标题20220601","msg_time":"2022-06-01 15:34:00","msg_short_desc":"20220601公告简述公告简述公告简述公告简述公告简述公告简述公告简述公告简述公告简述公告简述公告简述","msg_month":"6","msg_day":"1","msg_img":"https:\/\/img01.yzcdn.cn\/vant\/cat.jpeg"}]}]
2022-09-03 19:55:34 debug {"act":"api_msg_list","tp":1,"keyword":"","page":0,"size":20}
2022-09-03 19:55:34 debug {"exp_time":"1762686121","admin_id":"36","grp_id":"9"}
2022-09-03 19:55:34 debug 失效时间：1762686121 系统时间：1662206134
2022-09-03 19:55:34 debug act:api_msg_list
2022-09-03 19:55:34 debug ["api","msg","list"]
2022-09-03 19:55:34 debug [{"msg_id":"1","msg_title":"公告标题公告标题公告标题20220531","msg_sub_title":"公告子标题20220531","msg_time":"2022-05-31 15:34:00","msg_short_desc":"20220531公告简述公告简述公告简述公告简述公告简述公告简述公告简述公告简述公告简述公告简述公告简述","msg_desc":"公告详情公告详情公告详情公告详情公告详情公告详情","msg_img":"https:\/\/img01.yzcdn.cn\/vant\/cat.jpeg","grp_id":"9"},{"msg_id":"2","msg_title":"公告标题公告标题公告标题20220601","msg_sub_title":"公告子标题20220601","msg_time":"2022-06-01 15:34:00","msg_short_desc":"20220601公告简述公告简述公告简述公告简述公告简述公告简述公告简述公告简述公告简述公告简述公告简述","msg_desc":null,"msg_img":"https:\/\/img01.yzcdn.cn\/vant\/cat.jpeg","grp_id":"9"}]
2022-09-03 19:55:34 debug [{"has_more":false,"msg_list":[{"msg_id":"1","msg_title":"公告标题公告标题公告标题20220531","msg_sub_title":"公告子标题20220531","msg_time":"2022-05-31 15:34:00","msg_short_desc":"20220531公告简述公告简述公告简述公告简述公告简述公告简述公告简述公告简述公告简述公告简述公告简述","msg_month":"5","msg_day":"31","msg_img":"https:\/\/img01.yzcdn.cn\/vant\/cat.jpeg"},{"msg_id":"2","msg_title":"公告标题公告标题公告标题20220601","msg_sub_title":"公告子标题20220601","msg_time":"2022-06-01 15:34:00","msg_short_desc":"20220601公告简述公告简述公告简述公告简述公告简述公告简述公告简述公告简述公告简述公告简述公告简述","msg_month":"6","msg_day":"1","msg_img":"https:\/\/img01.yzcdn.cn\/vant\/cat.jpeg"}]}]
2022-09-03 19:56:18 debug {"act":"api_msg_detail","msg_id":""}
2022-09-03 19:56:18 debug {"exp_time":"1762686121","admin_id":"36","grp_id":"9"}
2022-09-03 19:56:18 debug 失效时间：1762686121 系统时间：1662206178
2022-09-03 19:56:18 debug act:api_msg_detail
2022-09-03 19:56:18 debug ["api","msg","detail"]
2022-09-03 19:57:02 debug {"act":"api_msg_list","tp":1,"keyword":"","page":0,"size":20}
2022-09-03 19:57:02 debug {"exp_time":"1762686121","admin_id":"36","grp_id":"9"}
2022-09-03 19:57:02 debug 失效时间：1762686121 系统时间：1662206222
2022-09-03 19:57:02 debug act:api_msg_list
2022-09-03 19:57:02 debug ["api","msg","list"]
2022-09-03 19:57:02 debug [{"msg_id":"1","msg_title":"公告标题公告标题公告标题20220531","msg_sub_title":"公告子标题20220531","msg_time":"2022-05-31 15:34:00","msg_short_desc":"20220531公告简述公告简述公告简述公告简述公告简述公告简述公告简述公告简述公告简述公告简述公告简述","msg_desc":"公告详情公告详情公告详情公告详情公告详情公告详情","msg_img":"https:\/\/img01.yzcdn.cn\/vant\/cat.jpeg","grp_id":"9"},{"msg_id":"2","msg_title":"公告标题公告标题公告标题20220601","msg_sub_title":"公告子标题20220601","msg_time":"2022-06-01 15:34:00","msg_short_desc":"20220601公告简述公告简述公告简述公告简述公告简述公告简述公告简述公告简述公告简述公告简述公告简述","msg_desc":null,"msg_img":"https:\/\/img01.yzcdn.cn\/vant\/cat.jpeg","grp_id":"9"}]
2022-09-03 19:57:02 debug [{"has_more":false,"msg_list":[{"msg_id":"1","msg_title":"公告标题公告标题公告标题20220531","msg_sub_title":"公告子标题20220531","msg_time":"2022-05-31 15:34:00","msg_short_desc":"20220531公告简述公告简述公告简述公告简述公告简述公告简述公告简述公告简述公告简述公告简述公告简述","msg_month":"5","msg_day":"31","msg_img":"https:\/\/img01.yzcdn.cn\/vant\/cat.jpeg"},{"msg_id":"2","msg_title":"公告标题公告标题公告标题20220601","msg_sub_title":"公告子标题20220601","msg_time":"2022-06-01 15:34:00","msg_short_desc":"20220601公告简述公告简述公告简述公告简述公告简述公告简述公告简述公告简述公告简述公告简述公告简述","msg_month":"6","msg_day":"1","msg_img":"https:\/\/img01.yzcdn.cn\/vant\/cat.jpeg"}]}]
2022-09-03 19:57:05 debug {"act":"api_msg_list","tp":1,"keyword":"","page":0,"size":20}
2022-09-03 19:57:05 debug {"exp_time":"1762686121","admin_id":"36","grp_id":"9"}
2022-09-03 19:57:05 debug 失效时间：1762686121 系统时间：1662206225
2022-09-03 19:57:05 debug act:api_msg_list
2022-09-03 19:57:05 debug ["api","msg","list"]
2022-09-03 19:57:05 debug [{"msg_id":"1","msg_title":"公告标题公告标题公告标题20220531","msg_sub_title":"公告子标题20220531","msg_time":"2022-05-31 15:34:00","msg_short_desc":"20220531公告简述公告简述公告简述公告简述公告简述公告简述公告简述公告简述公告简述公告简述公告简述","msg_desc":"公告详情公告详情公告详情公告详情公告详情公告详情","msg_img":"https:\/\/img01.yzcdn.cn\/vant\/cat.jpeg","grp_id":"9"},{"msg_id":"2","msg_title":"公告标题公告标题公告标题20220601","msg_sub_title":"公告子标题20220601","msg_time":"2022-06-01 15:34:00","msg_short_desc":"20220601公告简述公告简述公告简述公告简述公告简述公告简述公告简述公告简述公告简述公告简述公告简述","msg_desc":null,"msg_img":"https:\/\/img01.yzcdn.cn\/vant\/cat.jpeg","grp_id":"9"}]
2022-09-03 19:57:05 debug [{"has_more":false,"msg_list":[{"msg_id":"1","msg_title":"公告标题公告标题公告标题20220531","msg_sub_title":"公告子标题20220531","msg_time":"2022-05-31 15:34:00","msg_short_desc":"20220531公告简述公告简述公告简述公告简述公告简述公告简述公告简述公告简述公告简述公告简述公告简述","msg_month":"5","msg_day":"31","msg_img":"https:\/\/img01.yzcdn.cn\/vant\/cat.jpeg"},{"msg_id":"2","msg_title":"公告标题公告标题公告标题20220601","msg_sub_title":"公告子标题20220601","msg_time":"2022-06-01 15:34:00","msg_short_desc":"20220601公告简述公告简述公告简述公告简述公告简述公告简述公告简述公告简述公告简述公告简述公告简述","msg_month":"6","msg_day":"1","msg_img":"https:\/\/img01.yzcdn.cn\/vant\/cat.jpeg"}]}]
2022-09-03 19:57:06 debug {"act":"api_msg_detail","msg_id":"[object Object]"}
2022-09-03 19:57:07 debug {"exp_time":"1762686121","admin_id":"36","grp_id":"9"}
2022-09-03 19:57:07 debug 失效时间：1762686121 系统时间：1662206227
2022-09-03 19:57:07 debug act:api_msg_detail
2022-09-03 19:57:07 debug ["api","msg","detail"]
2022-09-03 19:57:27 debug {"act":"api_msg_list","tp":1,"keyword":"","page":0,"size":20}
2022-09-03 19:57:28 debug {"exp_time":"1762686121","admin_id":"36","grp_id":"9"}
2022-09-03 19:57:28 debug 失效时间：1762686121 系统时间：1662206248
2022-09-03 19:57:28 debug act:api_msg_list
2022-09-03 19:57:28 debug ["api","msg","list"]
2022-09-03 19:57:28 debug [{"msg_id":"1","msg_title":"公告标题公告标题公告标题20220531","msg_sub_title":"公告子标题20220531","msg_time":"2022-05-31 15:34:00","msg_short_desc":"20220531公告简述公告简述公告简述公告简述公告简述公告简述公告简述公告简述公告简述公告简述公告简述","msg_desc":"公告详情公告详情公告详情公告详情公告详情公告详情","msg_img":"https:\/\/img01.yzcdn.cn\/vant\/cat.jpeg","grp_id":"9"},{"msg_id":"2","msg_title":"公告标题公告标题公告标题20220601","msg_sub_title":"公告子标题20220601","msg_time":"2022-06-01 15:34:00","msg_short_desc":"20220601公告简述公告简述公告简述公告简述公告简述公告简述公告简述公告简述公告简述公告简述公告简述","msg_desc":null,"msg_img":"https:\/\/img01.yzcdn.cn\/vant\/cat.jpeg","grp_id":"9"}]
2022-09-03 19:57:28 debug [{"has_more":false,"msg_list":[{"msg_id":"1","msg_title":"公告标题公告标题公告标题20220531","msg_sub_title":"公告子标题20220531","msg_time":"2022-05-31 15:34:00","msg_short_desc":"20220531公告简述公告简述公告简述公告简述公告简述公告简述公告简述公告简述公告简述公告简述公告简述","msg_month":"5","msg_day":"31","msg_img":"https:\/\/img01.yzcdn.cn\/vant\/cat.jpeg"},{"msg_id":"2","msg_title":"公告标题公告标题公告标题20220601","msg_sub_title":"公告子标题20220601","msg_time":"2022-06-01 15:34:00","msg_short_desc":"20220601公告简述公告简述公告简述公告简述公告简述公告简述公告简述公告简述公告简述公告简述公告简述","msg_month":"6","msg_day":"1","msg_img":"https:\/\/img01.yzcdn.cn\/vant\/cat.jpeg"}]}]
2022-09-03 19:57:30 debug {"act":"api_msg_detail","msg_id":"[object Object]"}
2022-09-03 19:57:30 debug {"exp_time":"1762686121","admin_id":"36","grp_id":"9"}
2022-09-03 19:57:30 debug 失效时间：1762686121 系统时间：1662206250
2022-09-03 19:57:30 debug act:api_msg_detail
2022-09-03 19:57:30 debug ["api","msg","detail"]
2022-09-03 19:57:48 debug {"act":"api_msg_list","tp":1,"keyword":"","page":0,"size":20}
2022-09-03 19:57:48 debug {"exp_time":"1762686121","admin_id":"36","grp_id":"9"}
2022-09-03 19:57:48 debug 失效时间：1762686121 系统时间：1662206268
2022-09-03 19:57:48 debug act:api_msg_list
2022-09-03 19:57:48 debug ["api","msg","list"]
2022-09-03 19:57:48 debug [{"msg_id":"1","msg_title":"公告标题公告标题公告标题20220531","msg_sub_title":"公告子标题20220531","msg_time":"2022-05-31 15:34:00","msg_short_desc":"20220531公告简述公告简述公告简述公告简述公告简述公告简述公告简述公告简述公告简述公告简述公告简述","msg_desc":"公告详情公告详情公告详情公告详情公告详情公告详情","msg_img":"https:\/\/img01.yzcdn.cn\/vant\/cat.jpeg","grp_id":"9"},{"msg_id":"2","msg_title":"公告标题公告标题公告标题20220601","msg_sub_title":"公告子标题20220601","msg_time":"2022-06-01 15:34:00","msg_short_desc":"20220601公告简述公告简述公告简述公告简述公告简述公告简述公告简述公告简述公告简述公告简述公告简述","msg_desc":null,"msg_img":"https:\/\/img01.yzcdn.cn\/vant\/cat.jpeg","grp_id":"9"}]
2022-09-03 19:57:48 debug [{"has_more":false,"msg_list":[{"msg_id":"1","msg_title":"公告标题公告标题公告标题20220531","msg_sub_title":"公告子标题20220531","msg_time":"2022-05-31 15:34:00","msg_short_desc":"20220531公告简述公告简述公告简述公告简述公告简述公告简述公告简述公告简述公告简述公告简述公告简述","msg_month":"5","msg_day":"31","msg_img":"https:\/\/img01.yzcdn.cn\/vant\/cat.jpeg"},{"msg_id":"2","msg_title":"公告标题公告标题公告标题20220601","msg_sub_title":"公告子标题20220601","msg_time":"2022-06-01 15:34:00","msg_short_desc":"20220601公告简述公告简述公告简述公告简述公告简述公告简述公告简述公告简述公告简述公告简述公告简述","msg_month":"6","msg_day":"1","msg_img":"https:\/\/img01.yzcdn.cn\/vant\/cat.jpeg"}]}]
2022-09-03 19:57:50 debug {"act":"api_msg_detail","msg_id":"1"}
2022-09-03 19:57:50 debug {"exp_time":"1762686121","admin_id":"36","grp_id":"9"}
2022-09-03 19:57:50 debug 失效时间：1762686121 系统时间：1662206270
2022-09-03 19:57:50 debug act:api_msg_detail
2022-09-03 19:57:50 debug ["api","msg","detail"]
2022-09-03 19:58:02 debug {"act":"api_msg_detail","msg_id":"1"}
2022-09-03 19:58:02 debug {"exp_time":"1762686121","admin_id":"36","grp_id":"9"}
2022-09-03 19:58:02 debug 失效时间：1762686121 系统时间：1662206282
2022-09-03 19:58:02 debug act:api_msg_detail
2022-09-03 19:58:02 debug ["api","msg","detail"]
2022-09-03 20:16:35 debug {"act":"api_msg_list","tp":1,"keyword":"","page":0,"size":20}
2022-09-03 20:16:35 debug {"exp_time":"1762686121","admin_id":"36","grp_id":"9"}
2022-09-03 20:16:35 debug 失效时间：1762686121 系统时间：1662207395
2022-09-03 20:16:35 debug act:api_msg_list
2022-09-03 20:16:35 debug ["api","msg","list"]
2022-09-03 20:16:35 debug [{"msg_id":"1","msg_title":"公告标题公告标题公告标题20220531","msg_sub_title":"公告子标题20220531","msg_time":"2022-05-31 15:34:00","msg_short_desc":"20220531公告简述公告简述公告简述公告简述公告简述公告简述公告简述公告简述公告简述公告简述公告简述","msg_desc":"公告详情公告详情公告详情公告详情公告详情公告详情","msg_img":"https:\/\/img01.yzcdn.cn\/vant\/cat.jpeg","grp_id":"9"},{"msg_id":"2","msg_title":"公告标题公告标题公告标题20220601","msg_sub_title":"公告子标题20220601","msg_time":"2022-06-01 15:34:00","msg_short_desc":"20220601公告简述公告简述公告简述公告简述公告简述公告简述公告简述公告简述公告简述公告简述公告简述","msg_desc":null,"msg_img":"https:\/\/img01.yzcdn.cn\/vant\/cat.jpeg","grp_id":"9"}]
2022-09-03 20:16:35 debug [{"has_more":false,"msg_list":[{"msg_id":"1","msg_title":"公告标题公告标题公告标题20220531","msg_sub_title":"公告子标题20220531","msg_time":"2022-05-31 15:34:00","msg_short_desc":"20220531公告简述公告简述公告简述公告简述公告简述公告简述公告简述公告简述公告简述公告简述公告简述","msg_month":"5","msg_day":"31","msg_img":"https:\/\/img01.yzcdn.cn\/vant\/cat.jpeg"},{"msg_id":"2","msg_title":"公告标题公告标题公告标题20220601","msg_sub_title":"公告子标题20220601","msg_time":"2022-06-01 15:34:00","msg_short_desc":"20220601公告简述公告简述公告简述公告简述公告简述公告简述公告简述公告简述公告简述公告简述公告简述","msg_month":"6","msg_day":"1","msg_img":"https:\/\/img01.yzcdn.cn\/vant\/cat.jpeg"}]}]
2022-09-03 20:16:42 debug {"act":"api_msg_list","tp":1,"keyword":"","page":0,"size":20}
2022-09-03 20:16:42 debug {"exp_time":"1762686121","admin_id":"36","grp_id":"9"}
2022-09-03 20:16:42 debug 失效时间：1762686121 系统时间：1662207402
2022-09-03 20:16:42 debug act:api_msg_list
2022-09-03 20:16:42 debug ["api","msg","list"]
2022-09-03 20:16:42 debug [{"msg_id":"1","msg_title":"公告标题公告标题公告标题20220531","msg_sub_title":"公告子标题20220531","msg_time":"2022-05-31 15:34:00","msg_short_desc":"20220531公告简述公告简述公告简述公告简述公告简述公告简述公告简述公告简述公告简述公告简述公告简述","msg_desc":"公告详情公告详情公告详情公告详情公告详情公告详情","msg_img":"https:\/\/img01.yzcdn.cn\/vant\/cat.jpeg","grp_id":"9"},{"msg_id":"2","msg_title":"公告标题公告标题公告标题20220601","msg_sub_title":"公告子标题20220601","msg_time":"2022-06-01 15:34:00","msg_short_desc":"20220601公告简述公告简述公告简述公告简述公告简述公告简述公告简述公告简述公告简述公告简述公告简述","msg_desc":null,"msg_img":"https:\/\/img01.yzcdn.cn\/vant\/cat.jpeg","grp_id":"9"}]
2022-09-03 20:16:42 debug [{"has_more":false,"msg_list":[{"msg_id":"1","msg_title":"公告标题公告标题公告标题20220531","msg_sub_title":"公告子标题20220531","msg_time":"2022-05-31 15:34:00","msg_short_desc":"20220531公告简述公告简述公告简述公告简述公告简述公告简述公告简述公告简述公告简述公告简述公告简述","msg_month":"5","msg_day":"31","msg_img":"https:\/\/img01.yzcdn.cn\/vant\/cat.jpeg"},{"msg_id":"2","msg_title":"公告标题公告标题公告标题20220601","msg_sub_title":"公告子标题20220601","msg_time":"2022-06-01 15:34:00","msg_short_desc":"20220601公告简述公告简述公告简述公告简述公告简述公告简述公告简述公告简述公告简述公告简述公告简述","msg_month":"6","msg_day":"1","msg_img":"https:\/\/img01.yzcdn.cn\/vant\/cat.jpeg"}]}]
2022-09-03 20:16:49 debug {"act":"api_msg_list","tp":1,"keyword":"","page":0,"size":20}
2022-09-03 20:16:49 debug {"exp_time":"1762686121","admin_id":"36","grp_id":"9"}
2022-09-03 20:16:49 debug 失效时间：1762686121 系统时间：1662207409
2022-09-03 20:16:49 debug act:api_msg_list
2022-09-03 20:16:49 debug ["api","msg","list"]
2022-09-03 20:16:49 debug [{"msg_id":"1","msg_title":"公告标题公告标题公告标题20220531","msg_sub_title":"公告子标题20220531","msg_time":"2022-05-31 15:34:00","msg_short_desc":"20220531公告简述公告简述公告简述公告简述公告简述公告简述公告简述公告简述公告简述公告简述公告简述","msg_desc":"公告详情公告详情公告详情公告详情公告详情公告详情","msg_img":"https:\/\/img01.yzcdn.cn\/vant\/cat.jpeg","grp_id":"9"},{"msg_id":"2","msg_title":"公告标题公告标题公告标题20220601","msg_sub_title":"公告子标题20220601","msg_time":"2022-06-01 15:34:00","msg_short_desc":"20220601公告简述公告简述公告简述公告简述公告简述公告简述公告简述公告简述公告简述公告简述公告简述","msg_desc":null,"msg_img":"https:\/\/img01.yzcdn.cn\/vant\/cat.jpeg","grp_id":"9"}]
2022-09-03 20:16:49 debug [{"has_more":false,"msg_list":[{"msg_id":"1","msg_title":"公告标题公告标题公告标题20220531","msg_sub_title":"公告子标题20220531","msg_time":"2022-05-31 15:34:00","msg_short_desc":"20220531公告简述公告简述公告简述公告简述公告简述公告简述公告简述公告简述公告简述公告简述公告简述","msg_month":"5","msg_day":"31","msg_img":"https:\/\/img01.yzcdn.cn\/vant\/cat.jpeg"},{"msg_id":"2","msg_title":"公告标题公告标题公告标题20220601","msg_sub_title":"公告子标题20220601","msg_time":"2022-06-01 15:34:00","msg_short_desc":"20220601公告简述公告简述公告简述公告简述公告简述公告简述公告简述公告简述公告简述公告简述公告简述","msg_month":"6","msg_day":"1","msg_img":"https:\/\/img01.yzcdn.cn\/vant\/cat.jpeg"}]}]
2022-09-03 20:17:04 debug {"act":"api_msg_detail","msg_id":"1"}
2022-09-03 20:17:05 debug {"exp_time":"1762686121","admin_id":"36","grp_id":"9"}
2022-09-03 20:17:05 debug 失效时间：1762686121 系统时间：1662207425
2022-09-03 20:17:05 debug act:api_msg_detail
2022-09-03 20:17:05 debug ["api","msg","detail"]
2022-09-03 20:18:11 debug {"act":"api_msg_list","tp":1,"keyword":"","page":0,"size":20}
2022-09-03 20:18:11 debug {"exp_time":"1762686121","admin_id":"36","grp_id":"9"}
2022-09-03 20:18:11 debug 失效时间：1762686121 系统时间：1662207491
2022-09-03 20:18:11 debug act:api_msg_list
2022-09-03 20:18:11 debug ["api","msg","list"]
2022-09-03 20:18:11 debug [{"msg_id":"1","msg_title":"公告标题公告标题公告标题20220531","msg_sub_title":"公告子标题20220531","msg_time":"2022-05-31 15:34:00","msg_short_desc":"20220531公告简述公告简述公告简述公告简述公告简述公告简述公告简述公告简述公告简述公告简述公告简述","msg_desc":"公告详情公告详情公告详情公告详情公告详情公告详情","msg_img":"https:\/\/img01.yzcdn.cn\/vant\/cat.jpeg","grp_id":"9"},{"msg_id":"2","msg_title":"公告标题公告标题公告标题20220601","msg_sub_title":"公告子标题20220601","msg_time":"2022-06-01 15:34:00","msg_short_desc":"20220601公告简述公告简述公告简述公告简述公告简述公告简述公告简述公告简述公告简述公告简述公告简述","msg_desc":null,"msg_img":"https:\/\/img01.yzcdn.cn\/vant\/cat.jpeg","grp_id":"9"}]
2022-09-03 20:18:11 debug [{"has_more":false,"msg_list":[{"msg_id":"1","msg_title":"公告标题公告标题公告标题20220531","msg_sub_title":"公告子标题20220531","msg_time":"2022-05-31 15:34:00","msg_short_desc":"20220531公告简述公告简述公告简述公告简述公告简述公告简述公告简述公告简述公告简述公告简述公告简述","msg_month":"5","msg_day":"31","msg_img":"https:\/\/img01.yzcdn.cn\/vant\/cat.jpeg"},{"msg_id":"2","msg_title":"公告标题公告标题公告标题20220601","msg_sub_title":"公告子标题20220601","msg_time":"2022-06-01 15:34:00","msg_short_desc":"20220601公告简述公告简述公告简述公告简述公告简述公告简述公告简述公告简述公告简述公告简述公告简述","msg_month":"6","msg_day":"1","msg_img":"https:\/\/img01.yzcdn.cn\/vant\/cat.jpeg"}]}]
2022-09-03 20:18:31 debug {"act":"api_msg_list","tp":1,"keyword":"","page":0,"size":20}
2022-09-03 20:18:31 debug {"exp_time":"1762686121","admin_id":"36","grp_id":"9"}
2022-09-03 20:18:31 debug 失效时间：1762686121 系统时间：1662207511
2022-09-03 20:18:31 debug act:api_msg_list
2022-09-03 20:18:31 debug ["api","msg","list"]
2022-09-03 20:18:31 debug [{"msg_id":"1","msg_title":"公告标题公告标题公告标题20220531","msg_sub_title":"公告子标题20220531","msg_time":"2022-05-31 15:34:00","msg_short_desc":"20220531公告简述公告简述公告简述公告简述公告简述公告简述公告简述公告简述公告简述公告简述公告简述","msg_desc":"公告详情公告详情公告详情公告详情公告详情公告详情","msg_img":"https:\/\/img01.yzcdn.cn\/vant\/cat.jpeg","grp_id":"9"},{"msg_id":"2","msg_title":"公告标题公告标题公告标题20220601","msg_sub_title":"公告子标题20220601","msg_time":"2022-06-01 15:34:00","msg_short_desc":"20220601公告简述公告简述公告简述公告简述公告简述公告简述公告简述公告简述公告简述公告简述公告简述","msg_desc":null,"msg_img":"https:\/\/img01.yzcdn.cn\/vant\/cat.jpeg","grp_id":"9"}]
2022-09-03 20:18:31 debug [{"has_more":false,"msg_list":[{"msg_id":"1","msg_title":"公告标题公告标题公告标题20220531","msg_sub_title":"公告子标题20220531","msg_time":"2022-05-31 15:34:00","msg_short_desc":"20220531公告简述公告简述公告简述公告简述公告简述公告简述公告简述公告简述公告简述公告简述公告简述","msg_month":"5","msg_day":"31","msg_img":"https:\/\/img01.yzcdn.cn\/vant\/cat.jpeg"},{"msg_id":"2","msg_title":"公告标题公告标题公告标题20220601","msg_sub_title":"公告子标题20220601","msg_time":"2022-06-01 15:34:00","msg_short_desc":"20220601公告简述公告简述公告简述公告简述公告简述公告简述公告简述公告简述公告简述公告简述公告简述","msg_month":"6","msg_day":"1","msg_img":"https:\/\/img01.yzcdn.cn\/vant\/cat.jpeg"}]}]
2022-09-03 20:18:35 debug {"act":"api_msg_list","tp":1,"keyword":"","page":0,"size":20}
2022-09-03 20:18:35 debug {"exp_time":"1762686121","admin_id":"36","grp_id":"9"}
2022-09-03 20:18:35 debug 失效时间：1762686121 系统时间：1662207515
2022-09-03 20:18:35 debug act:api_msg_list
2022-09-03 20:18:35 debug ["api","msg","list"]
2022-09-03 20:18:35 debug [{"msg_id":"1","msg_title":"公告标题公告标题公告标题20220531","msg_sub_title":"公告子标题20220531","msg_time":"2022-05-31 15:34:00","msg_short_desc":"20220531公告简述公告简述公告简述公告简述公告简述公告简述公告简述公告简述公告简述公告简述公告简述","msg_desc":"公告详情公告详情公告详情公告详情公告详情公告详情","msg_img":"https:\/\/img01.yzcdn.cn\/vant\/cat.jpeg","grp_id":"9"},{"msg_id":"2","msg_title":"公告标题公告标题公告标题20220601","msg_sub_title":"公告子标题20220601","msg_time":"2022-06-01 15:34:00","msg_short_desc":"20220601公告简述公告简述公告简述公告简述公告简述公告简述公告简述公告简述公告简述公告简述公告简述","msg_desc":null,"msg_img":"https:\/\/img01.yzcdn.cn\/vant\/cat.jpeg","grp_id":"9"}]
2022-09-03 20:18:35 debug [{"has_more":false,"msg_list":[{"msg_id":"1","msg_title":"公告标题公告标题公告标题20220531","msg_sub_title":"公告子标题20220531","msg_time":"2022-05-31 15:34:00","msg_short_desc":"20220531公告简述公告简述公告简述公告简述公告简述公告简述公告简述公告简述公告简述公告简述公告简述","msg_month":"5","msg_day":"31","msg_img":"https:\/\/img01.yzcdn.cn\/vant\/cat.jpeg"},{"msg_id":"2","msg_title":"公告标题公告标题公告标题20220601","msg_sub_title":"公告子标题20220601","msg_time":"2022-06-01 15:34:00","msg_short_desc":"20220601公告简述公告简述公告简述公告简述公告简述公告简述公告简述公告简述公告简述公告简述公告简述","msg_month":"6","msg_day":"1","msg_img":"https:\/\/img01.yzcdn.cn\/vant\/cat.jpeg"}]}]
2022-09-03 20:18:42 debug {"act":"api_msg_list","tp":1,"keyword":"","page":0,"size":20}
2022-09-03 20:18:42 debug {"exp_time":"1762686121","admin_id":"36","grp_id":"9"}
2022-09-03 20:18:42 debug 失效时间：1762686121 系统时间：1662207522
2022-09-03 20:18:42 debug act:api_msg_list
2022-09-03 20:18:42 debug ["api","msg","list"]
2022-09-03 20:18:42 debug [{"msg_id":"1","msg_title":"公告标题公告标题公告标题20220531","msg_sub_title":"公告子标题20220531","msg_time":"2022-05-31 15:34:00","msg_short_desc":"20220531公告简述公告简述公告简述公告简述公告简述公告简述公告简述公告简述公告简述公告简述公告简述","msg_desc":"公告详情公告详情公告详情公告详情公告详情公告详情","msg_img":"https:\/\/img01.yzcdn.cn\/vant\/cat.jpeg","grp_id":"9"},{"msg_id":"2","msg_title":"公告标题公告标题公告标题20220601","msg_sub_title":"公告子标题20220601","msg_time":"2022-06-01 15:34:00","msg_short_desc":"20220601公告简述公告简述公告简述公告简述公告简述公告简述公告简述公告简述公告简述公告简述公告简述","msg_desc":null,"msg_img":"https:\/\/img01.yzcdn.cn\/vant\/cat.jpeg","grp_id":"9"}]
2022-09-03 20:18:42 debug [{"has_more":false,"msg_list":[{"msg_id":"1","msg_title":"公告标题公告标题公告标题20220531","msg_sub_title":"公告子标题20220531","msg_time":"2022-05-31 15:34:00","msg_short_desc":"20220531公告简述公告简述公告简述公告简述公告简述公告简述公告简述公告简述公告简述公告简述公告简述","msg_month":"5","msg_day":"31","msg_img":"https:\/\/img01.yzcdn.cn\/vant\/cat.jpeg"},{"msg_id":"2","msg_title":"公告标题公告标题公告标题20220601","msg_sub_title":"公告子标题20220601","msg_time":"2022-06-01 15:34:00","msg_short_desc":"20220601公告简述公告简述公告简述公告简述公告简述公告简述公告简述公告简述公告简述公告简述公告简述","msg_month":"6","msg_day":"1","msg_img":"https:\/\/img01.yzcdn.cn\/vant\/cat.jpeg"}]}]
2022-09-03 20:18:53 debug {"act":"api_msg_list","tp":1,"keyword":"","page":0,"size":20}
2022-09-03 20:18:54 debug {"exp_time":"1762686121","admin_id":"36","grp_id":"9"}
2022-09-03 20:18:54 debug 失效时间：1762686121 系统时间：1662207534
2022-09-03 20:18:54 debug act:api_msg_list
2022-09-03 20:18:54 debug ["api","msg","list"]
2022-09-03 20:18:54 debug [{"msg_id":"1","msg_title":"公告标题公告标题公告标题20220531","msg_sub_title":"公告子标题20220531","msg_time":"2022-05-31 15:34:00","msg_short_desc":"20220531公告简述公告简述公告简述公告简述公告简述公告简述公告简述公告简述公告简述公告简述公告简述","msg_desc":"公告详情公告详情公告详情公告详情公告详情公告详情","msg_img":"https:\/\/img01.yzcdn.cn\/vant\/cat.jpeg","grp_id":"9"},{"msg_id":"2","msg_title":"公告标题公告标题公告标题20220601","msg_sub_title":"公告子标题20220601","msg_time":"2022-06-01 15:34:00","msg_short_desc":"20220601公告简述公告简述公告简述公告简述公告简述公告简述公告简述公告简述公告简述公告简述公告简述","msg_desc":null,"msg_img":"https:\/\/img01.yzcdn.cn\/vant\/cat.jpeg","grp_id":"9"}]
2022-09-03 20:18:54 debug [{"has_more":false,"msg_list":[{"msg_id":"1","msg_title":"公告标题公告标题公告标题20220531","msg_sub_title":"公告子标题20220531","msg_time":"2022-05-31 15:34:00","msg_short_desc":"20220531公告简述公告简述公告简述公告简述公告简述公告简述公告简述公告简述公告简述公告简述公告简述","msg_month":"5","msg_day":"31","msg_img":"https:\/\/img01.yzcdn.cn\/vant\/cat.jpeg"},{"msg_id":"2","msg_title":"公告标题公告标题公告标题20220601","msg_sub_title":"公告子标题20220601","msg_time":"2022-06-01 15:34:00","msg_short_desc":"20220601公告简述公告简述公告简述公告简述公告简述公告简述公告简述公告简述公告简述公告简述公告简述","msg_month":"6","msg_day":"1","msg_img":"https:\/\/img01.yzcdn.cn\/vant\/cat.jpeg"}]}]
2022-09-03 20:18:58 debug {"act":"api_msg_list","tp":1,"keyword":"","page":0,"size":20}
2022-09-03 20:18:58 debug {"exp_time":"1762686121","admin_id":"36","grp_id":"9"}
2022-09-03 20:18:58 debug 失效时间：1762686121 系统时间：1662207538
2022-09-03 20:18:58 debug act:api_msg_list
2022-09-03 20:18:58 debug ["api","msg","list"]
2022-09-03 20:18:58 debug [{"msg_id":"1","msg_title":"公告标题公告标题公告标题20220531","msg_sub_title":"公告子标题20220531","msg_time":"2022-05-31 15:34:00","msg_short_desc":"20220531公告简述公告简述公告简述公告简述公告简述公告简述公告简述公告简述公告简述公告简述公告简述","msg_desc":"公告详情公告详情公告详情公告详情公告详情公告详情","msg_img":"https:\/\/img01.yzcdn.cn\/vant\/cat.jpeg","grp_id":"9"},{"msg_id":"2","msg_title":"公告标题公告标题公告标题20220601","msg_sub_title":"公告子标题20220601","msg_time":"2022-06-01 15:34:00","msg_short_desc":"20220601公告简述公告简述公告简述公告简述公告简述公告简述公告简述公告简述公告简述公告简述公告简述","msg_desc":null,"msg_img":"https:\/\/img01.yzcdn.cn\/vant\/cat.jpeg","grp_id":"9"}]
2022-09-03 20:18:58 debug [{"has_more":false,"msg_list":[{"msg_id":"1","msg_title":"公告标题公告标题公告标题20220531","msg_sub_title":"公告子标题20220531","msg_time":"2022-05-31 15:34:00","msg_short_desc":"20220531公告简述公告简述公告简述公告简述公告简述公告简述公告简述公告简述公告简述公告简述公告简述","msg_month":"5","msg_day":"31","msg_img":"https:\/\/img01.yzcdn.cn\/vant\/cat.jpeg"},{"msg_id":"2","msg_title":"公告标题公告标题公告标题20220601","msg_sub_title":"公告子标题20220601","msg_time":"2022-06-01 15:34:00","msg_short_desc":"20220601公告简述公告简述公告简述公告简述公告简述公告简述公告简述公告简述公告简述公告简述公告简述","msg_month":"6","msg_day":"1","msg_img":"https:\/\/img01.yzcdn.cn\/vant\/cat.jpeg"}]}]
2022-09-03 20:19:02 debug {"act":"api_msg_list","tp":1,"keyword":"","page":0,"size":20}
2022-09-03 20:19:02 debug {"exp_time":"1762686121","admin_id":"36","grp_id":"9"}
2022-09-03 20:19:02 debug 失效时间：1762686121 系统时间：1662207542
2022-09-03 20:19:02 debug act:api_msg_list
2022-09-03 20:19:02 debug ["api","msg","list"]
2022-09-03 20:19:02 debug [{"msg_id":"1","msg_title":"公告标题公告标题公告标题20220531","msg_sub_title":"公告子标题20220531","msg_time":"2022-05-31 15:34:00","msg_short_desc":"20220531公告简述公告简述公告简述公告简述公告简述公告简述公告简述公告简述公告简述公告简述公告简述","msg_desc":"公告详情公告详情公告详情公告详情公告详情公告详情","msg_img":"https:\/\/img01.yzcdn.cn\/vant\/cat.jpeg","grp_id":"9"},{"msg_id":"2","msg_title":"公告标题公告标题公告标题20220601","msg_sub_title":"公告子标题20220601","msg_time":"2022-06-01 15:34:00","msg_short_desc":"20220601公告简述公告简述公告简述公告简述公告简述公告简述公告简述公告简述公告简述公告简述公告简述","msg_desc":null,"msg_img":"https:\/\/img01.yzcdn.cn\/vant\/cat.jpeg","grp_id":"9"}]
2022-09-03 20:19:02 debug [{"has_more":false,"msg_list":[{"msg_id":"1","msg_title":"公告标题公告标题公告标题20220531","msg_sub_title":"公告子标题20220531","msg_time":"2022-05-31 15:34:00","msg_short_desc":"20220531公告简述公告简述公告简述公告简述公告简述公告简述公告简述公告简述公告简述公告简述公告简述","msg_month":"5","msg_day":"31","msg_img":"https:\/\/img01.yzcdn.cn\/vant\/cat.jpeg"},{"msg_id":"2","msg_title":"公告标题公告标题公告标题20220601","msg_sub_title":"公告子标题20220601","msg_time":"2022-06-01 15:34:00","msg_short_desc":"20220601公告简述公告简述公告简述公告简述公告简述公告简述公告简述公告简述公告简述公告简述公告简述","msg_month":"6","msg_day":"1","msg_img":"https:\/\/img01.yzcdn.cn\/vant\/cat.jpeg"}]}]
2022-09-03 20:19:05 debug {"act":"api_msg_list","tp":1,"keyword":"","page":0,"size":20}
2022-09-03 20:19:05 debug {"exp_time":"1762686121","admin_id":"36","grp_id":"9"}
2022-09-03 20:19:05 debug 失效时间：1762686121 系统时间：1662207545
2022-09-03 20:19:05 debug act:api_msg_list
2022-09-03 20:19:05 debug ["api","msg","list"]
2022-09-03 20:19:05 debug [{"msg_id":"1","msg_title":"公告标题公告标题公告标题20220531","msg_sub_title":"公告子标题20220531","msg_time":"2022-05-31 15:34:00","msg_short_desc":"20220531公告简述公告简述公告简述公告简述公告简述公告简述公告简述公告简述公告简述公告简述公告简述","msg_desc":"公告详情公告详情公告详情公告详情公告详情公告详情","msg_img":"https:\/\/img01.yzcdn.cn\/vant\/cat.jpeg","grp_id":"9"},{"msg_id":"2","msg_title":"公告标题公告标题公告标题20220601","msg_sub_title":"公告子标题20220601","msg_time":"2022-06-01 15:34:00","msg_short_desc":"20220601公告简述公告简述公告简述公告简述公告简述公告简述公告简述公告简述公告简述公告简述公告简述","msg_desc":null,"msg_img":"https:\/\/img01.yzcdn.cn\/vant\/cat.jpeg","grp_id":"9"}]
2022-09-03 20:19:05 debug [{"has_more":false,"msg_list":[{"msg_id":"1","msg_title":"公告标题公告标题公告标题20220531","msg_sub_title":"公告子标题20220531","msg_time":"2022-05-31 15:34:00","msg_short_desc":"20220531公告简述公告简述公告简述公告简述公告简述公告简述公告简述公告简述公告简述公告简述公告简述","msg_month":"5","msg_day":"31","msg_img":"https:\/\/img01.yzcdn.cn\/vant\/cat.jpeg"},{"msg_id":"2","msg_title":"公告标题公告标题公告标题20220601","msg_sub_title":"公告子标题20220601","msg_time":"2022-06-01 15:34:00","msg_short_desc":"20220601公告简述公告简述公告简述公告简述公告简述公告简述公告简述公告简述公告简述公告简述公告简述","msg_month":"6","msg_day":"1","msg_img":"https:\/\/img01.yzcdn.cn\/vant\/cat.jpeg"}]}]
2022-09-03 20:19:09 debug {"act":"api_msg_list","tp":1,"keyword":"","page":0,"size":20}
2022-09-03 20:19:09 debug {"exp_time":"1762686121","admin_id":"36","grp_id":"9"}
2022-09-03 20:19:09 debug 失效时间：1762686121 系统时间：1662207549
2022-09-03 20:19:09 debug act:api_msg_list
2022-09-03 20:19:09 debug ["api","msg","list"]
2022-09-03 20:19:09 debug [{"msg_id":"1","msg_title":"公告标题公告标题公告标题20220531","msg_sub_title":"公告子标题20220531","msg_time":"2022-05-31 15:34:00","msg_short_desc":"20220531公告简述公告简述公告简述公告简述公告简述公告简述公告简述公告简述公告简述公告简述公告简述","msg_desc":"公告详情公告详情公告详情公告详情公告详情公告详情","msg_img":"https:\/\/img01.yzcdn.cn\/vant\/cat.jpeg","grp_id":"9"},{"msg_id":"2","msg_title":"公告标题公告标题公告标题20220601","msg_sub_title":"公告子标题20220601","msg_time":"2022-06-01 15:34:00","msg_short_desc":"20220601公告简述公告简述公告简述公告简述公告简述公告简述公告简述公告简述公告简述公告简述公告简述","msg_desc":null,"msg_img":"https:\/\/img01.yzcdn.cn\/vant\/cat.jpeg","grp_id":"9"}]
2022-09-03 20:19:09 debug [{"has_more":false,"msg_list":[{"msg_id":"1","msg_title":"公告标题公告标题公告标题20220531","msg_sub_title":"公告子标题20220531","msg_time":"2022-05-31 15:34:00","msg_short_desc":"20220531公告简述公告简述公告简述公告简述公告简述公告简述公告简述公告简述公告简述公告简述公告简述","msg_month":"5","msg_day":"31","msg_img":"https:\/\/img01.yzcdn.cn\/vant\/cat.jpeg"},{"msg_id":"2","msg_title":"公告标题公告标题公告标题20220601","msg_sub_title":"公告子标题20220601","msg_time":"2022-06-01 15:34:00","msg_short_desc":"20220601公告简述公告简述公告简述公告简述公告简述公告简述公告简述公告简述公告简述公告简述公告简述","msg_month":"6","msg_day":"1","msg_img":"https:\/\/img01.yzcdn.cn\/vant\/cat.jpeg"}]}]
2022-09-03 20:19:30 debug {"act":"api_msg_list","tp":1,"keyword":"","page":0,"size":20}
2022-09-03 20:19:30 debug {"exp_time":"1762686121","admin_id":"36","grp_id":"9"}
2022-09-03 20:19:30 debug 失效时间：1762686121 系统时间：1662207570
2022-09-03 20:19:30 debug act:api_msg_list
2022-09-03 20:19:30 debug ["api","msg","list"]
2022-09-03 20:19:30 debug [{"msg_id":"1","msg_title":"公告标题公告标题公告标题20220531","msg_sub_title":"公告子标题20220531","msg_time":"2022-05-31 15:34:00","msg_short_desc":"20220531公告简述公告简述公告简述公告简述公告简述公告简述公告简述公告简述公告简述公告简述公告简述","msg_desc":"公告详情公告详情公告详情公告详情公告详情公告详情","msg_img":"https:\/\/img01.yzcdn.cn\/vant\/cat.jpeg","grp_id":"9"},{"msg_id":"2","msg_title":"公告标题公告标题公告标题20220601","msg_sub_title":"公告子标题20220601","msg_time":"2022-06-01 15:34:00","msg_short_desc":"20220601公告简述公告简述公告简述公告简述公告简述公告简述公告简述公告简述公告简述公告简述公告简述","msg_desc":null,"msg_img":"https:\/\/img01.yzcdn.cn\/vant\/cat.jpeg","grp_id":"9"}]
2022-09-03 20:19:30 debug [{"has_more":false,"msg_list":[{"msg_id":"1","msg_title":"公告标题公告标题公告标题20220531","msg_sub_title":"公告子标题20220531","msg_time":"2022-05-31 15:34:00","msg_short_desc":"20220531公告简述公告简述公告简述公告简述公告简述公告简述公告简述公告简述公告简述公告简述公告简述","msg_month":"5","msg_day":"31","msg_img":"https:\/\/img01.yzcdn.cn\/vant\/cat.jpeg"},{"msg_id":"2","msg_title":"公告标题公告标题公告标题20220601","msg_sub_title":"公告子标题20220601","msg_time":"2022-06-01 15:34:00","msg_short_desc":"20220601公告简述公告简述公告简述公告简述公告简述公告简述公告简述公告简述公告简述公告简述公告简述","msg_month":"6","msg_day":"1","msg_img":"https:\/\/img01.yzcdn.cn\/vant\/cat.jpeg"}]}]
2022-09-03 20:21:16 debug {"act":"api_msg_list","tp":1,"keyword":"","page":0,"size":20}
2022-09-03 20:21:16 debug {"exp_time":"1762686121","admin_id":"36","grp_id":"9"}
2022-09-03 20:21:16 debug 失效时间：1762686121 系统时间：1662207676
2022-09-03 20:21:16 debug act:api_msg_list
2022-09-03 20:21:16 debug ["api","msg","list"]
2022-09-03 20:21:16 debug [{"msg_id":"1","msg_title":"公告标题公告标题公告标题20220531","msg_sub_title":"公告子标题20220531","msg_time":"2022-05-31 15:34:00","msg_short_desc":"20220531公告简述公告简述公告简述公告简述公告简述公告简述公告简述公告简述公告简述公告简述公告简述","msg_desc":"公告详情公告详情公告详情公告详情公告详情公告详情","msg_img":"https:\/\/img01.yzcdn.cn\/vant\/cat.jpeg","grp_id":"9"},{"msg_id":"2","msg_title":"公告标题公告标题公告标题20220601","msg_sub_title":"公告子标题20220601","msg_time":"2022-06-01 15:34:00","msg_short_desc":"20220601公告简述公告简述公告简述公告简述公告简述公告简述公告简述公告简述公告简述公告简述公告简述","msg_desc":null,"msg_img":"https:\/\/img01.yzcdn.cn\/vant\/cat.jpeg","grp_id":"9"}]
2022-09-03 20:21:16 debug [{"has_more":false,"msg_list":[{"msg_id":"1","msg_title":"公告标题公告标题公告标题20220531","msg_sub_title":"公告子标题20220531","msg_time":"2022-05-31 15:34:00","msg_short_desc":"20220531公告简述公告简述公告简述公告简述公告简述公告简述公告简述公告简述公告简述公告简述公告简述","msg_month":"5","msg_day":"31","msg_img":"https:\/\/img01.yzcdn.cn\/vant\/cat.jpeg"},{"msg_id":"2","msg_title":"公告标题公告标题公告标题20220601","msg_sub_title":"公告子标题20220601","msg_time":"2022-06-01 15:34:00","msg_short_desc":"20220601公告简述公告简述公告简述公告简述公告简述公告简述公告简述公告简述公告简述公告简述公告简述","msg_month":"6","msg_day":"1","msg_img":"https:\/\/img01.yzcdn.cn\/vant\/cat.jpeg"}]}]
2022-09-03 20:21:40 debug {"act":"api_msg_list","tp":1,"keyword":"","page":0,"size":20}
2022-09-03 20:21:40 debug {"exp_time":"1762686121","admin_id":"36","grp_id":"9"}
2022-09-03 20:21:40 debug 失效时间：1762686121 系统时间：1662207700
2022-09-03 20:21:40 debug act:api_msg_list
2022-09-03 20:21:40 debug ["api","msg","list"]
2022-09-03 20:21:40 debug [{"msg_id":"1","msg_title":"公告标题公告标题公告标题20220531","msg_sub_title":"公告子标题20220531","msg_time":"2022-05-31 15:34:00","msg_short_desc":"20220531公告简述公告简述公告简述公告简述公告简述公告简述公告简述公告简述公告简述公告简述公告简述","msg_desc":"公告详情公告详情公告详情公告详情公告详情公告详情","msg_img":"https:\/\/img01.yzcdn.cn\/vant\/cat.jpeg","grp_id":"9"},{"msg_id":"2","msg_title":"公告标题公告标题公告标题20220601","msg_sub_title":"公告子标题20220601","msg_time":"2022-06-01 15:34:00","msg_short_desc":"20220601公告简述公告简述公告简述公告简述公告简述公告简述公告简述公告简述公告简述公告简述公告简述","msg_desc":null,"msg_img":"https:\/\/img01.yzcdn.cn\/vant\/cat.jpeg","grp_id":"9"}]
2022-09-03 20:21:40 debug [{"has_more":false,"msg_list":[{"msg_id":"1","msg_title":"公告标题公告标题公告标题20220531","msg_sub_title":"公告子标题20220531","msg_time":"2022-05-31 15:34:00","msg_short_desc":"20220531公告简述公告简述公告简述公告简述公告简述公告简述公告简述公告简述公告简述公告简述公告简述","msg_month":"5","msg_day":"31","msg_img":"https:\/\/img01.yzcdn.cn\/vant\/cat.jpeg"},{"msg_id":"2","msg_title":"公告标题公告标题公告标题20220601","msg_sub_title":"公告子标题20220601","msg_time":"2022-06-01 15:34:00","msg_short_desc":"20220601公告简述公告简述公告简述公告简述公告简述公告简述公告简述公告简述公告简述公告简述公告简述","msg_month":"6","msg_day":"1","msg_img":"https:\/\/img01.yzcdn.cn\/vant\/cat.jpeg"}]}]
2022-09-03 20:21:45 debug {"act":"api_msg_list","tp":1,"keyword":"","page":0,"size":20}
2022-09-03 20:21:45 debug {"exp_time":"1762686121","admin_id":"36","grp_id":"9"}
2022-09-03 20:21:45 debug 失效时间：1762686121 系统时间：1662207705
2022-09-03 20:21:45 debug act:api_msg_list
2022-09-03 20:21:45 debug ["api","msg","list"]
2022-09-03 20:21:45 debug [{"msg_id":"1","msg_title":"公告标题公告标题公告标题20220531","msg_sub_title":"公告子标题20220531","msg_time":"2022-05-31 15:34:00","msg_short_desc":"20220531公告简述公告简述公告简述公告简述公告简述公告简述公告简述公告简述公告简述公告简述公告简述","msg_desc":"公告详情公告详情公告详情公告详情公告详情公告详情","msg_img":"https:\/\/img01.yzcdn.cn\/vant\/cat.jpeg","grp_id":"9"},{"msg_id":"2","msg_title":"公告标题公告标题公告标题20220601","msg_sub_title":"公告子标题20220601","msg_time":"2022-06-01 15:34:00","msg_short_desc":"20220601公告简述公告简述公告简述公告简述公告简述公告简述公告简述公告简述公告简述公告简述公告简述","msg_desc":null,"msg_img":"https:\/\/img01.yzcdn.cn\/vant\/cat.jpeg","grp_id":"9"}]
2022-09-03 20:21:45 debug [{"has_more":false,"msg_list":[{"msg_id":"1","msg_title":"公告标题公告标题公告标题20220531","msg_sub_title":"公告子标题20220531","msg_time":"2022-05-31 15:34:00","msg_short_desc":"20220531公告简述公告简述公告简述公告简述公告简述公告简述公告简述公告简述公告简述公告简述公告简述","msg_month":"5","msg_day":"31","msg_img":"https:\/\/img01.yzcdn.cn\/vant\/cat.jpeg"},{"msg_id":"2","msg_title":"公告标题公告标题公告标题20220601","msg_sub_title":"公告子标题20220601","msg_time":"2022-06-01 15:34:00","msg_short_desc":"20220601公告简述公告简述公告简述公告简述公告简述公告简述公告简述公告简述公告简述公告简述公告简述","msg_month":"6","msg_day":"1","msg_img":"https:\/\/img01.yzcdn.cn\/vant\/cat.jpeg"}]}]
2022-09-03 20:21:51 debug {"act":"api_msg_list","tp":1,"keyword":"","page":0,"size":20}
2022-09-03 20:21:51 debug {"exp_time":"1762686121","admin_id":"36","grp_id":"9"}
2022-09-03 20:21:51 debug 失效时间：1762686121 系统时间：1662207711
2022-09-03 20:21:51 debug act:api_msg_list
2022-09-03 20:21:51 debug ["api","msg","list"]
2022-09-03 20:21:51 debug [{"msg_id":"1","msg_title":"公告标题公告标题公告标题20220531","msg_sub_title":"公告子标题20220531","msg_time":"2022-05-31 15:34:00","msg_short_desc":"20220531公告简述公告简述公告简述公告简述公告简述公告简述公告简述公告简述公告简述公告简述公告简述","msg_desc":"公告详情公告详情公告详情公告详情公告详情公告详情","msg_img":"https:\/\/img01.yzcdn.cn\/vant\/cat.jpeg","grp_id":"9"},{"msg_id":"2","msg_title":"公告标题公告标题公告标题20220601","msg_sub_title":"公告子标题20220601","msg_time":"2022-06-01 15:34:00","msg_short_desc":"20220601公告简述公告简述公告简述公告简述公告简述公告简述公告简述公告简述公告简述公告简述公告简述","msg_desc":null,"msg_img":"https:\/\/img01.yzcdn.cn\/vant\/cat.jpeg","grp_id":"9"}]
2022-09-03 20:21:51 debug [{"has_more":false,"msg_list":[{"msg_id":"1","msg_title":"公告标题公告标题公告标题20220531","msg_sub_title":"公告子标题20220531","msg_time":"2022-05-31 15:34:00","msg_short_desc":"20220531公告简述公告简述公告简述公告简述公告简述公告简述公告简述公告简述公告简述公告简述公告简述","msg_month":"5","msg_day":"31","msg_img":"https:\/\/img01.yzcdn.cn\/vant\/cat.jpeg"},{"msg_id":"2","msg_title":"公告标题公告标题公告标题20220601","msg_sub_title":"公告子标题20220601","msg_time":"2022-06-01 15:34:00","msg_short_desc":"20220601公告简述公告简述公告简述公告简述公告简述公告简述公告简述公告简述公告简述公告简述公告简述","msg_month":"6","msg_day":"1","msg_img":"https:\/\/img01.yzcdn.cn\/vant\/cat.jpeg"}]}]
2022-09-03 20:21:54 debug {"act":"api_msg_list","tp":1,"keyword":"","page":0,"size":20}
2022-09-03 20:21:54 debug {"exp_time":"1762686121","admin_id":"36","grp_id":"9"}
2022-09-03 20:21:54 debug 失效时间：1762686121 系统时间：1662207714
2022-09-03 20:21:54 debug act:api_msg_list
2022-09-03 20:21:54 debug ["api","msg","list"]
2022-09-03 20:21:54 debug [{"msg_id":"1","msg_title":"公告标题公告标题公告标题20220531","msg_sub_title":"公告子标题20220531","msg_time":"2022-05-31 15:34:00","msg_short_desc":"20220531公告简述公告简述公告简述公告简述公告简述公告简述公告简述公告简述公告简述公告简述公告简述","msg_desc":"公告详情公告详情公告详情公告详情公告详情公告详情","msg_img":"https:\/\/img01.yzcdn.cn\/vant\/cat.jpeg","grp_id":"9"},{"msg_id":"2","msg_title":"公告标题公告标题公告标题20220601","msg_sub_title":"公告子标题20220601","msg_time":"2022-06-01 15:34:00","msg_short_desc":"20220601公告简述公告简述公告简述公告简述公告简述公告简述公告简述公告简述公告简述公告简述公告简述","msg_desc":null,"msg_img":"https:\/\/img01.yzcdn.cn\/vant\/cat.jpeg","grp_id":"9"}]
2022-09-03 20:21:54 debug [{"has_more":false,"msg_list":[{"msg_id":"1","msg_title":"公告标题公告标题公告标题20220531","msg_sub_title":"公告子标题20220531","msg_time":"2022-05-31 15:34:00","msg_short_desc":"20220531公告简述公告简述公告简述公告简述公告简述公告简述公告简述公告简述公告简述公告简述公告简述","msg_month":"5","msg_day":"31","msg_img":"https:\/\/img01.yzcdn.cn\/vant\/cat.jpeg"},{"msg_id":"2","msg_title":"公告标题公告标题公告标题20220601","msg_sub_title":"公告子标题20220601","msg_time":"2022-06-01 15:34:00","msg_short_desc":"20220601公告简述公告简述公告简述公告简述公告简述公告简述公告简述公告简述公告简述公告简述公告简述","msg_month":"6","msg_day":"1","msg_img":"https:\/\/img01.yzcdn.cn\/vant\/cat.jpeg"}]}]
2022-09-03 20:23:56 debug {"act":"api_msg_list","tp":1,"keyword":"","page":0,"size":20}
2022-09-03 20:23:56 debug {"exp_time":"1762686121","admin_id":"36","grp_id":"9"}
2022-09-03 20:23:56 debug 失效时间：1762686121 系统时间：1662207836
2022-09-03 20:23:56 debug act:api_msg_list
2022-09-03 20:23:56 debug ["api","msg","list"]
2022-09-03 20:23:56 debug [{"msg_id":"1","msg_title":"公告标题公告标题公告标题20220531","msg_sub_title":"公告子标题20220531","msg_time":"2022-05-31 15:34:00","msg_short_desc":"20220531公告简述公告简述公告简述公告简述公告简述公告简述公告简述公告简述公告简述公告简述公告简述","msg_desc":"公告详情公告详情公告详情公告详情公告详情公告详情","msg_img":"https:\/\/img01.yzcdn.cn\/vant\/cat.jpeg","grp_id":"9"},{"msg_id":"2","msg_title":"公告标题公告标题公告标题20220601","msg_sub_title":"公告子标题20220601","msg_time":"2022-06-01 15:34:00","msg_short_desc":"20220601公告简述公告简述公告简述公告简述公告简述公告简述公告简述公告简述公告简述公告简述公告简述","msg_desc":null,"msg_img":"https:\/\/img01.yzcdn.cn\/vant\/cat.jpeg","grp_id":"9"}]
2022-09-03 20:23:56 debug [{"has_more":false,"msg_list":[{"msg_id":"1","msg_title":"公告标题公告标题公告标题20220531","msg_sub_title":"公告子标题20220531","msg_time":"2022-05-31 15:34:00","msg_short_desc":"20220531公告简述公告简述公告简述公告简述公告简述公告简述公告简述公告简述公告简述公告简述公告简述","msg_month":"5","msg_day":"31","msg_img":"https:\/\/img01.yzcdn.cn\/vant\/cat.jpeg"},{"msg_id":"2","msg_title":"公告标题公告标题公告标题20220601","msg_sub_title":"公告子标题20220601","msg_time":"2022-06-01 15:34:00","msg_short_desc":"20220601公告简述公告简述公告简述公告简述公告简述公告简述公告简述公告简述公告简述公告简述公告简述","msg_month":"6","msg_day":"1","msg_img":"https:\/\/img01.yzcdn.cn\/vant\/cat.jpeg"}]}]
2022-09-03 20:24:55 debug {"act":"api_msg_list","tp":1,"keyword":"","page":0,"size":20}
2022-09-03 20:24:55 debug {"exp_time":"1762686121","admin_id":"36","grp_id":"9"}
2022-09-03 20:24:55 debug 失效时间：1762686121 系统时间：1662207895
2022-09-03 20:24:55 debug act:api_msg_list
2022-09-03 20:24:55 debug ["api","msg","list"]
2022-09-03 20:24:55 debug [{"msg_id":"1","msg_title":"公告标题公告标题公告标题20220531","msg_sub_title":"公告子标题20220531","msg_time":"2022-05-31 15:34:00","msg_short_desc":"20220531公告简述公告简述公告简述公告简述公告简述公告简述公告简述公告简述公告简述公告简述公告简述","msg_desc":"公告详情公告详情公告详情公告详情公告详情公告详情","msg_img":"https:\/\/img01.yzcdn.cn\/vant\/cat.jpeg","grp_id":"9"},{"msg_id":"2","msg_title":"公告标题公告标题公告标题20220601","msg_sub_title":"公告子标题20220601","msg_time":"2022-06-01 15:34:00","msg_short_desc":"20220601公告简述公告简述公告简述公告简述公告简述公告简述公告简述公告简述公告简述公告简述公告简述","msg_desc":null,"msg_img":"https:\/\/img01.yzcdn.cn\/vant\/cat.jpeg","grp_id":"9"}]
2022-09-03 20:24:55 debug [{"has_more":false,"msg_list":[{"msg_id":"1","msg_title":"公告标题公告标题公告标题20220531","msg_sub_title":"公告子标题20220531","msg_time":"2022-05-31 15:34:00","msg_short_desc":"20220531公告简述公告简述公告简述公告简述公告简述公告简述公告简述公告简述公告简述公告简述公告简述","msg_month":"5","msg_day":"31","msg_img":"https:\/\/img01.yzcdn.cn\/vant\/cat.jpeg"},{"msg_id":"2","msg_title":"公告标题公告标题公告标题20220601","msg_sub_title":"公告子标题20220601","msg_time":"2022-06-01 15:34:00","msg_short_desc":"20220601公告简述公告简述公告简述公告简述公告简述公告简述公告简述公告简述公告简述公告简述公告简述","msg_month":"6","msg_day":"1","msg_img":"https:\/\/img01.yzcdn.cn\/vant\/cat.jpeg"}]}]
2022-09-03 20:25:04 debug {"act":"api_msg_list","tp":1,"keyword":"","page":0,"size":20}
2022-09-03 20:25:04 debug {"exp_time":"1762686121","admin_id":"36","grp_id":"9"}
2022-09-03 20:25:04 debug 失效时间：1762686121 系统时间：1662207904
2022-09-03 20:25:04 debug act:api_msg_list
2022-09-03 20:25:04 debug ["api","msg","list"]
2022-09-03 20:25:04 debug [{"msg_id":"1","msg_title":"公告标题公告标题公告标题20220531","msg_sub_title":"公告子标题20220531","msg_time":"2022-05-31 15:34:00","msg_short_desc":"20220531公告简述公告简述公告简述公告简述公告简述公告简述公告简述公告简述公告简述公告简述公告简述","msg_desc":"公告详情公告详情公告详情公告详情公告详情公告详情","msg_img":"https:\/\/img01.yzcdn.cn\/vant\/cat.jpeg","grp_id":"9"},{"msg_id":"2","msg_title":"公告标题公告标题公告标题20220601","msg_sub_title":"公告子标题20220601","msg_time":"2022-06-01 15:34:00","msg_short_desc":"20220601公告简述公告简述公告简述公告简述公告简述公告简述公告简述公告简述公告简述公告简述公告简述","msg_desc":null,"msg_img":"https:\/\/img01.yzcdn.cn\/vant\/cat.jpeg","grp_id":"9"}]
2022-09-03 20:25:04 debug [{"has_more":false,"msg_list":[{"msg_id":"1","msg_title":"公告标题公告标题公告标题20220531","msg_sub_title":"公告子标题20220531","msg_time":"2022-05-31 15:34:00","msg_short_desc":"20220531公告简述公告简述公告简述公告简述公告简述公告简述公告简述公告简述公告简述公告简述公告简述","msg_month":"5","msg_day":"31","msg_img":"https:\/\/img01.yzcdn.cn\/vant\/cat.jpeg"},{"msg_id":"2","msg_title":"公告标题公告标题公告标题20220601","msg_sub_title":"公告子标题20220601","msg_time":"2022-06-01 15:34:00","msg_short_desc":"20220601公告简述公告简述公告简述公告简述公告简述公告简述公告简述公告简述公告简述公告简述公告简述","msg_month":"6","msg_day":"1","msg_img":"https:\/\/img01.yzcdn.cn\/vant\/cat.jpeg"}]}]
2022-09-03 20:25:11 debug {"act":"api_msg_list","tp":1,"keyword":"","page":0,"size":20}
2022-09-03 20:25:11 debug {"exp_time":"1762686121","admin_id":"36","grp_id":"9"}
2022-09-03 20:25:11 debug 失效时间：1762686121 系统时间：1662207911
2022-09-03 20:25:11 debug act:api_msg_list
2022-09-03 20:25:11 debug ["api","msg","list"]
2022-09-03 20:25:11 debug [{"msg_id":"1","msg_title":"公告标题公告标题公告标题20220531","msg_sub_title":"公告子标题20220531","msg_time":"2022-05-31 15:34:00","msg_short_desc":"20220531公告简述公告简述公告简述公告简述公告简述公告简述公告简述公告简述公告简述公告简述公告简述","msg_desc":"公告详情公告详情公告详情公告详情公告详情公告详情","msg_img":"https:\/\/img01.yzcdn.cn\/vant\/cat.jpeg","grp_id":"9"},{"msg_id":"2","msg_title":"公告标题公告标题公告标题20220601","msg_sub_title":"公告子标题20220601","msg_time":"2022-06-01 15:34:00","msg_short_desc":"20220601公告简述公告简述公告简述公告简述公告简述公告简述公告简述公告简述公告简述公告简述公告简述","msg_desc":null,"msg_img":"https:\/\/img01.yzcdn.cn\/vant\/cat.jpeg","grp_id":"9"}]
2022-09-03 20:25:11 debug [{"has_more":false,"msg_list":[{"msg_id":"1","msg_title":"公告标题公告标题公告标题20220531","msg_sub_title":"公告子标题20220531","msg_time":"2022-05-31 15:34:00","msg_short_desc":"20220531公告简述公告简述公告简述公告简述公告简述公告简述公告简述公告简述公告简述公告简述公告简述","msg_month":"5","msg_day":"31","msg_img":"https:\/\/img01.yzcdn.cn\/vant\/cat.jpeg"},{"msg_id":"2","msg_title":"公告标题公告标题公告标题20220601","msg_sub_title":"公告子标题20220601","msg_time":"2022-06-01 15:34:00","msg_short_desc":"20220601公告简述公告简述公告简述公告简述公告简述公告简述公告简述公告简述公告简述公告简述公告简述","msg_month":"6","msg_day":"1","msg_img":"https:\/\/img01.yzcdn.cn\/vant\/cat.jpeg"}]}]
2022-09-03 20:25:20 debug {"act":"api_msg_list","tp":1,"keyword":"","page":0,"size":20}
2022-09-03 20:25:20 debug {"exp_time":"1762686121","admin_id":"36","grp_id":"9"}
2022-09-03 20:25:20 debug 失效时间：1762686121 系统时间：1662207920
2022-09-03 20:25:20 debug act:api_msg_list
2022-09-03 20:25:20 debug ["api","msg","list"]
2022-09-03 20:25:20 debug [{"msg_id":"1","msg_title":"公告标题公告标题公告标题20220531","msg_sub_title":"公告子标题20220531","msg_time":"2022-05-31 15:34:00","msg_short_desc":"20220531公告简述公告简述公告简述公告简述公告简述公告简述公告简述公告简述公告简述公告简述公告简述","msg_desc":"公告详情公告详情公告详情公告详情公告详情公告详情","msg_img":"https:\/\/img01.yzcdn.cn\/vant\/cat.jpeg","grp_id":"9"},{"msg_id":"2","msg_title":"公告标题公告标题公告标题20220601","msg_sub_title":"公告子标题20220601","msg_time":"2022-06-01 15:34:00","msg_short_desc":"20220601公告简述公告简述公告简述公告简述公告简述公告简述公告简述公告简述公告简述公告简述公告简述","msg_desc":null,"msg_img":"https:\/\/img01.yzcdn.cn\/vant\/cat.jpeg","grp_id":"9"}]
2022-09-03 20:25:20 debug [{"has_more":false,"msg_list":[{"msg_id":"1","msg_title":"公告标题公告标题公告标题20220531","msg_sub_title":"公告子标题20220531","msg_time":"2022-05-31 15:34:00","msg_short_desc":"20220531公告简述公告简述公告简述公告简述公告简述公告简述公告简述公告简述公告简述公告简述公告简述","msg_month":"5","msg_day":"31","msg_img":"https:\/\/img01.yzcdn.cn\/vant\/cat.jpeg"},{"msg_id":"2","msg_title":"公告标题公告标题公告标题20220601","msg_sub_title":"公告子标题20220601","msg_time":"2022-06-01 15:34:00","msg_short_desc":"20220601公告简述公告简述公告简述公告简述公告简述公告简述公告简述公告简述公告简述公告简述公告简述","msg_month":"6","msg_day":"1","msg_img":"https:\/\/img01.yzcdn.cn\/vant\/cat.jpeg"}]}]
2022-09-03 20:25:50 debug {"act":"api_msg_detail","msg_id":"1"}
2022-09-03 20:25:50 debug {"exp_time":"1762686121","admin_id":"36","grp_id":"9"}
2022-09-03 20:25:50 debug 失效时间：1762686121 系统时间：1662207950
2022-09-03 20:25:50 debug act:api_msg_detail
2022-09-03 20:25:50 debug ["api","msg","detail"]
2022-09-03 20:25:55 debug {"act":"api_msg_detail","msg_id":"1"}
2022-09-03 20:25:55 debug {"exp_time":"1762686121","admin_id":"36","grp_id":"9"}
2022-09-03 20:25:55 debug 失效时间：1762686121 系统时间：1662207955
2022-09-03 20:25:55 debug act:api_msg_detail
2022-09-03 20:25:55 debug ["api","msg","detail"]
2022-09-03 20:26:09 debug {"act":"api_msg_list","tp":1,"keyword":"","page":0,"size":20}
2022-09-03 20:26:09 debug {"exp_time":"1762686121","admin_id":"36","grp_id":"9"}
2022-09-03 20:26:09 debug 失效时间：1762686121 系统时间：1662207969
2022-09-03 20:26:09 debug act:api_msg_list
2022-09-03 20:26:09 debug ["api","msg","list"]
2022-09-03 20:26:09 debug [{"msg_id":"1","msg_title":"公告标题公告标题公告标题20220531","msg_sub_title":"公告子标题20220531","msg_time":"2022-05-31 15:34:00","msg_short_desc":"20220531公告简述公告简述公告简述公告简述公告简述公告简述公告简述公告简述公告简述公告简述公告简述","msg_desc":"公告详情公告详情公告详情公告详情公告详情公告详情","msg_img":"https:\/\/img01.yzcdn.cn\/vant\/cat.jpeg","grp_id":"9"},{"msg_id":"2","msg_title":"公告标题公告标题公告标题20220601","msg_sub_title":"公告子标题20220601","msg_time":"2022-06-01 15:34:00","msg_short_desc":"20220601公告简述公告简述公告简述公告简述公告简述公告简述公告简述公告简述公告简述公告简述公告简述","msg_desc":null,"msg_img":"https:\/\/img01.yzcdn.cn\/vant\/cat.jpeg","grp_id":"9"}]
2022-09-03 20:26:09 debug [{"has_more":false,"msg_list":[{"msg_id":"1","msg_title":"公告标题公告标题公告标题20220531","msg_sub_title":"公告子标题20220531","msg_time":"2022-05-31 15:34:00","msg_short_desc":"20220531公告简述公告简述公告简述公告简述公告简述公告简述公告简述公告简述公告简述公告简述公告简述","msg_month":"5","msg_day":"31","msg_img":"https:\/\/img01.yzcdn.cn\/vant\/cat.jpeg"},{"msg_id":"2","msg_title":"公告标题公告标题公告标题20220601","msg_sub_title":"公告子标题20220601","msg_time":"2022-06-01 15:34:00","msg_short_desc":"20220601公告简述公告简述公告简述公告简述公告简述公告简述公告简述公告简述公告简述公告简述公告简述","msg_month":"6","msg_day":"1","msg_img":"https:\/\/img01.yzcdn.cn\/vant\/cat.jpeg"}]}]
2022-09-03 20:26:14 debug {"act":"api_msg_list","tp":1,"keyword":"","page":0,"size":20}
2022-09-03 20:26:15 debug {"exp_time":"1762686121","admin_id":"36","grp_id":"9"}
2022-09-03 20:26:15 debug 失效时间：1762686121 系统时间：1662207975
2022-09-03 20:26:15 debug act:api_msg_list
2022-09-03 20:26:15 debug ["api","msg","list"]
2022-09-03 20:26:15 debug [{"msg_id":"1","msg_title":"公告标题公告标题公告标题20220531","msg_sub_title":"公告子标题20220531","msg_time":"2022-05-31 15:34:00","msg_short_desc":"20220531公告简述公告简述公告简述公告简述公告简述公告简述公告简述公告简述公告简述公告简述公告简述","msg_desc":"公告详情公告详情公告详情公告详情公告详情公告详情","msg_img":"https:\/\/img01.yzcdn.cn\/vant\/cat.jpeg","grp_id":"9"},{"msg_id":"2","msg_title":"公告标题公告标题公告标题20220601","msg_sub_title":"公告子标题20220601","msg_time":"2022-06-01 15:34:00","msg_short_desc":"20220601公告简述公告简述公告简述公告简述公告简述公告简述公告简述公告简述公告简述公告简述公告简述","msg_desc":null,"msg_img":"https:\/\/img01.yzcdn.cn\/vant\/cat.jpeg","grp_id":"9"}]
2022-09-03 20:26:15 debug [{"has_more":false,"msg_list":[{"msg_id":"1","msg_title":"公告标题公告标题公告标题20220531","msg_sub_title":"公告子标题20220531","msg_time":"2022-05-31 15:34:00","msg_short_desc":"20220531公告简述公告简述公告简述公告简述公告简述公告简述公告简述公告简述公告简述公告简述公告简述","msg_month":"5","msg_day":"31","msg_img":"https:\/\/img01.yzcdn.cn\/vant\/cat.jpeg"},{"msg_id":"2","msg_title":"公告标题公告标题公告标题20220601","msg_sub_title":"公告子标题20220601","msg_time":"2022-06-01 15:34:00","msg_short_desc":"20220601公告简述公告简述公告简述公告简述公告简述公告简述公告简述公告简述公告简述公告简述公告简述","msg_month":"6","msg_day":"1","msg_img":"https:\/\/img01.yzcdn.cn\/vant\/cat.jpeg"}]}]
2022-09-03 20:26:23 debug {"act":"api_msg_detail","msg_id":"1"}
2022-09-03 20:26:23 debug {"exp_time":"1762686121","admin_id":"36","grp_id":"9"}
2022-09-03 20:26:23 debug 失效时间：1762686121 系统时间：1662207983
2022-09-03 20:26:23 debug act:api_msg_detail
2022-09-03 20:26:23 debug ["api","msg","detail"]
2022-09-03 20:27:07 debug {"act":"api_msg_list","tp":1,"keyword":"","page":0,"size":20}
2022-09-03 20:27:08 debug {"exp_time":"1762686121","admin_id":"36","grp_id":"9"}
2022-09-03 20:27:08 debug 失效时间：1762686121 系统时间：1662208028
2022-09-03 20:27:08 debug act:api_msg_list
2022-09-03 20:27:08 debug ["api","msg","list"]
2022-09-03 20:27:08 debug [{"msg_id":"1","msg_title":"公告标题公告标题公告标题20220531","msg_sub_title":"公告子标题20220531","msg_time":"2022-05-31 15:34:00","msg_short_desc":"20220531公告简述公告简述公告简述公告简述公告简述公告简述公告简述公告简述公告简述公告简述公告简述","msg_desc":"公告详情公告详情公告详情公告详情公告详情公告详情","msg_img":"https:\/\/img01.yzcdn.cn\/vant\/cat.jpeg","grp_id":"9"},{"msg_id":"2","msg_title":"公告标题公告标题公告标题20220601","msg_sub_title":"公告子标题20220601","msg_time":"2022-06-01 15:34:00","msg_short_desc":"20220601公告简述公告简述公告简述公告简述公告简述公告简述公告简述公告简述公告简述公告简述公告简述","msg_desc":null,"msg_img":"https:\/\/img01.yzcdn.cn\/vant\/cat.jpeg","grp_id":"9"}]
2022-09-03 20:27:08 debug [{"has_more":false,"msg_list":[{"msg_id":"1","msg_title":"公告标题公告标题公告标题20220531","msg_sub_title":"公告子标题20220531","msg_time":"2022-05-31 15:34:00","msg_short_desc":"20220531公告简述公告简述公告简述公告简述公告简述公告简述公告简述公告简述公告简述公告简述公告简述","msg_month":"5","msg_day":"31","msg_img":"https:\/\/img01.yzcdn.cn\/vant\/cat.jpeg"},{"msg_id":"2","msg_title":"公告标题公告标题公告标题20220601","msg_sub_title":"公告子标题20220601","msg_time":"2022-06-01 15:34:00","msg_short_desc":"20220601公告简述公告简述公告简述公告简述公告简述公告简述公告简述公告简述公告简述公告简述公告简述","msg_month":"6","msg_day":"1","msg_img":"https:\/\/img01.yzcdn.cn\/vant\/cat.jpeg"}]}]
2022-09-03 20:27:17 debug {"act":"api_msg_list","tp":1,"keyword":"","page":0,"size":20}
2022-09-03 20:27:17 debug {"exp_time":"1762686121","admin_id":"36","grp_id":"9"}
2022-09-03 20:27:17 debug 失效时间：1762686121 系统时间：1662208037
2022-09-03 20:27:17 debug act:api_msg_list
2022-09-03 20:27:17 debug ["api","msg","list"]
2022-09-03 20:27:18 debug [{"msg_id":"1","msg_title":"公告标题公告标题公告标题20220531","msg_sub_title":"公告子标题20220531","msg_time":"2022-05-31 15:34:00","msg_short_desc":"20220531公告简述公告简述公告简述公告简述公告简述公告简述公告简述公告简述公告简述公告简述公告简述","msg_desc":"公告详情公告详情公告详情公告详情公告详情公告详情","msg_img":"https:\/\/img01.yzcdn.cn\/vant\/cat.jpeg","grp_id":"9"},{"msg_id":"2","msg_title":"公告标题公告标题公告标题20220601","msg_sub_title":"公告子标题20220601","msg_time":"2022-06-01 15:34:00","msg_short_desc":"20220601公告简述公告简述公告简述公告简述公告简述公告简述公告简述公告简述公告简述公告简述公告简述","msg_desc":null,"msg_img":"https:\/\/img01.yzcdn.cn\/vant\/cat.jpeg","grp_id":"9"}]
2022-09-03 20:27:18 debug [{"has_more":false,"msg_list":[{"msg_id":"1","msg_title":"公告标题公告标题公告标题20220531","msg_sub_title":"公告子标题20220531","msg_time":"2022-05-31 15:34:00","msg_short_desc":"20220531公告简述公告简述公告简述公告简述公告简述公告简述公告简述公告简述公告简述公告简述公告简述","msg_month":"5","msg_day":"31","msg_img":"https:\/\/img01.yzcdn.cn\/vant\/cat.jpeg"},{"msg_id":"2","msg_title":"公告标题公告标题公告标题20220601","msg_sub_title":"公告子标题20220601","msg_time":"2022-06-01 15:34:00","msg_short_desc":"20220601公告简述公告简述公告简述公告简述公告简述公告简述公告简述公告简述公告简述公告简述公告简述","msg_month":"6","msg_day":"1","msg_img":"https:\/\/img01.yzcdn.cn\/vant\/cat.jpeg"}]}]
2022-09-03 20:28:41 debug {"act":"api_msg_detail","msg_id":"1"}
2022-09-03 20:28:41 debug {"exp_time":"1762686121","admin_id":"36","grp_id":"9"}
2022-09-03 20:28:41 debug 失效时间：1762686121 系统时间：1662208121
2022-09-03 20:28:41 debug act:api_msg_detail
2022-09-03 20:28:41 debug ["api","msg","detail"]
2022-09-03 20:28:48 debug {"act":"api_msg_detail","msg_id":"1"}
2022-09-03 20:28:49 debug {"exp_time":"1762686121","admin_id":"36","grp_id":"9"}
2022-09-03 20:28:49 debug 失效时间：1762686121 系统时间：1662208129
2022-09-03 20:28:49 debug act:api_msg_detail
2022-09-03 20:28:49 debug ["api","msg","detail"]
2022-09-03 20:30:57 debug {"act":"api_msg_detail","msg_id":"1"}
2022-09-03 20:30:58 debug {"exp_time":"1762686121","admin_id":"36","grp_id":"9"}
2022-09-03 20:30:58 debug 失效时间：1762686121 系统时间：1662208258
2022-09-03 20:30:58 debug act:api_msg_detail
2022-09-03 20:30:58 debug ["api","msg","detail"]
2022-09-03 20:31:03 debug {"act":"api_msg_list","tp":2,"keyword":"","page":0,"size":20}
2022-09-03 20:31:03 debug {"exp_time":"1762686121","admin_id":"36","grp_id":"9"}
2022-09-03 20:31:03 debug 失效时间：1762686121 系统时间：1662208263
2022-09-03 20:31:03 debug act:api_msg_list
2022-09-03 20:31:03 debug ["api","msg","list"]
2022-09-03 20:31:03 debug 
2022-09-03 20:31:03 debug 
2022-09-03 20:31:03 debug 
2022-09-03 20:31:03 debug 
2022-09-03 20:31:03 debug 
2022-09-03 20:31:03 debug 
2022-09-03 20:31:03 debug 
2022-09-03 20:31:03 debug 
2022-09-03 20:31:03 debug 
2022-09-03 20:31:03 debug 
2022-09-03 20:31:03 debug 
2022-09-03 20:31:03 debug 
2022-09-03 20:31:03 debug 
2022-09-03 20:31:03 debug 
2022-09-03 20:31:03 debug 
2022-09-03 20:31:03 debug 
2022-09-03 20:31:03 debug 
2022-09-03 20:31:03 debug 
2022-09-03 20:31:03 debug 
2022-09-03 20:31:03 debug 
2022-09-03 20:31:03 debug [{"has_more":false,"msg_list":[{"msg_id":null,"msg_title":"A02 西门口外面有散落的电线皮","msg_sub_title":"园区安全","msg_time":"2022-07-06 14:53:49","msg_short_desc":"A02 西门口外面有散落的电线皮","msg_month":"7","msg_day":"6","msg_img":null},{"msg_id":null,"msg_title":"B01北边风扇一开就跳闸","msg_sub_title":"设施报修","msg_time":"2022-07-06 14:54:20","msg_short_desc":"B01北边风扇一开就跳闸","msg_month":"7","msg_day":"6","msg_img":null},{"msg_id":null,"msg_title":"A01北边风扇一排只有3个会转了","msg_sub_title":"设施报修","msg_time":"2022-07-06 14:54:39","msg_short_desc":"A01北边风扇一排只有3个会转了","msg_month":"7","msg_day":"6","msg_img":null},{"msg_id":null,"msg_title":"A1703 有小羊死了","msg_sub_title":"羊只情况","msg_time":"2022-07-06 14:55:05","msg_short_desc":"A1703 有小羊死了","msg_month":"7","msg_day":"6","msg_img":null},{"msg_id":null,"msg_title":"B1571 母羊指甲过长需要修剪","msg_sub_title":"羊只情况","msg_time":"2022-07-06 14:55:28","msg_short_desc":"B1571 母羊指甲过长需要修剪","msg_month":"7","msg_day":"6","msg_img":null},{"msg_id":null,"msg_title":"中间南部通道上有 风扇的纸壳子没有清理干","msg_sub_title":"园区环卫","msg_time":"2022-07-06 14:56:07","msg_short_desc":"中间南部通道上有 风扇的纸壳子没有清理干净","msg_month":"7","msg_day":"6","msg_img":null},{"msg_id":null,"msg_title":"北边河边需要有栅栏，防止小羊跑入河里","msg_sub_title":"园区安全","msg_time":"2022-07-06 14:56:39","msg_short_desc":"北边河边需要有栅栏，防止小羊跑入河里","msg_month":"7","msg_day":"6","msg_img":null},{"msg_id":null,"msg_title":"消毒池边上通道有缝隙可以钻出","msg_sub_title":"园区安全","msg_time":"2022-07-06 14:57:22","msg_short_desc":"消毒池边上通道有缝隙可以钻出","msg_month":"7","msg_day":"6","msg_img":null},{"msg_id":null,"msg_title":"药品库房空调内机漏水","msg_sub_title":"设施报修","msg_time":"2022-07-06 14:57:44","msg_short_desc":"药品库房空调内机漏水","msg_month":"7","msg_day":"6","msg_img":null},{"msg_id":null,"msg_title":"拌料车间TMR机无法开机","msg_sub_title":"设施报修","msg_time":"2022-07-06 14:58:09","msg_short_desc":"拌料车间TMR机无法开机","msg_month":"7","msg_day":"6","msg_img":null},{"msg_id":null,"msg_title":"喂食车1#计重失灵","msg_sub_title":"设施报修","msg_time":"2022-07-06 14:58:45","msg_short_desc":"喂食车1#计重失灵","msg_month":"7","msg_day":"6","msg_img":null},{"msg_id":null,"msg_title":"B0808 有羊流产","msg_sub_title":"羊只情况","msg_time":"2022-07-06 15:00:23","msg_short_desc":"B0808 有羊流产","msg_month":"7","msg_day":"6","msg_img":null},{"msg_id":null,"msg_title":"B1809 有羊流产","msg_sub_title":"羊只情况","msg_time":"2022-07-06 15:00:35","msg_short_desc":"B1809 有羊流产","msg_month":"7","msg_day":"6","msg_img":null},{"msg_id":null,"msg_title":"B1315 有母羊死了","msg_sub_title":"羊只情况","msg_time":"2022-07-06 15:00:57","msg_short_desc":"B1315 有母羊死了","msg_month":"7","msg_day":"6","msg_img":null},{"msg_id":null,"msg_title":"B2122 有母羊死了","msg_sub_title":"羊只情况","msg_time":"2022-07-06 15:01:14","msg_short_desc":"B2122 有母羊死了","msg_month":"7","msg_day":"6","msg_img":null},{"msg_id":null,"msg_title":"A17 总电闸跳闸","msg_sub_title":"设施保修","msg_time":"2022-07-06 15:02:13","msg_short_desc":"A17 总电闸跳闸","msg_month":"7","msg_day":"6","msg_img":null},{"msg_id":null,"msg_title":"A0102 母羊不吃食","msg_sub_title":"羊只情况","msg_time":"2022-07-06 15:12:13","msg_short_desc":"A0102 母羊不吃食","msg_month":"7","msg_day":"6","msg_img":null},{"msg_id":null,"msg_title":"A0513 小羊后腿受伤","msg_sub_title":"羊只情况","msg_time":"2022-07-06 15:15:13","msg_short_desc":"A0513 小羊后腿受伤","msg_month":"7","msg_day":"6","msg_img":null},{"msg_id":null,"msg_title":"A0824 母羊流血","msg_sub_title":"羊只情况","msg_time":"2022-07-06 15:14:17","msg_short_desc":"A0824 母羊流血","msg_month":"7","msg_day":"6","msg_img":null},{"msg_id":null,"msg_title":"C0124 母羊受伤","msg_sub_title":"羊只情况","msg_time":"2022-07-06 15:18:18","msg_short_desc":"C0124 母羊受伤","msg_month":"7","msg_day":"6","msg_img":null}]}]
2022-09-03 20:31:04 debug {"act":"api_msg_detail","msg_id":""}
2022-09-03 20:31:04 debug {"exp_time":"1762686121","admin_id":"36","grp_id":"9"}
2022-09-03 20:31:04 debug 失效时间：1762686121 系统时间：1662208264
2022-09-03 20:31:04 debug act:api_msg_detail
2022-09-03 20:31:04 debug ["api","msg","detail"]
2022-09-03 20:31:07 debug {"act":"api_msg_list","tp":3,"keyword":"","page":0,"size":20}
2022-09-03 20:31:07 debug {"exp_time":"1762686121","admin_id":"36","grp_id":"9"}
2022-09-03 20:31:07 debug 失效时间：1762686121 系统时间：1662208267
2022-09-03 20:31:07 debug act:api_msg_list
2022-09-03 20:31:07 debug ["api","msg","list"]
2022-09-03 20:31:07 debug [{"has_more":false,"msg_list":[{"msg_id":"1","msg_title":"任务标题任务标题任务标题","msg_sub_title":"任务子标题","msg_time":"2022-06-01 15:34:00","msg_short_desc":"任务简述","msg_month":"6","msg_day":"1","msg_img":""}]}]
2022-09-03 20:31:08 debug {"act":"api_msg_detail","msg_id":"1"}
2022-09-03 20:31:08 debug {"exp_time":"1762686121","admin_id":"36","grp_id":"9"}
2022-09-03 20:31:08 debug 失效时间：1762686121 系统时间：1662208268
2022-09-03 20:31:08 debug act:api_msg_detail
2022-09-03 20:31:08 debug ["api","msg","detail"]
2022-09-03 20:31:57 debug {"act":"api_msg_list","tp":1,"keyword":"","page":0,"size":20}
2022-09-03 20:31:58 debug {"exp_time":"1762686121","admin_id":"36","grp_id":"9"}
2022-09-03 20:31:58 debug 失效时间：1762686121 系统时间：1662208318
2022-09-03 20:31:58 debug act:api_msg_list
2022-09-03 20:31:58 debug ["api","msg","list"]
2022-09-03 20:31:58 debug [{"msg_id":"1","msg_title":"公告标题公告标题公告标题20220531","msg_sub_title":"公告子标题20220531","msg_time":"2022-05-31 15:34:00","msg_short_desc":"20220531公告简述公告简述公告简述公告简述公告简述公告简述公告简述公告简述公告简述公告简述公告简述","msg_desc":"公告详情公告详情公告详情公告详情公告详情公告详情","msg_img":"https:\/\/img01.yzcdn.cn\/vant\/cat.jpeg","grp_id":"9"},{"msg_id":"2","msg_title":"公告标题公告标题公告标题20220601","msg_sub_title":"公告子标题20220601","msg_time":"2022-06-01 15:34:00","msg_short_desc":"20220601公告简述公告简述公告简述公告简述公告简述公告简述公告简述公告简述公告简述公告简述公告简述","msg_desc":null,"msg_img":"https:\/\/img01.yzcdn.cn\/vant\/cat.jpeg","grp_id":"9"}]
2022-09-03 20:31:58 debug [{"has_more":false,"msg_list":[{"msg_id":"1","msg_title":"公告标题公告标题公告标题20220531","msg_sub_title":"公告子标题20220531","msg_time":"2022-05-31 15:34:00","msg_short_desc":"20220531公告简述公告简述公告简述公告简述公告简述公告简述公告简述公告简述公告简述公告简述公告简述","msg_month":"5","msg_day":"31","msg_img":"https:\/\/img01.yzcdn.cn\/vant\/cat.jpeg"},{"msg_id":"2","msg_title":"公告标题公告标题公告标题20220601","msg_sub_title":"公告子标题20220601","msg_time":"2022-06-01 15:34:00","msg_short_desc":"20220601公告简述公告简述公告简述公告简述公告简述公告简述公告简述公告简述公告简述公告简述公告简述","msg_month":"6","msg_day":"1","msg_img":"https:\/\/img01.yzcdn.cn\/vant\/cat.jpeg"}]}]
2022-09-03 20:32:52 debug {"act":"api_msg_list","tp":1,"keyword":"","page":0,"size":20}
2022-09-03 20:32:52 debug {"exp_time":"1762686121","admin_id":"36","grp_id":"9"}
2022-09-03 20:32:52 debug 失效时间：1762686121 系统时间：1662208372
2022-09-03 20:32:52 debug act:api_msg_list
2022-09-03 20:32:52 debug ["api","msg","list"]
2022-09-03 20:32:52 debug [{"msg_id":"1","msg_title":"公告标题公告标题公告标题20220531","msg_sub_title":"公告子标题20220531","msg_time":"2022-05-31 15:34:00","msg_short_desc":"20220531公告简述公告简述公告简述公告简述公告简述公告简述公告简述公告简述公告简述公告简述公告简述","msg_desc":"公告详情公告详情公告详情公告详情公告详情公告详情","msg_img":"https:\/\/img01.yzcdn.cn\/vant\/cat.jpeg","grp_id":"9"},{"msg_id":"2","msg_title":"公告标题公告标题公告标题20220601","msg_sub_title":"公告子标题20220601","msg_time":"2022-06-01 15:34:00","msg_short_desc":"20220601公告简述公告简述公告简述公告简述公告简述公告简述公告简述公告简述公告简述公告简述公告简述","msg_desc":null,"msg_img":"https:\/\/img01.yzcdn.cn\/vant\/cat.jpeg","grp_id":"9"}]
2022-09-03 20:32:52 debug [{"has_more":false,"msg_list":[{"msg_id":"1","msg_title":"公告标题公告标题公告标题20220531","msg_sub_title":"公告子标题20220531","msg_time":"2022-05-31 15:34:00","msg_short_desc":"20220531公告简述公告简述公告简述公告简述公告简述公告简述公告简述公告简述公告简述公告简述公告简述","msg_month":"5","msg_day":"31","msg_img":"https:\/\/img01.yzcdn.cn\/vant\/cat.jpeg"},{"msg_id":"2","msg_title":"公告标题公告标题公告标题20220601","msg_sub_title":"公告子标题20220601","msg_time":"2022-06-01 15:34:00","msg_short_desc":"20220601公告简述公告简述公告简述公告简述公告简述公告简述公告简述公告简述公告简述公告简述公告简述","msg_month":"6","msg_day":"1","msg_img":"https:\/\/img01.yzcdn.cn\/vant\/cat.jpeg"}]}]
2022-09-03 20:33:45 debug {"act":"api_msg_detail","msg_id":"1"}
2022-09-03 20:33:45 debug {"exp_time":"1762686121","admin_id":"36","grp_id":"9"}
2022-09-03 20:33:45 debug 失效时间：1762686121 系统时间：1662208425
2022-09-03 20:33:45 debug act:api_msg_detail
2022-09-03 20:33:45 debug ["api","msg","detail"]
2022-09-03 20:33:50 debug {"act":"api_msg_detail","msg_id":"1"}
2022-09-03 20:33:50 debug {"exp_time":"1762686121","admin_id":"36","grp_id":"9"}
2022-09-03 20:33:50 debug 失效时间：1762686121 系统时间：1662208430
2022-09-03 20:33:50 debug act:api_msg_detail
2022-09-03 20:33:50 debug ["api","msg","detail"]
2022-09-03 20:33:53 debug {"act":"api_msg_list","tp":2,"keyword":"","page":0,"size":20}
2022-09-03 20:33:54 debug {"exp_time":"1762686121","admin_id":"36","grp_id":"9"}
2022-09-03 20:33:54 debug 失效时间：1762686121 系统时间：1662208434
2022-09-03 20:33:54 debug act:api_msg_list
2022-09-03 20:33:54 debug ["api","msg","list"]
2022-09-03 20:33:54 debug 
2022-09-03 20:33:54 debug 
2022-09-03 20:33:54 debug 
2022-09-03 20:33:54 debug 
2022-09-03 20:33:54 debug 
2022-09-03 20:33:54 debug 
2022-09-03 20:33:54 debug 
2022-09-03 20:33:54 debug 
2022-09-03 20:33:54 debug 
2022-09-03 20:33:54 debug 
2022-09-03 20:33:54 debug 
2022-09-03 20:33:54 debug 
2022-09-03 20:33:54 debug 
2022-09-03 20:33:54 debug 
2022-09-03 20:33:54 debug 
2022-09-03 20:33:54 debug 
2022-09-03 20:33:54 debug 
2022-09-03 20:33:54 debug 
2022-09-03 20:33:54 debug 
2022-09-03 20:33:54 debug 
2022-09-03 20:33:54 debug [{"has_more":false,"msg_list":[{"msg_id":null,"msg_title":"A02 西门口外面有散落的电线皮","msg_sub_title":"园区安全","msg_time":"2022-07-06 14:53:49","msg_short_desc":"A02 西门口外面有散落的电线皮","msg_month":"7","msg_day":"6","msg_img":null},{"msg_id":null,"msg_title":"B01北边风扇一开就跳闸","msg_sub_title":"设施报修","msg_time":"2022-07-06 14:54:20","msg_short_desc":"B01北边风扇一开就跳闸","msg_month":"7","msg_day":"6","msg_img":null},{"msg_id":null,"msg_title":"A01北边风扇一排只有3个会转了","msg_sub_title":"设施报修","msg_time":"2022-07-06 14:54:39","msg_short_desc":"A01北边风扇一排只有3个会转了","msg_month":"7","msg_day":"6","msg_img":null},{"msg_id":null,"msg_title":"A1703 有小羊死了","msg_sub_title":"羊只情况","msg_time":"2022-07-06 14:55:05","msg_short_desc":"A1703 有小羊死了","msg_month":"7","msg_day":"6","msg_img":null},{"msg_id":null,"msg_title":"B1571 母羊指甲过长需要修剪","msg_sub_title":"羊只情况","msg_time":"2022-07-06 14:55:28","msg_short_desc":"B1571 母羊指甲过长需要修剪","msg_month":"7","msg_day":"6","msg_img":null},{"msg_id":null,"msg_title":"中间南部通道上有 风扇的纸壳子没有清理干","msg_sub_title":"园区环卫","msg_time":"2022-07-06 14:56:07","msg_short_desc":"中间南部通道上有 风扇的纸壳子没有清理干净","msg_month":"7","msg_day":"6","msg_img":null},{"msg_id":null,"msg_title":"北边河边需要有栅栏，防止小羊跑入河里","msg_sub_title":"园区安全","msg_time":"2022-07-06 14:56:39","msg_short_desc":"北边河边需要有栅栏，防止小羊跑入河里","msg_month":"7","msg_day":"6","msg_img":null},{"msg_id":null,"msg_title":"消毒池边上通道有缝隙可以钻出","msg_sub_title":"园区安全","msg_time":"2022-07-06 14:57:22","msg_short_desc":"消毒池边上通道有缝隙可以钻出","msg_month":"7","msg_day":"6","msg_img":null},{"msg_id":null,"msg_title":"药品库房空调内机漏水","msg_sub_title":"设施报修","msg_time":"2022-07-06 14:57:44","msg_short_desc":"药品库房空调内机漏水","msg_month":"7","msg_day":"6","msg_img":null},{"msg_id":null,"msg_title":"拌料车间TMR机无法开机","msg_sub_title":"设施报修","msg_time":"2022-07-06 14:58:09","msg_short_desc":"拌料车间TMR机无法开机","msg_month":"7","msg_day":"6","msg_img":null},{"msg_id":null,"msg_title":"喂食车1#计重失灵","msg_sub_title":"设施报修","msg_time":"2022-07-06 14:58:45","msg_short_desc":"喂食车1#计重失灵","msg_month":"7","msg_day":"6","msg_img":null},{"msg_id":null,"msg_title":"B0808 有羊流产","msg_sub_title":"羊只情况","msg_time":"2022-07-06 15:00:23","msg_short_desc":"B0808 有羊流产","msg_month":"7","msg_day":"6","msg_img":null},{"msg_id":null,"msg_title":"B1809 有羊流产","msg_sub_title":"羊只情况","msg_time":"2022-07-06 15:00:35","msg_short_desc":"B1809 有羊流产","msg_month":"7","msg_day":"6","msg_img":null},{"msg_id":null,"msg_title":"B1315 有母羊死了","msg_sub_title":"羊只情况","msg_time":"2022-07-06 15:00:57","msg_short_desc":"B1315 有母羊死了","msg_month":"7","msg_day":"6","msg_img":null},{"msg_id":null,"msg_title":"B2122 有母羊死了","msg_sub_title":"羊只情况","msg_time":"2022-07-06 15:01:14","msg_short_desc":"B2122 有母羊死了","msg_month":"7","msg_day":"6","msg_img":null},{"msg_id":null,"msg_title":"A17 总电闸跳闸","msg_sub_title":"设施保修","msg_time":"2022-07-06 15:02:13","msg_short_desc":"A17 总电闸跳闸","msg_month":"7","msg_day":"6","msg_img":null},{"msg_id":null,"msg_title":"A0102 母羊不吃食","msg_sub_title":"羊只情况","msg_time":"2022-07-06 15:12:13","msg_short_desc":"A0102 母羊不吃食","msg_month":"7","msg_day":"6","msg_img":null},{"msg_id":null,"msg_title":"A0513 小羊后腿受伤","msg_sub_title":"羊只情况","msg_time":"2022-07-06 15:15:13","msg_short_desc":"A0513 小羊后腿受伤","msg_month":"7","msg_day":"6","msg_img":null},{"msg_id":null,"msg_title":"A0824 母羊流血","msg_sub_title":"羊只情况","msg_time":"2022-07-06 15:14:17","msg_short_desc":"A0824 母羊流血","msg_month":"7","msg_day":"6","msg_img":null},{"msg_id":null,"msg_title":"C0124 母羊受伤","msg_sub_title":"羊只情况","msg_time":"2022-07-06 15:18:18","msg_short_desc":"C0124 母羊受伤","msg_month":"7","msg_day":"6","msg_img":null}]}]
2022-09-03 20:55:15 debug {"act":"api_msg_detail","msg_id":"1"}
2022-09-03 20:55:15 debug {"exp_time":"1762686121","admin_id":"36","grp_id":"9"}
2022-09-03 20:55:15 debug 失效时间：1762686121 系统时间：1662209715
2022-09-03 20:55:15 debug act:api_msg_detail
2022-09-03 20:55:15 debug ["api","msg","detail"]
2022-09-03 20:55:42 debug {"act":"api_msg_detail","msg_id":"1"}
2022-09-03 20:55:42 debug {"exp_time":"1762686121","admin_id":"36","grp_id":"9"}
2022-09-03 20:55:42 debug 失效时间：1762686121 系统时间：1662209742
2022-09-03 20:55:42 debug act:api_msg_detail
2022-09-03 20:55:42 debug ["api","msg","detail"]
2022-09-03 20:55:57 debug {"act":"api_msg_detail","msg_id":"1"}
2022-09-03 20:55:57 debug {"exp_time":"1762686121","admin_id":"36","grp_id":"9"}
2022-09-03 20:55:57 debug 失效时间：1762686121 系统时间：1662209757
2022-09-03 20:55:57 debug act:api_msg_detail
2022-09-03 20:55:57 debug ["api","msg","detail"]
2022-09-03 20:56:01 debug {"act":"api_msg_detail"}
2022-09-03 20:56:01 debug {"exp_time":"1762686121","admin_id":"36","grp_id":"9"}
2022-09-03 20:56:01 debug 失效时间：1762686121 系统时间：1662209761
2022-09-03 20:56:01 debug act:api_msg_detail
2022-09-03 20:56:01 debug ["api","msg","detail"]
2022-09-03 20:56:04 debug {"act":"api_msg_list","tp":1,"keyword":"","page":0,"size":20}
2022-09-03 20:56:04 debug {"exp_time":"1762686121","admin_id":"36","grp_id":"9"}
2022-09-03 20:56:04 debug 失效时间：1762686121 系统时间：1662209764
2022-09-03 20:56:04 debug act:api_msg_list
2022-09-03 20:56:04 debug ["api","msg","list"]
2022-09-03 20:56:04 debug [{"msg_id":"1","msg_title":"公告标题公告标题公告标题20220531","msg_sub_title":"公告子标题20220531","msg_time":"2022-05-31 15:34:00","msg_short_desc":"20220531公告简述公告简述公告简述公告简述公告简述公告简述公告简述公告简述公告简述公告简述公告简述","msg_desc":"公告详情公告详情公告详情公告详情公告详情公告详情","msg_img":"https:\/\/img01.yzcdn.cn\/vant\/cat.jpeg","grp_id":"9"},{"msg_id":"2","msg_title":"公告标题公告标题公告标题20220601","msg_sub_title":"公告子标题20220601","msg_time":"2022-06-01 15:34:00","msg_short_desc":"20220601公告简述公告简述公告简述公告简述公告简述公告简述公告简述公告简述公告简述公告简述公告简述","msg_desc":null,"msg_img":"https:\/\/img01.yzcdn.cn\/vant\/cat.jpeg","grp_id":"9"}]
2022-09-03 20:56:04 debug [{"has_more":false,"msg_list":[{"msg_id":"1","msg_title":"公告标题公告标题公告标题20220531","msg_sub_title":"公告子标题20220531","msg_time":"2022-05-31 15:34:00","msg_short_desc":"20220531公告简述公告简述公告简述公告简述公告简述公告简述公告简述公告简述公告简述公告简述公告简述","msg_month":"5","msg_day":"31","msg_img":"https:\/\/img01.yzcdn.cn\/vant\/cat.jpeg"},{"msg_id":"2","msg_title":"公告标题公告标题公告标题20220601","msg_sub_title":"公告子标题20220601","msg_time":"2022-06-01 15:34:00","msg_short_desc":"20220601公告简述公告简述公告简述公告简述公告简述公告简述公告简述公告简述公告简述公告简述公告简述","msg_month":"6","msg_day":"1","msg_img":"https:\/\/img01.yzcdn.cn\/vant\/cat.jpeg"}]}]
2022-09-03 20:56:06 debug {"act":"api_msg_detail","msg_id":"1"}
2022-09-03 20:56:06 debug {"exp_time":"1762686121","admin_id":"36","grp_id":"9"}
2022-09-03 20:56:06 debug 失效时间：1762686121 系统时间：1662209766
2022-09-03 20:56:06 debug act:api_msg_detail
2022-09-03 20:56:06 debug ["api","msg","detail"]
2022-09-03 20:58:16 debug {"act":"api_msg_detail"}
2022-09-03 20:58:16 debug {"exp_time":"1762686121","admin_id":"36","grp_id":"9"}
2022-09-03 20:58:16 debug 失效时间：1762686121 系统时间：1662209896
2022-09-03 20:58:16 debug act:api_msg_detail
2022-09-03 20:58:16 debug ["api","msg","detail"]
2022-09-03 20:58:16 debug msg_id:
2022-09-03 20:58:18 debug {"act":"api_msg_list","tp":1,"keyword":"","page":0,"size":20}
2022-09-03 20:58:19 debug {"exp_time":"1762686121","admin_id":"36","grp_id":"9"}
2022-09-03 20:58:19 debug 失效时间：1762686121 系统时间：1662209899
2022-09-03 20:58:19 debug act:api_msg_list
2022-09-03 20:58:19 debug ["api","msg","list"]
2022-09-03 20:58:19 debug [{"msg_id":"1","msg_title":"公告标题公告标题公告标题20220531","msg_sub_title":"公告子标题20220531","msg_time":"2022-05-31 15:34:00","msg_short_desc":"20220531公告简述公告简述公告简述公告简述公告简述公告简述公告简述公告简述公告简述公告简述公告简述","msg_desc":"公告详情公告详情公告详情公告详情公告详情公告详情","msg_img":"https:\/\/img01.yzcdn.cn\/vant\/cat.jpeg","grp_id":"9"},{"msg_id":"2","msg_title":"公告标题公告标题公告标题20220601","msg_sub_title":"公告子标题20220601","msg_time":"2022-06-01 15:34:00","msg_short_desc":"20220601公告简述公告简述公告简述公告简述公告简述公告简述公告简述公告简述公告简述公告简述公告简述","msg_desc":null,"msg_img":"https:\/\/img01.yzcdn.cn\/vant\/cat.jpeg","grp_id":"9"}]
2022-09-03 20:58:19 debug [{"has_more":false,"msg_list":[{"msg_id":"1","msg_title":"公告标题公告标题公告标题20220531","msg_sub_title":"公告子标题20220531","msg_time":"2022-05-31 15:34:00","msg_short_desc":"20220531公告简述公告简述公告简述公告简述公告简述公告简述公告简述公告简述公告简述公告简述公告简述","msg_month":"5","msg_day":"31","msg_img":"https:\/\/img01.yzcdn.cn\/vant\/cat.jpeg"},{"msg_id":"2","msg_title":"公告标题公告标题公告标题20220601","msg_sub_title":"公告子标题20220601","msg_time":"2022-06-01 15:34:00","msg_short_desc":"20220601公告简述公告简述公告简述公告简述公告简述公告简述公告简述公告简述公告简述公告简述公告简述","msg_month":"6","msg_day":"1","msg_img":"https:\/\/img01.yzcdn.cn\/vant\/cat.jpeg"}]}]
2022-09-03 20:58:21 debug {"act":"api_msg_detail","msg_id":"1"}
2022-09-03 20:58:21 debug {"exp_time":"1762686121","admin_id":"36","grp_id":"9"}
2022-09-03 20:58:21 debug 失效时间：1762686121 系统时间：1662209901
2022-09-03 20:58:21 debug act:api_msg_detail
2022-09-03 20:58:21 debug ["api","msg","detail"]
2022-09-03 20:58:21 debug msg_id:1
2022-09-03 21:24:05 debug {"act":"api_msg_detail","msg_id":"1"}
2022-09-03 21:24:05 debug {"exp_time":"1762686121","admin_id":"36","grp_id":"9"}
2022-09-03 21:24:05 debug 失效时间：1762686121 系统时间：1662211445
2022-09-03 21:24:05 debug act:api_msg_detail
2022-09-03 21:24:05 debug ["api","msg","detail"]
2022-09-03 21:24:05 debug msg_id:1
2022-09-03 21:56:21 debug {"act":"api_msg_detail","msg_id":"1"}
2022-09-03 21:56:21 debug {"exp_time":"1762686121","admin_id":"36","grp_id":"9"}
2022-09-03 21:56:21 debug 失效时间：1762686121 系统时间：1662213381
2022-09-03 21:56:21 debug act:api_msg_detail
2022-09-03 21:56:21 debug ["api","msg","detail"]
2022-09-03 21:56:21 debug msg_id:1
2022-09-03 21:56:25 debug {"act":"api_msg_detail"}
2022-09-03 21:56:25 debug {"exp_time":"1762686121","admin_id":"36","grp_id":"9"}
2022-09-03 21:56:25 debug 失效时间：1762686121 系统时间：1662213385
2022-09-03 21:56:25 debug act:api_msg_detail
2022-09-03 21:56:25 debug ["api","msg","detail"]
2022-09-03 21:56:25 debug msg_id:
2022-09-03 21:56:27 debug {"act":"api_msg_list","tp":1,"keyword":"","page":0,"size":20}
2022-09-03 21:56:27 debug {"exp_time":"1762686121","admin_id":"36","grp_id":"9"}
2022-09-03 21:56:27 debug 失效时间：1762686121 系统时间：1662213387
2022-09-03 21:56:27 debug act:api_msg_list
2022-09-03 21:56:27 debug ["api","msg","list"]
2022-09-03 21:56:27 debug [{"msg_id":"1","msg_title":"公告标题公告标题公告标题20220531","msg_sub_title":"公告子标题20220531","msg_time":"2022-05-31 15:34:00","msg_short_desc":"20220531公告简述公告简述公告简述公告简述公告简述公告简述公告简述公告简述公告简述公告简述公告简述","msg_desc":"公告详情公告详情公告详情公告详情公告详情公告详情","msg_img":"https:\/\/img01.yzcdn.cn\/vant\/cat.jpeg","grp_id":"9"},{"msg_id":"2","msg_title":"公告标题公告标题公告标题20220601","msg_sub_title":"公告子标题20220601","msg_time":"2022-06-01 15:34:00","msg_short_desc":"20220601公告简述公告简述公告简述公告简述公告简述公告简述公告简述公告简述公告简述公告简述公告简述","msg_desc":null,"msg_img":"https:\/\/img01.yzcdn.cn\/vant\/cat.jpeg","grp_id":"9"}]
2022-09-03 21:56:27 debug [{"has_more":false,"msg_list":[{"msg_id":"1","msg_title":"公告标题公告标题公告标题20220531","msg_sub_title":"公告子标题20220531","msg_time":"2022-05-31 15:34:00","msg_short_desc":"20220531公告简述公告简述公告简述公告简述公告简述公告简述公告简述公告简述公告简述公告简述公告简述","msg_month":"5","msg_day":"31","msg_img":"https:\/\/img01.yzcdn.cn\/vant\/cat.jpeg"},{"msg_id":"2","msg_title":"公告标题公告标题公告标题20220601","msg_sub_title":"公告子标题20220601","msg_time":"2022-06-01 15:34:00","msg_short_desc":"20220601公告简述公告简述公告简述公告简述公告简述公告简述公告简述公告简述公告简述公告简述公告简述","msg_month":"6","msg_day":"1","msg_img":"https:\/\/img01.yzcdn.cn\/vant\/cat.jpeg"}]}]
2022-09-03 21:56:30 debug {"act":"api_msg_detail","msg_id":"1"}
2022-09-03 21:56:31 debug {"exp_time":"1762686121","admin_id":"36","grp_id":"9"}
2022-09-03 21:56:31 debug 失效时间：1762686121 系统时间：1662213391
2022-09-03 21:56:31 debug act:api_msg_detail
2022-09-03 21:56:31 debug ["api","msg","detail"]
2022-09-03 21:56:31 debug msg_id:1
