2022-06-27 10:34:21 debug [{"token":"F8E2099B-037A-4864-9D16-BF4A42CFD81B","org_list":[{"org_id":"9","org_name":"长兴天下牧业","org_ico":null},{"org_id":"10","org_name":"柯坪天下牧业","org_ico":null}]}]
2022-06-27 10:47:20 debug 
2022-06-27 10:47:20 debug 失效时间：0 系统时间：1656298040
2022-06-27 10:49:14 debug [{"token":"785ED2C0-50C1-45C8-9A72-DA33161FADD9","org_list":[{"org_id":"9","org_name":"长兴天下牧业","org_ico":null},{"org_id":"10","org_name":"柯坪天下牧业","org_ico":null}]}]
2022-06-27 10:49:20 debug 
2022-06-27 10:49:20 debug 失效时间：0 系统时间：1656298160
2022-06-27 10:50:01 debug 
2022-06-27 10:50:01 debug 失效时间：0 系统时间：1656298201
2022-06-27 10:51:46 debug 
2022-06-27 10:51:46 debug 失效时间：0 系统时间：1656298306
2022-06-27 10:52:40 debug 
2022-06-27 10:52:40 debug 失效时间：0 系统时间：1656298360
2022-06-27 10:53:35 debug 
2022-06-27 10:53:35 debug 失效时间：0 系统时间：1656298415
2022-06-27 10:54:11 debug 
2022-06-27 10:54:11 debug 失效时间：0 系统时间：1656298451
2022-06-27 10:54:29 debug 
2022-06-27 10:54:29 debug 失效时间：0 系统时间：1656298469
2022-06-27 10:54:52 debug 
2022-06-27 10:54:52 debug 失效时间：0 系统时间：1656298492
2022-06-27 10:55:01 debug 
2022-06-27 10:55:01 debug 失效时间：0 系统时间：1656298501
2022-06-27 10:55:06 debug [{"token":"DFB7EA52-C862-4008-B60F-19799BA74A9D","org_list":[{"org_id":"9","org_name":"长兴天下牧业","org_ico":null},{"org_id":"10","org_name":"柯坪天下牧业","org_ico":null}]}]
2022-06-27 10:55:13 debug 
2022-06-27 10:55:13 debug 失效时间：0 系统时间：1656298513
2022-06-27 11:10:21 debug [{"token":"7CCBEFE8-E5C7-4E67-B196-DC7CCBA4ED5E","org_list":[{"org_id":"9","org_name":"长兴天下牧业","org_ico":null},{"org_id":"10","org_name":"柯坪天下牧业","org_ico":null}]}]
2022-06-27 11:10:29 debug {"exp_time":"1656303021","admin_id":"36","grp_id":"9"}
2022-06-27 11:10:29 debug 失效时间：1656303021 系统时间：1656299429
2022-06-27 11:13:20 debug {"exp_time":"1656303021","admin_id":"36","grp_id":"9"}
2022-06-27 11:13:20 debug 失效时间：1656303021 系统时间：1656299600
2022-06-27 11:13:20 debug [{"token":"C5E21936-7521-46D0-94B0-44E6DB0C12E3"}]
2022-06-27 15:06:05 debug [{"token":"30A6BA06-F873-4F80-98D8-9CE11EE3F9D1","org_list":[{"org_id":"9","org_name":"长兴天下牧业","org_ico":null},{"org_id":"10","org_name":"柯坪天下牧业","org_ico":null}]}]
2022-06-27 15:06:07 debug {"exp_time":"1656317165","admin_id":"36","grp_id":"9"}
2022-06-27 15:06:07 debug 失效时间：1656317165 系统时间：1656313567
2022-06-27 15:06:32 debug {"exp_time":"1656317165","admin_id":"36","grp_id":"9"}
2022-06-27 15:06:32 debug 失效时间：1656317165 系统时间：1656313592
2022-06-27 15:06:32 debug [{"token":"A0AAC48F-AFF6-47F6-9E3D-429EC1468CDA"}]
2022-06-27 15:06:32 debug 
2022-06-27 15:06:32 debug 失效时间：0 系统时间：1656313592
2022-06-27 15:08:55 debug 
2022-06-27 15:08:55 debug 失效时间：0 系统时间：1656313735
2022-06-27 15:08:55 debug 
2022-06-27 15:08:55 debug 失效时间：0 系统时间：1656313735
2022-06-27 15:09:26 debug [{"token":"E5071763-79F1-42E7-8CA8-69D31EC9DB1D","org_list":[{"org_id":"9","org_name":"长兴天下牧业","org_ico":null},{"org_id":"10","org_name":"柯坪天下牧业","org_ico":null}]}]
2022-06-27 15:09:30 debug {"exp_time":"1656317366","admin_id":"36","grp_id":"9"}
2022-06-27 15:09:30 debug 失效时间：1656317366 系统时间：1656313770
2022-06-27 15:09:34 debug {"exp_time":"1656317366","admin_id":"36","grp_id":"9"}
2022-06-27 15:09:34 debug 失效时间：1656317366 系统时间：1656313774
2022-06-27 15:09:34 debug 
2022-06-27 15:09:34 debug 失效时间：0 系统时间：1656313774
2022-06-27 15:09:34 debug [{"token":"EF9397B3-6FB6-4EA5-B9EB-7CDA972562B7"}]
2022-06-27 15:09:57 debug 
2022-06-27 15:09:57 debug 失效时间：0 系统时间：1656313797
2022-06-27 15:09:57 debug 失效时间：0 系统时间：1656313797
2022-06-27 15:10:26 debug [{"token":"5E1015B6-0A13-4087-A302-CEF2076B7656","org_list":[{"org_id":"9","org_name":"长兴天下牧业","org_ico":null},{"org_id":"10","org_name":"柯坪天下牧业","org_ico":null}]}]
2022-06-27 15:10:26 debug {"exp_time":"1656317426","admin_id":"36","grp_id":"9"}
2022-06-27 15:10:26 debug 失效时间：1656317426 系统时间：1656313826
2022-06-27 15:10:36 debug {"exp_time":"1656317426","admin_id":"36","grp_id":"9"}
2022-06-27 15:10:36 debug 失效时间：1656317426 系统时间：1656313836
2022-06-27 15:10:36 debug {"exp_time":"1656317426","admin_id":"36","grp_id":"9"}
2022-06-27 15:10:36 debug 失效时间：1656317426 系统时间：1656313836
2022-06-27 15:10:36 debug [{"token":"58229660-E3F9-4947-A1CA-A05F0A4E7B55"}]
2022-06-27 15:11:02 debug 
2022-06-27 15:11:02 debug 
2022-06-27 15:11:02 debug 失效时间：0 系统时间：1656313862
2022-06-27 15:11:02 debug 失效时间：0 系统时间：1656313862
2022-06-27 15:16:13 debug [{"token":"DCA1A06D-23E8-42EE-8E86-694F884AC804","org_list":[{"org_id":"9","org_name":"长兴天下牧业","org_ico":null},{"org_id":"10","org_name":"柯坪天下牧业","org_ico":null}]}]
2022-06-27 15:17:17 debug {"exp_time":"1656317773","admin_id":"36","grp_id":"9"}
2022-06-27 15:17:17 debug 失效时间：1656317773 系统时间：1656314237
2022-06-27 15:17:53 debug {"exp_time":"1656317773","admin_id":"36","grp_id":"9"}
2022-06-27 15:17:53 debug 失效时间：1656317773 系统时间：1656314273
2022-06-27 15:17:53 debug {"exp_time":"1656317773","admin_id":"36","grp_id":"9"}
2022-06-27 15:17:53 debug 失效时间：1656317773 系统时间：1656314273
2022-06-27 15:17:53 debug [{"token":"DCC33BAF-A57E-426B-8F52-F61CAAE8936D"}]
2022-06-27 15:18:43 debug 
2022-06-27 15:18:43 debug 
2022-06-27 15:18:43 debug 失效时间：0 系统时间：1656314323
2022-06-27 15:18:43 debug 失效时间：0 系统时间：1656314323
2022-06-27 15:18:58 debug [{"token":"37480902-25FB-4366-8EF1-00E36FD05F4E","org_list":[{"org_id":"9","org_name":"长兴天下牧业","org_ico":null},{"org_id":"10","org_name":"柯坪天下牧业","org_ico":null}]}]
2022-06-27 15:18:59 debug {"exp_time":"1656317938","admin_id":"36","grp_id":"9"}
2022-06-27 15:18:59 debug 失效时间：1656317938 系统时间：1656314339
2022-06-27 15:19:14 debug {"exp_time":"1656317938","admin_id":"36","grp_id":"9"}
2022-06-27 15:19:14 debug 失效时间：1656317938 系统时间：1656314354
2022-06-27 15:19:14 debug [{"token":"200537F4-2A75-4A99-A9B1-2933E2CC309B"}]
2022-06-27 15:19:20 debug {"exp_time":"1656317954","admin_id":"36","grp_id":"9"}
2022-06-27 15:19:20 debug 失效时间：1656317954 系统时间：1656314360
2022-06-27 15:19:20 debug [{"token":"25F7FD14-75F0-4D08-B77A-26C84F29F6B0"}]
2022-06-27 15:20:10 debug {"exp_time":"1656317960","admin_id":"36","grp_id":"9"}
2022-06-27 15:20:10 debug {"exp_time":"1656317960","admin_id":"36","grp_id":"9"}
2022-06-27 15:20:10 debug 失效时间：1656317960 系统时间：1656314410
2022-06-27 15:20:10 debug 失效时间：1656317960 系统时间：1656314410
2022-06-27 15:20:10 debug [{"token":"54844F5B-B8EA-40AA-A19F-EF168E369659"}]
2022-06-27 15:21:13 debug 
2022-06-27 15:21:13 debug 失效时间：0 系统时间：1656314473
2022-06-27 15:22:47 debug {"exp_time":"1656318010","admin_id":"36","grp_id":"9"}
2022-06-27 15:22:47 debug 失效时间：1656318010 系统时间：1656314567
2022-06-27 15:22:47 debug [{"token":"60116C6E-C778-4E42-ADCF-88E9F05CFAA9"}]
2022-06-27 15:22:47 debug 
2022-06-27 15:22:47 debug 失效时间：0 系统时间：1656314567
2022-06-27 15:23:13 debug [{"token":"A4A25E1A-C830-431D-9BCF-6D925013328C","org_list":[{"org_id":"9","org_name":"长兴天下牧业","org_ico":null},{"org_id":"10","org_name":"柯坪天下牧业","org_ico":null}]}]
2022-06-27 15:23:16 debug {"exp_time":"1656318193","admin_id":"36","grp_id":"9"}
2022-06-27 15:23:16 debug 失效时间：1656318193 系统时间：1656314596
2022-06-27 15:23:33 debug {"exp_time":"1656318193","admin_id":"36","grp_id":"9"}
2022-06-27 15:23:33 debug 失效时间：1656318193 系统时间：1656314613
2022-06-27 15:23:33 debug [{"token":"14C6D459-87CB-487F-A318-48115BD648B4"}]
2022-06-27 15:23:33 debug 
2022-06-27 15:23:33 debug 失效时间：0 系统时间：1656314613
2022-06-27 15:24:26 debug [{"token":"6466FCBB-1B6C-4059-A022-EBD56E566EF4","org_list":[{"org_id":"9","org_name":"长兴天下牧业","org_ico":null},{"org_id":"10","org_name":"柯坪天下牧业","org_ico":null}]}]
2022-06-27 15:24:41 debug {"exp_time":"1656318266","admin_id":"36","grp_id":"9"}
2022-06-27 15:24:41 debug 失效时间：1656318266 系统时间：1656314681
2022-06-27 15:31:04 debug {"exp_time":"1656318266","admin_id":"36","grp_id":"9"}
2022-06-27 15:31:04 debug 失效时间：1656318266 系统时间：1656315064
2022-06-27 15:32:19 debug {"exp_time":"1656318266","admin_id":"36","grp_id":"9"}
2022-06-27 15:32:19 debug 失效时间：1656318266 系统时间：1656315139
2022-06-27 15:32:31 debug {"exp_time":"1656318266","admin_id":"36","grp_id":"9"}
2022-06-27 15:32:31 debug 失效时间：1656318266 系统时间：1656315151
2022-06-27 15:32:38 debug {"exp_time":"1656318266","admin_id":"36","grp_id":"9"}
2022-06-27 15:32:38 debug 失效时间：1656318266 系统时间：1656315158
2022-06-27 15:32:38 debug chanel保存成功
2022-06-27 15:33:09 debug 
2022-06-27 15:33:09 debug 失效时间：0 系统时间：1656315189
2022-06-27 15:33:17 debug 
2022-06-27 15:33:17 debug 失效时间：0 系统时间：1656315197
2022-06-27 15:33:38 debug 
2022-06-27 15:33:38 debug 失效时间：0 系统时间：1656315218
2022-06-27 15:38:06 debug [{"token":"0A9D5F25-D37A-477A-90DE-F55507DF651C","org_list":[{"org_id":"9","org_name":"长兴天下牧业","org_ico":null},{"org_id":"10","org_name":"柯坪天下牧业","org_ico":null}]}]
2022-06-27 15:38:06 debug {"exp_time":"1656319086","admin_id":"36","grp_id":"9"}
2022-06-27 15:38:06 debug 失效时间：1656319086 系统时间：1656315486
2022-06-27 15:38:06 debug chanel保存成功
2022-06-27 15:38:39 debug 
2022-06-27 15:38:39 debug 失效时间：0 系统时间：1656315519
2022-06-27 15:38:39 debug 
2022-06-27 15:38:39 debug 失效时间：0 系统时间：1656315519
2022-06-27 15:40:37 debug [{"token":"D01DC927-4261-4786-BACE-1A85906CB1B9","org_list":[{"org_id":"9","org_name":"长兴天下牧业","org_ico":null},{"org_id":"10","org_name":"柯坪天下牧业","org_ico":null}]}]
2022-06-27 15:40:48 debug {"exp_time":"1656319237","admin_id":"36","grp_id":"9"}
2022-06-27 15:40:48 debug 失效时间：1656319237 系统时间：1656315648
2022-06-27 15:40:48 debug chanel保存成功
2022-06-27 15:40:51 debug 
2022-06-27 15:40:51 debug 失效时间：0 系统时间：1656315651
