2022-08-26 08:55:14 debug {"act":"api_chart_maintop"}
2022-08-26 08:55:15 debug {"exp_time":"1662016357","admin_id":"43","grp_id":"9"}
2022-08-26 08:55:15 debug 失效时间：1662016357 系统时间：1661475315
2022-08-26 08:55:15 debug [{"report_day":["2022-07-11","2022-07-12","2022-07-13","2022-07-14","2022-07-15","2022-07-16","2022-07-17"],"amount_all":["38165","38061","37811","37784","37729","37610","37631"]}]
2022-08-26 08:55:15 debug [{"report_day":["2022-07-11","2022-07-12","2022-07-13","2022-07-14","2022-07-15","2022-07-16","2022-07-17"],"amount_all":["38165","38061","37811","37784","37729","37610","37631"]}]
2022-08-26 08:56:23 debug {"act":"api_chart_maintop"}
2022-08-26 08:56:23 debug {"exp_time":"1662016357","admin_id":"43","grp_id":"9"}
2022-08-26 08:56:23 debug 失效时间：1662016357 系统时间：1661475383
2022-08-26 08:56:24 debug [{"report_day":["2022-07-11","2022-07-12","2022-07-13","2022-07-14","2022-07-15","2022-07-16","2022-07-17"],"amount_all":["38165","38061","37811","37784","37729","37610","37631"]}]
2022-08-26 08:56:24 debug [{"report_day":["2022-07-11","2022-07-12","2022-07-13","2022-07-14","2022-07-15","2022-07-16","2022-07-17"],"amount_all":["38165","38061","37811","37784","37729","37610","37631"]}]
2022-08-26 08:56:24 debug {"act":"api_msg_list","tp":1,"keyword":"","page":0,"size":20}
2022-08-26 08:56:24 debug {"exp_time":"1662016357","admin_id":"43","grp_id":"9"}
2022-08-26 08:56:24 debug 失效时间：1662016357 系统时间：1661475384
2022-08-26 08:56:25 debug [{"has_more":false,"msg_list":[{"msg_id":null,"msg_title":"公告标题公告标题公告标题20220531","msg_sub_title":"公告子标题20220531","msg_time":"2022-05-31 15:34:00","msg_short_desc":"20220531公告简述公告简述公告简述公告简述公告简述公告简述公告简述公告简述公告简述公告简述公告简述","msg_month":"5","msg_day":"31","msg_img":"img\/images.jpg"},{"msg_id":null,"msg_title":"公告标题公告标题公告标题20220601","msg_sub_title":"公告子标题20220601","msg_time":"2022-06-01 15:34:00","msg_short_desc":"20220601公告简述公告简述公告简述公告简述公告简述公告简述公告简述公告简述公告简述公告简述公告简述","msg_month":"6","msg_day":"1","msg_img":"img\/images.jpg"}]}]
2022-08-26 08:58:50 debug {"act":"api_chart_maintop"}
2022-08-26 08:58:50 debug {"exp_time":"1662016357","admin_id":"43","grp_id":"9"}
2022-08-26 08:58:50 debug 失效时间：1662016357 系统时间：1661475530
2022-08-26 08:58:50 debug [{"report_day":["2022-07-11","2022-07-12","2022-07-13","2022-07-14","2022-07-15","2022-07-16","2022-07-17"],"amount_all":["38165","38061","37811","37784","37729","37610","37631"]}]
2022-08-26 08:58:50 debug [{"report_day":["2022-07-11","2022-07-12","2022-07-13","2022-07-14","2022-07-15","2022-07-16","2022-07-17"],"amount_all":["38165","38061","37811","37784","37729","37610","37631"]}]
2022-08-26 09:00:41 debug {"act":"api_chart_maintop"}
2022-08-26 09:00:41 debug {"exp_time":"1662016357","admin_id":"43","grp_id":"9"}
2022-08-26 09:00:41 debug 失效时间：1662016357 系统时间：1661475641
2022-08-26 09:00:41 debug [{"report_day":["2022-07-11","2022-07-12","2022-07-13","2022-07-14","2022-07-15","2022-07-16","2022-07-17"],"amount_all":1}]
2022-08-26 09:00:41 debug [{"report_day":["2022-07-11","2022-07-12","2022-07-13","2022-07-14","2022-07-15","2022-07-16","2022-07-17"],"amount_all":1}]
2022-08-26 09:00:41 debug {"act":"api_msg_list","tp":1,"keyword":"","page":0,"size":20}
2022-08-26 09:00:41 debug {"exp_time":"1662016357","admin_id":"43","grp_id":"9"}
2022-08-26 09:00:41 debug 失效时间：1662016357 系统时间：1661475641
2022-08-26 09:00:41 debug [{"has_more":false,"msg_list":[{"msg_id":null,"msg_title":"公告标题公告标题公告标题20220531","msg_sub_title":"公告子标题20220531","msg_time":"2022-05-31 15:34:00","msg_short_desc":"20220531公告简述公告简述公告简述公告简述公告简述公告简述公告简述公告简述公告简述公告简述公告简述","msg_month":"5","msg_day":"31","msg_img":"img\/images.jpg"},{"msg_id":null,"msg_title":"公告标题公告标题公告标题20220601","msg_sub_title":"公告子标题20220601","msg_time":"2022-06-01 15:34:00","msg_short_desc":"20220601公告简述公告简述公告简述公告简述公告简述公告简述公告简述公告简述公告简述公告简述公告简述","msg_month":"6","msg_day":"1","msg_img":"img\/images.jpg"}]}]
2022-08-26 09:01:09 debug {"act":"api_chart_maintop"}
2022-08-26 09:01:09 debug {"exp_time":"1662016357","admin_id":"43","grp_id":"9"}
2022-08-26 09:01:09 debug 失效时间：1662016357 系统时间：1661475669
2022-08-26 09:01:09 debug [{"report_day":["2022-07-11","2022-07-12","2022-07-13","2022-07-14","2022-07-15","2022-07-16","2022-07-17"],"amount_all":1}]
2022-08-26 09:01:09 debug [{"report_day":["2022-07-11","2022-07-12","2022-07-13","2022-07-14","2022-07-15","2022-07-16","2022-07-17"],"amount_all":1}]
2022-08-26 09:01:09 debug {"act":"api_msg_list","tp":1,"keyword":"","page":0,"size":20}
2022-08-26 09:03:48 debug {"act":"api_chart_maintop"}
2022-08-26 09:03:48 debug {"exp_time":"1662016357","admin_id":"43","grp_id":"9"}
2022-08-26 09:03:48 debug 失效时间：1662016357 系统时间：1661475828
2022-08-26 09:03:48 debug [{"report_day":["2022-07-11","2022-07-12","2022-07-13","2022-07-14","2022-07-15","2022-07-16","2022-07-17"],"amount_all":[38165,38061,37811,37784,37729,37610,37631]}]
2022-08-26 09:03:48 debug {"act":"api_msg_list","tp":1,"keyword":"","page":0,"size":20}
2022-08-26 09:03:48 debug {"exp_time":"1662016357","admin_id":"43","grp_id":"9"}
2022-08-26 09:03:48 debug 失效时间：1662016357 系统时间：1661475828
2022-08-26 09:03:48 debug [{"has_more":false,"msg_list":[{"msg_id":null,"msg_title":"公告标题公告标题公告标题20220531","msg_sub_title":"公告子标题20220531","msg_time":"2022-05-31 15:34:00","msg_short_desc":"20220531公告简述公告简述公告简述公告简述公告简述公告简述公告简述公告简述公告简述公告简述公告简述","msg_month":"5","msg_day":"31","msg_img":"img\/images.jpg"},{"msg_id":null,"msg_title":"公告标题公告标题公告标题20220601","msg_sub_title":"公告子标题20220601","msg_time":"2022-06-01 15:34:00","msg_short_desc":"20220601公告简述公告简述公告简述公告简述公告简述公告简述公告简述公告简述公告简述公告简述公告简述","msg_month":"6","msg_day":"1","msg_img":"img\/images.jpg"}]}]
2022-08-26 09:17:58 debug {"act":"api_chart_maintop"}
2022-08-26 09:17:58 debug {"exp_time":"1662016357","admin_id":"43","grp_id":"9"}
2022-08-26 09:17:58 debug 失效时间：1662016357 系统时间：1661476678
2022-08-26 09:17:59 debug [{"report_day":["12-26","12-27","12-28","12-29","12-30","12-30","12-31"],"amount_all":[23544,23551,23623,25291,1719,25589,25653]}]
2022-08-26 09:17:59 debug {"act":"api_msg_list","tp":1,"keyword":"","page":0,"size":20}
2022-08-26 09:17:59 debug {"exp_time":"1662016357","admin_id":"43","grp_id":"9"}
2022-08-26 09:17:59 debug 失效时间：1662016357 系统时间：1661476679
2022-08-26 09:17:59 debug [{"has_more":false,"msg_list":[{"msg_id":null,"msg_title":"公告标题公告标题公告标题20220531","msg_sub_title":"公告子标题20220531","msg_time":"2022-05-31 15:34:00","msg_short_desc":"20220531公告简述公告简述公告简述公告简述公告简述公告简述公告简述公告简述公告简述公告简述公告简述","msg_month":"5","msg_day":"31","msg_img":"img\/images.jpg"},{"msg_id":null,"msg_title":"公告标题公告标题公告标题20220601","msg_sub_title":"公告子标题20220601","msg_time":"2022-06-01 15:34:00","msg_short_desc":"20220601公告简述公告简述公告简述公告简述公告简述公告简述公告简述公告简述公告简述公告简述公告简述","msg_month":"6","msg_day":"1","msg_img":"img\/images.jpg"}]}]
2022-08-26 09:21:20 debug {"act":"api_chart_maintop"}
2022-08-26 09:21:20 debug {"exp_time":"1662016357","admin_id":"43","grp_id":"9"}
2022-08-26 09:21:20 debug 失效时间：1662016357 系统时间：1661476880
2022-08-26 09:21:21 debug {"act":"api_msg_list","tp":1,"keyword":"","page":0,"size":20}
2022-08-26 09:21:21 debug {"exp_time":"1662016357","admin_id":"43","grp_id":"9"}
2022-08-26 09:21:21 debug 失效时间：1662016357 系统时间：1661476881
2022-08-26 09:21:21 debug [{"has_more":false,"msg_list":[{"msg_id":null,"msg_title":"公告标题公告标题公告标题20220531","msg_sub_title":"公告子标题20220531","msg_time":"2022-05-31 15:34:00","msg_short_desc":"20220531公告简述公告简述公告简述公告简述公告简述公告简述公告简述公告简述公告简述公告简述公告简述","msg_month":"5","msg_day":"31","msg_img":"img\/images.jpg"},{"msg_id":null,"msg_title":"公告标题公告标题公告标题20220601","msg_sub_title":"公告子标题20220601","msg_time":"2022-06-01 15:34:00","msg_short_desc":"20220601公告简述公告简述公告简述公告简述公告简述公告简述公告简述公告简述公告简述公告简述公告简述","msg_month":"6","msg_day":"1","msg_img":"img\/images.jpg"}]}]
2022-08-26 09:24:43 debug {"act":"api_msg_list","tp":1,"keyword":"","page":0,"size":20}
2022-08-26 09:24:43 debug {"exp_time":"1662016357","admin_id":"43","grp_id":"9"}
2022-08-26 09:24:43 debug 失效时间：1662016357 系统时间：1661477083
2022-08-26 09:24:43 debug [{"has_more":false,"msg_list":[{"msg_id":null,"msg_title":"公告标题公告标题公告标题20220531","msg_sub_title":"公告子标题20220531","msg_time":"2022-05-31 15:34:00","msg_short_desc":"20220531公告简述公告简述公告简述公告简述公告简述公告简述公告简述公告简述公告简述公告简述公告简述","msg_month":"5","msg_day":"31","msg_img":"img\/images.jpg"},{"msg_id":null,"msg_title":"公告标题公告标题公告标题20220601","msg_sub_title":"公告子标题20220601","msg_time":"2022-06-01 15:34:00","msg_short_desc":"20220601公告简述公告简述公告简述公告简述公告简述公告简述公告简述公告简述公告简述公告简述公告简述","msg_month":"6","msg_day":"1","msg_img":"img\/images.jpg"}]}]
2022-08-26 09:24:43 debug {"act":"api_chart_maintop"}
2022-08-26 09:24:43 debug {"exp_time":"1662016357","admin_id":"43","grp_id":"9"}
2022-08-26 09:24:43 debug 失效时间：1662016357 系统时间：1661477083
2022-08-26 09:24:44 debug [{"report_day":["07-11","07-12","07-13","07-14","07-15","07-16","07-17"],"amount_all":[38165,38061,37811,37784,37729,37610,37631]}]
2022-08-26 09:27:08 debug {"act":"api_chart_maintop"}
2022-08-26 09:27:09 debug {"exp_time":"1662016357","admin_id":"43","grp_id":"9"}
2022-08-26 09:27:09 debug 失效时间：1662016357 系统时间：1661477229
2022-08-26 09:27:09 debug [{"report_day":["07-11","07-12","07-13","07-14","07-15","07-16","07-17"],"amount_all":[38165,38061,37811,37784,37729,37610,37631]}]
2022-08-26 09:27:21 debug {"act":"api_chart_maintop"}
2022-08-26 09:27:21 debug {"exp_time":"1662016357","admin_id":"43","grp_id":"9"}
2022-08-26 09:27:21 debug 失效时间：1662016357 系统时间：1661477241
2022-08-26 09:27:21 debug [{"report_day":["07-11","07-12","07-13","07-14","07-15","07-16","07-17"],"amount_all":[38165,38061,37811,37784,37729,37610,37631]}]
2022-08-26 09:27:42 debug {"act":"api_msg_list","tp":2,"keyword":"","page":0,"size":20}
2022-08-26 09:27:42 debug {"exp_time":"1662016357","admin_id":"43","grp_id":"9"}
2022-08-26 09:27:42 debug 失效时间：1662016357 系统时间：1661477262
2022-08-26 09:27:42 debug 
2022-08-26 09:27:42 debug 
2022-08-26 09:27:42 debug 
2022-08-26 09:27:42 debug 
2022-08-26 09:27:42 debug 
2022-08-26 09:27:42 debug 
2022-08-26 09:27:42 debug 
2022-08-26 09:27:42 debug 
2022-08-26 09:27:42 debug 
2022-08-26 09:27:42 debug 
2022-08-26 09:27:42 debug 
2022-08-26 09:27:42 debug 
2022-08-26 09:27:42 debug 
2022-08-26 09:27:42 debug 
2022-08-26 09:27:42 debug 
2022-08-26 09:27:42 debug 
2022-08-26 09:27:42 debug 
2022-08-26 09:27:42 debug 
2022-08-26 09:27:42 debug 
2022-08-26 09:27:42 debug 
2022-08-26 09:27:42 debug 
2022-08-26 09:27:42 debug [{"has_more":true,"msg_list":[{"msg_id":"2","msg_title":"A02 西门口外面有散落的电线皮","msg_sub_title":"园区安全","msg_time":"2022-07-06 14:53:49","msg_short_desc":"A02 西门口外面有散落的电线皮","msg_month":"7","msg_day":"6","msg_img":null},{"msg_id":"3","msg_title":"B01北边风扇一开就跳闸","msg_sub_title":"设施报修","msg_time":"2022-07-06 14:54:20","msg_short_desc":"B01北边风扇一开就跳闸","msg_month":"7","msg_day":"6","msg_img":null},{"msg_id":"4","msg_title":"A01北边风扇一排只有3个会转了","msg_sub_title":"设施报修","msg_time":"2022-07-06 14:54:39","msg_short_desc":"A01北边风扇一排只有3个会转了","msg_month":"7","msg_day":"6","msg_img":null},{"msg_id":"5","msg_title":"A1703 有小羊死了","msg_sub_title":"羊只情况","msg_time":"2022-07-06 14:55:05","msg_short_desc":"A1703 有小羊死了","msg_month":"7","msg_day":"6","msg_img":null},{"msg_id":"6","msg_title":"B1571 母羊指甲过长需要修剪","msg_sub_title":"羊只情况","msg_time":"2022-07-06 14:55:28","msg_short_desc":"B1571 母羊指甲过长需要修剪","msg_month":"7","msg_day":"6","msg_img":null},{"msg_id":"7","msg_title":"中间南部通道上有 风扇的纸壳子没有清理干","msg_sub_title":"园区环卫","msg_time":"2022-07-06 14:56:07","msg_short_desc":"中间南部通道上有 风扇的纸壳子没有清理干净","msg_month":"7","msg_day":"6","msg_img":null},{"msg_id":"8","msg_title":"北边河边需要有栅栏，防止小羊跑入河里","msg_sub_title":"园区安全","msg_time":"2022-07-06 14:56:39","msg_short_desc":"北边河边需要有栅栏，防止小羊跑入河里","msg_month":"7","msg_day":"6","msg_img":null},{"msg_id":"9","msg_title":"消毒池边上通道有缝隙可以钻出","msg_sub_title":"园区安全","msg_time":"2022-07-06 14:57:22","msg_short_desc":"消毒池边上通道有缝隙可以钻出","msg_month":"7","msg_day":"6","msg_img":null},{"msg_id":"10","msg_title":"药品库房空调内机漏水","msg_sub_title":"设施报修","msg_time":"2022-07-06 14:57:44","msg_short_desc":"药品库房空调内机漏水","msg_month":"7","msg_day":"6","msg_img":null},{"msg_id":"11","msg_title":"拌料车间TMR机无法开机","msg_sub_title":"设施报修","msg_time":"2022-07-06 14:58:09","msg_short_desc":"拌料车间TMR机无法开机","msg_month":"7","msg_day":"6","msg_img":null},{"msg_id":"12","msg_title":"喂食车1#计重失灵","msg_sub_title":"设施报修","msg_time":"2022-07-06 14:58:45","msg_short_desc":"喂食车1#计重失灵","msg_month":"7","msg_day":"6","msg_img":null},{"msg_id":"13","msg_title":"B0808 有羊流产","msg_sub_title":"羊只情况","msg_time":"2022-07-06 15:00:23","msg_short_desc":"B0808 有羊流产","msg_month":"7","msg_day":"6","msg_img":null},{"msg_id":"14","msg_title":"B1809 有羊流产","msg_sub_title":"羊只情况","msg_time":"2022-07-06 15:00:35","msg_short_desc":"B1809 有羊流产","msg_month":"7","msg_day":"6","msg_img":null},{"msg_id":"15","msg_title":"B1315 有母羊死了","msg_sub_title":"羊只情况","msg_time":"2022-07-06 15:00:57","msg_short_desc":"B1315 有母羊死了","msg_month":"7","msg_day":"6","msg_img":null},{"msg_id":"16","msg_title":"B2122 有母羊死了","msg_sub_title":"羊只情况","msg_time":"2022-07-06 15:01:14","msg_short_desc":"B2122 有母羊死了","msg_month":"7","msg_day":"6","msg_img":null},{"msg_id":"17","msg_title":"A17 总电闸跳闸","msg_sub_title":"设施保修","msg_time":"2022-07-06 15:02:13","msg_short_desc":"A17 总电闸跳闸","msg_month":"7","msg_day":"6","msg_img":null},{"msg_id":"18","msg_title":"A0102 母羊不吃食","msg_sub_title":"羊只情况","msg_time":"2022-07-06 15:12:13","msg_short_desc":"A0102 母羊不吃食","msg_month":"7","msg_day":"6","msg_img":null},{"msg_id":"19","msg_title":"A0513 小羊后腿受伤","msg_sub_title":"羊只情况","msg_time":"2022-07-06 15:15:13","msg_short_desc":"A0513 小羊后腿受伤","msg_month":"7","msg_day":"6","msg_img":null},{"msg_id":"20","msg_title":"A0824 母羊流血","msg_sub_title":"羊只情况","msg_time":"2022-07-06 15:14:17","msg_short_desc":"A0824 母羊流血","msg_month":"7","msg_day":"6","msg_img":null},{"msg_id":"21","msg_title":"C0124 母羊受伤","msg_sub_title":"羊只情况","msg_time":"2022-07-06 15:18:18","msg_short_desc":"C0124 母羊受伤","msg_month":"7","msg_day":"6","msg_img":null},{"msg_id":"22","msg_title":"C0258 母羊流产","msg_sub_title":"羊只情况","msg_time":"2022-07-06 15:21:45","msg_short_desc":"C0258 母羊流产","msg_month":"7","msg_day":"6","msg_img":null}]}]
2022-08-26 09:27:42 debug {"act":"api_msg_detail","msg_id":"1"}
2022-08-26 09:27:42 debug {"exp_time":"1662016357","admin_id":"43","grp_id":"9"}
2022-08-26 09:27:42 debug 失效时间：1662016357 系统时间：1661477262
2022-08-26 09:28:08 debug {"act":"api_msg_list","tp":2,"keyword":"","page":1,"size":20}
2022-08-26 09:28:08 debug {"exp_time":"1662016357","admin_id":"43","grp_id":"9"}
2022-08-26 09:28:08 debug 失效时间：1662016357 系统时间：1661477288
2022-08-26 09:28:08 debug 
2022-08-26 09:28:08 debug 
2022-08-26 09:28:08 debug 
2022-08-26 09:28:08 debug 
2022-08-26 09:28:08 debug 
2022-08-26 09:28:08 debug 
2022-08-26 09:28:08 debug 
2022-08-26 09:28:08 debug 
2022-08-26 09:28:08 debug 
2022-08-26 09:28:08 debug 
2022-08-26 09:28:08 debug 
2022-08-26 09:28:08 debug 
2022-08-26 09:28:08 debug 
2022-08-26 09:28:08 debug 
2022-08-26 09:28:08 debug 
2022-08-26 09:28:08 debug 
2022-08-26 09:28:08 debug 
2022-08-26 09:28:08 debug 
2022-08-26 09:28:08 debug 
2022-08-26 09:28:08 debug 
2022-08-26 09:28:08 debug 
2022-08-26 09:28:08 debug [{"has_more":true,"msg_list":[{"msg_id":"2","msg_title":"A02 西门口外面有散落的电线皮","msg_sub_title":"园区安全","msg_time":"2022-07-06 14:53:49","msg_short_desc":"A02 西门口外面有散落的电线皮","msg_month":"7","msg_day":"6","msg_img":null},{"msg_id":"3","msg_title":"B01北边风扇一开就跳闸","msg_sub_title":"设施报修","msg_time":"2022-07-06 14:54:20","msg_short_desc":"B01北边风扇一开就跳闸","msg_month":"7","msg_day":"6","msg_img":null},{"msg_id":"4","msg_title":"A01北边风扇一排只有3个会转了","msg_sub_title":"设施报修","msg_time":"2022-07-06 14:54:39","msg_short_desc":"A01北边风扇一排只有3个会转了","msg_month":"7","msg_day":"6","msg_img":null},{"msg_id":"5","msg_title":"A1703 有小羊死了","msg_sub_title":"羊只情况","msg_time":"2022-07-06 14:55:05","msg_short_desc":"A1703 有小羊死了","msg_month":"7","msg_day":"6","msg_img":null},{"msg_id":"6","msg_title":"B1571 母羊指甲过长需要修剪","msg_sub_title":"羊只情况","msg_time":"2022-07-06 14:55:28","msg_short_desc":"B1571 母羊指甲过长需要修剪","msg_month":"7","msg_day":"6","msg_img":null},{"msg_id":"7","msg_title":"中间南部通道上有 风扇的纸壳子没有清理干","msg_sub_title":"园区环卫","msg_time":"2022-07-06 14:56:07","msg_short_desc":"中间南部通道上有 风扇的纸壳子没有清理干净","msg_month":"7","msg_day":"6","msg_img":null},{"msg_id":"8","msg_title":"北边河边需要有栅栏，防止小羊跑入河里","msg_sub_title":"园区安全","msg_time":"2022-07-06 14:56:39","msg_short_desc":"北边河边需要有栅栏，防止小羊跑入河里","msg_month":"7","msg_day":"6","msg_img":null},{"msg_id":"9","msg_title":"消毒池边上通道有缝隙可以钻出","msg_sub_title":"园区安全","msg_time":"2022-07-06 14:57:22","msg_short_desc":"消毒池边上通道有缝隙可以钻出","msg_month":"7","msg_day":"6","msg_img":null},{"msg_id":"10","msg_title":"药品库房空调内机漏水","msg_sub_title":"设施报修","msg_time":"2022-07-06 14:57:44","msg_short_desc":"药品库房空调内机漏水","msg_month":"7","msg_day":"6","msg_img":null},{"msg_id":"11","msg_title":"拌料车间TMR机无法开机","msg_sub_title":"设施报修","msg_time":"2022-07-06 14:58:09","msg_short_desc":"拌料车间TMR机无法开机","msg_month":"7","msg_day":"6","msg_img":null},{"msg_id":"12","msg_title":"喂食车1#计重失灵","msg_sub_title":"设施报修","msg_time":"2022-07-06 14:58:45","msg_short_desc":"喂食车1#计重失灵","msg_month":"7","msg_day":"6","msg_img":null},{"msg_id":"13","msg_title":"B0808 有羊流产","msg_sub_title":"羊只情况","msg_time":"2022-07-06 15:00:23","msg_short_desc":"B0808 有羊流产","msg_month":"7","msg_day":"6","msg_img":null},{"msg_id":"14","msg_title":"B1809 有羊流产","msg_sub_title":"羊只情况","msg_time":"2022-07-06 15:00:35","msg_short_desc":"B1809 有羊流产","msg_month":"7","msg_day":"6","msg_img":null},{"msg_id":"15","msg_title":"B1315 有母羊死了","msg_sub_title":"羊只情况","msg_time":"2022-07-06 15:00:57","msg_short_desc":"B1315 有母羊死了","msg_month":"7","msg_day":"6","msg_img":null},{"msg_id":"16","msg_title":"B2122 有母羊死了","msg_sub_title":"羊只情况","msg_time":"2022-07-06 15:01:14","msg_short_desc":"B2122 有母羊死了","msg_month":"7","msg_day":"6","msg_img":null},{"msg_id":"17","msg_title":"A17 总电闸跳闸","msg_sub_title":"设施保修","msg_time":"2022-07-06 15:02:13","msg_short_desc":"A17 总电闸跳闸","msg_month":"7","msg_day":"6","msg_img":null},{"msg_id":"18","msg_title":"A0102 母羊不吃食","msg_sub_title":"羊只情况","msg_time":"2022-07-06 15:12:13","msg_short_desc":"A0102 母羊不吃食","msg_month":"7","msg_day":"6","msg_img":null},{"msg_id":"19","msg_title":"A0513 小羊后腿受伤","msg_sub_title":"羊只情况","msg_time":"2022-07-06 15:15:13","msg_short_desc":"A0513 小羊后腿受伤","msg_month":"7","msg_day":"6","msg_img":null},{"msg_id":"20","msg_title":"A0824 母羊流血","msg_sub_title":"羊只情况","msg_time":"2022-07-06 15:14:17","msg_short_desc":"A0824 母羊流血","msg_month":"7","msg_day":"6","msg_img":null},{"msg_id":"21","msg_title":"C0124 母羊受伤","msg_sub_title":"羊只情况","msg_time":"2022-07-06 15:18:18","msg_short_desc":"C0124 母羊受伤","msg_month":"7","msg_day":"6","msg_img":null},{"msg_id":"22","msg_title":"C0258 母羊流产","msg_sub_title":"羊只情况","msg_time":"2022-07-06 15:21:45","msg_short_desc":"C0258 母羊流产","msg_month":"7","msg_day":"6","msg_img":null}]}]
2022-08-26 09:28:31 debug {"act":"api_msg_list","tp":3,"keyword":"","page":0,"size":20}
2022-08-26 09:28:31 debug {"exp_time":"1662016357","admin_id":"43","grp_id":"9"}
2022-08-26 09:28:31 debug 失效时间：1662016357 系统时间：1661477311
2022-08-26 09:28:31 debug [{"has_more":false,"msg_list":[{"msg_id":null,"msg_title":"任务标题任务标题任务标题","msg_sub_title":"任务子标题","msg_time":"2022-06-01 15:34:00","msg_short_desc":"任务简述","msg_month":"6","msg_day":"1","msg_img":""}]}]
2022-08-26 09:28:33 debug {"act":"api_msg_detail","msg_id":""}
2022-08-26 09:28:33 debug {"exp_time":"1662016357","admin_id":"43","grp_id":"9"}
2022-08-26 09:28:33 debug 失效时间：1662016357 系统时间：1661477313
2022-08-26 09:28:38 debug {"act":"api_msg_detail","msg_id":""}
2022-08-26 09:28:38 debug {"exp_time":"1662016357","admin_id":"43","grp_id":"9"}
2022-08-26 09:28:38 debug 失效时间：1662016357 系统时间：1661477318
2022-08-26 09:29:47 debug {"act":"api_msg_detail","msg_id":"2"}
2022-08-26 09:29:48 debug {"exp_time":"1662016357","admin_id":"43","grp_id":"9"}
2022-08-26 09:29:48 debug 失效时间：1662016357 系统时间：1661477388
2022-08-26 09:29:48 debug [{"msg_id":"2","msg_title":"A02 西门口外面有散落的电线皮","msg_sub_title":"园区安全","msg_time":"2022-07-06 14:53:49","msg_short_desc":"A02 西门口外面有散落的电线皮","msg_month":"7","msg_day":"6","msg_img":"","msg_content":"A02 西门口外面有散落的电线皮","files":""}]
2022-08-26 09:30:58 debug {"act":"api_msg_list","tp":2,"keyword":"","page":2,"size":20}
2022-08-26 09:30:58 debug {"exp_time":"1662016357","admin_id":"43","grp_id":"9"}
2022-08-26 09:30:58 debug 失效时间：1662016357 系统时间：1661477458
2022-08-26 09:30:58 debug 
2022-08-26 09:30:58 debug 
2022-08-26 09:30:58 debug 
2022-08-26 09:30:58 debug 
2022-08-26 09:30:58 debug 
2022-08-26 09:30:58 debug 
2022-08-26 09:30:58 debug 
2022-08-26 09:30:58 debug 
2022-08-26 09:30:58 debug 
2022-08-26 09:30:58 debug 
2022-08-26 09:30:58 debug 
2022-08-26 09:30:58 debug 
2022-08-26 09:30:58 debug 
2022-08-26 09:30:58 debug 
2022-08-26 09:30:58 debug 
2022-08-26 09:30:58 debug 
2022-08-26 09:30:58 debug 
2022-08-26 09:30:58 debug 
2022-08-26 09:30:58 debug 
2022-08-26 09:30:58 debug 
2022-08-26 09:30:58 debug 
2022-08-26 09:30:58 debug [{"has_more":true,"msg_list":[{"msg_id":"2","msg_title":"A02 西门口外面有散落的电线皮","msg_sub_title":"园区安全","msg_time":"2022-07-06 14:53:49","msg_short_desc":"A02 西门口外面有散落的电线皮","msg_month":"7","msg_day":"6","msg_img":null},{"msg_id":"3","msg_title":"B01北边风扇一开就跳闸","msg_sub_title":"设施报修","msg_time":"2022-07-06 14:54:20","msg_short_desc":"B01北边风扇一开就跳闸","msg_month":"7","msg_day":"6","msg_img":null},{"msg_id":"4","msg_title":"A01北边风扇一排只有3个会转了","msg_sub_title":"设施报修","msg_time":"2022-07-06 14:54:39","msg_short_desc":"A01北边风扇一排只有3个会转了","msg_month":"7","msg_day":"6","msg_img":null},{"msg_id":"5","msg_title":"A1703 有小羊死了","msg_sub_title":"羊只情况","msg_time":"2022-07-06 14:55:05","msg_short_desc":"A1703 有小羊死了","msg_month":"7","msg_day":"6","msg_img":null},{"msg_id":"6","msg_title":"B1571 母羊指甲过长需要修剪","msg_sub_title":"羊只情况","msg_time":"2022-07-06 14:55:28","msg_short_desc":"B1571 母羊指甲过长需要修剪","msg_month":"7","msg_day":"6","msg_img":null},{"msg_id":"7","msg_title":"中间南部通道上有 风扇的纸壳子没有清理干","msg_sub_title":"园区环卫","msg_time":"2022-07-06 14:56:07","msg_short_desc":"中间南部通道上有 风扇的纸壳子没有清理干净","msg_month":"7","msg_day":"6","msg_img":null},{"msg_id":"8","msg_title":"北边河边需要有栅栏，防止小羊跑入河里","msg_sub_title":"园区安全","msg_time":"2022-07-06 14:56:39","msg_short_desc":"北边河边需要有栅栏，防止小羊跑入河里","msg_month":"7","msg_day":"6","msg_img":null},{"msg_id":"9","msg_title":"消毒池边上通道有缝隙可以钻出","msg_sub_title":"园区安全","msg_time":"2022-07-06 14:57:22","msg_short_desc":"消毒池边上通道有缝隙可以钻出","msg_month":"7","msg_day":"6","msg_img":null},{"msg_id":"10","msg_title":"药品库房空调内机漏水","msg_sub_title":"设施报修","msg_time":"2022-07-06 14:57:44","msg_short_desc":"药品库房空调内机漏水","msg_month":"7","msg_day":"6","msg_img":null},{"msg_id":"11","msg_title":"拌料车间TMR机无法开机","msg_sub_title":"设施报修","msg_time":"2022-07-06 14:58:09","msg_short_desc":"拌料车间TMR机无法开机","msg_month":"7","msg_day":"6","msg_img":null},{"msg_id":"12","msg_title":"喂食车1#计重失灵","msg_sub_title":"设施报修","msg_time":"2022-07-06 14:58:45","msg_short_desc":"喂食车1#计重失灵","msg_month":"7","msg_day":"6","msg_img":null},{"msg_id":"13","msg_title":"B0808 有羊流产","msg_sub_title":"羊只情况","msg_time":"2022-07-06 15:00:23","msg_short_desc":"B0808 有羊流产","msg_month":"7","msg_day":"6","msg_img":null},{"msg_id":"14","msg_title":"B1809 有羊流产","msg_sub_title":"羊只情况","msg_time":"2022-07-06 15:00:35","msg_short_desc":"B1809 有羊流产","msg_month":"7","msg_day":"6","msg_img":null},{"msg_id":"15","msg_title":"B1315 有母羊死了","msg_sub_title":"羊只情况","msg_time":"2022-07-06 15:00:57","msg_short_desc":"B1315 有母羊死了","msg_month":"7","msg_day":"6","msg_img":null},{"msg_id":"16","msg_title":"B2122 有母羊死了","msg_sub_title":"羊只情况","msg_time":"2022-07-06 15:01:14","msg_short_desc":"B2122 有母羊死了","msg_month":"7","msg_day":"6","msg_img":null},{"msg_id":"17","msg_title":"A17 总电闸跳闸","msg_sub_title":"设施保修","msg_time":"2022-07-06 15:02:13","msg_short_desc":"A17 总电闸跳闸","msg_month":"7","msg_day":"6","msg_img":null},{"msg_id":"18","msg_title":"A0102 母羊不吃食","msg_sub_title":"羊只情况","msg_time":"2022-07-06 15:12:13","msg_short_desc":"A0102 母羊不吃食","msg_month":"7","msg_day":"6","msg_img":null},{"msg_id":"19","msg_title":"A0513 小羊后腿受伤","msg_sub_title":"羊只情况","msg_time":"2022-07-06 15:15:13","msg_short_desc":"A0513 小羊后腿受伤","msg_month":"7","msg_day":"6","msg_img":null},{"msg_id":"20","msg_title":"A0824 母羊流血","msg_sub_title":"羊只情况","msg_time":"2022-07-06 15:14:17","msg_short_desc":"A0824 母羊流血","msg_month":"7","msg_day":"6","msg_img":null},{"msg_id":"21","msg_title":"C0124 母羊受伤","msg_sub_title":"羊只情况","msg_time":"2022-07-06 15:18:18","msg_short_desc":"C0124 母羊受伤","msg_month":"7","msg_day":"6","msg_img":null},{"msg_id":"22","msg_title":"C0258 母羊流产","msg_sub_title":"羊只情况","msg_time":"2022-07-06 15:21:45","msg_short_desc":"C0258 母羊流产","msg_month":"7","msg_day":"6","msg_img":null}]}]
2022-08-26 09:31:26 debug {"act":"api_chart_maintop"}
2022-08-26 09:31:27 debug {"exp_time":"1662016357","admin_id":"43","grp_id":"9"}
2022-08-26 09:31:27 debug 失效时间：1662016357 系统时间：1661477487
2022-08-26 09:31:27 debug [{"report_day":["07-11","07-12","07-13","07-14","07-15","07-16","07-17"],"amount_all":[38165,38061,37811,37784,37729,37610,37631]}]
2022-08-26 09:39:56 debug {"act":"api_chart_maintop"}
2022-08-26 09:39:56 debug {"exp_time":"1662016357","admin_id":"43","grp_id":"9"}
2022-08-26 09:39:56 debug 失效时间：1662016357 系统时间：1661477996
2022-08-26 09:39:56 debug [{"report_day":["07-11","07-12","07-13","07-14","07-15","07-16","07-17"],"amount_all":[38165,38061,37811,37784,37729,37610,37631]}]
2022-08-26 09:39:56 debug {"act":"api_msg_list","tp":1,"keyword":"","page":0,"size":20}
2022-08-26 09:39:56 debug {"exp_time":"1662016357","admin_id":"43","grp_id":"9"}
2022-08-26 09:39:56 debug 失效时间：1662016357 系统时间：1661477996
2022-08-26 09:39:56 debug [{"has_more":false,"msg_list":[{"msg_id":null,"msg_title":"公告标题公告标题公告标题20220531","msg_sub_title":"公告子标题20220531","msg_time":"2022-05-31 15:34:00","msg_short_desc":"20220531公告简述公告简述公告简述公告简述公告简述公告简述公告简述公告简述公告简述公告简述公告简述","msg_month":"5","msg_day":"31","msg_img":"img\/images.jpg"},{"msg_id":null,"msg_title":"公告标题公告标题公告标题20220601","msg_sub_title":"公告子标题20220601","msg_time":"2022-06-01 15:34:00","msg_short_desc":"20220601公告简述公告简述公告简述公告简述公告简述公告简述公告简述公告简述公告简述公告简述公告简述","msg_month":"6","msg_day":"1","msg_img":"img\/images.jpg"}]}]
2022-08-26 09:39:59 debug {"act":"api_msg_list","tp":2,"keyword":"","page":0,"size":20}
2022-08-26 09:39:59 debug {"exp_time":"1662016357","admin_id":"43","grp_id":"9"}
2022-08-26 09:39:59 debug 失效时间：1662016357 系统时间：1661477999
2022-08-26 09:40:00 debug 
2022-08-26 09:40:00 debug 
2022-08-26 09:40:00 debug 
2022-08-26 09:40:00 debug 
2022-08-26 09:40:00 debug 
2022-08-26 09:40:00 debug 
2022-08-26 09:40:00 debug 
2022-08-26 09:40:00 debug 
2022-08-26 09:40:00 debug 
2022-08-26 09:40:00 debug 
2022-08-26 09:40:00 debug 
2022-08-26 09:40:00 debug 
2022-08-26 09:40:00 debug 
2022-08-26 09:40:00 debug 
2022-08-26 09:40:00 debug 
2022-08-26 09:40:00 debug 
2022-08-26 09:40:00 debug 
2022-08-26 09:40:00 debug 
2022-08-26 09:40:00 debug 
2022-08-26 09:40:00 debug 
2022-08-26 09:40:00 debug 
2022-08-26 09:40:00 debug [{"has_more":true,"msg_list":[{"msg_id":"2","msg_title":"A02 西门口外面有散落的电线皮","msg_sub_title":"园区安全","msg_time":"2022-07-06 14:53:49","msg_short_desc":"A02 西门口外面有散落的电线皮","msg_month":"7","msg_day":"6","msg_img":null},{"msg_id":"3","msg_title":"B01北边风扇一开就跳闸","msg_sub_title":"设施报修","msg_time":"2022-07-06 14:54:20","msg_short_desc":"B01北边风扇一开就跳闸","msg_month":"7","msg_day":"6","msg_img":null},{"msg_id":"4","msg_title":"A01北边风扇一排只有3个会转了","msg_sub_title":"设施报修","msg_time":"2022-07-06 14:54:39","msg_short_desc":"A01北边风扇一排只有3个会转了","msg_month":"7","msg_day":"6","msg_img":null},{"msg_id":"5","msg_title":"A1703 有小羊死了","msg_sub_title":"羊只情况","msg_time":"2022-07-06 14:55:05","msg_short_desc":"A1703 有小羊死了","msg_month":"7","msg_day":"6","msg_img":null},{"msg_id":"6","msg_title":"B1571 母羊指甲过长需要修剪","msg_sub_title":"羊只情况","msg_time":"2022-07-06 14:55:28","msg_short_desc":"B1571 母羊指甲过长需要修剪","msg_month":"7","msg_day":"6","msg_img":null},{"msg_id":"7","msg_title":"中间南部通道上有 风扇的纸壳子没有清理干","msg_sub_title":"园区环卫","msg_time":"2022-07-06 14:56:07","msg_short_desc":"中间南部通道上有 风扇的纸壳子没有清理干净","msg_month":"7","msg_day":"6","msg_img":null},{"msg_id":"8","msg_title":"北边河边需要有栅栏，防止小羊跑入河里","msg_sub_title":"园区安全","msg_time":"2022-07-06 14:56:39","msg_short_desc":"北边河边需要有栅栏，防止小羊跑入河里","msg_month":"7","msg_day":"6","msg_img":null},{"msg_id":"9","msg_title":"消毒池边上通道有缝隙可以钻出","msg_sub_title":"园区安全","msg_time":"2022-07-06 14:57:22","msg_short_desc":"消毒池边上通道有缝隙可以钻出","msg_month":"7","msg_day":"6","msg_img":null},{"msg_id":"10","msg_title":"药品库房空调内机漏水","msg_sub_title":"设施报修","msg_time":"2022-07-06 14:57:44","msg_short_desc":"药品库房空调内机漏水","msg_month":"7","msg_day":"6","msg_img":null},{"msg_id":"11","msg_title":"拌料车间TMR机无法开机","msg_sub_title":"设施报修","msg_time":"2022-07-06 14:58:09","msg_short_desc":"拌料车间TMR机无法开机","msg_month":"7","msg_day":"6","msg_img":null},{"msg_id":"12","msg_title":"喂食车1#计重失灵","msg_sub_title":"设施报修","msg_time":"2022-07-06 14:58:45","msg_short_desc":"喂食车1#计重失灵","msg_month":"7","msg_day":"6","msg_img":null},{"msg_id":"13","msg_title":"B0808 有羊流产","msg_sub_title":"羊只情况","msg_time":"2022-07-06 15:00:23","msg_short_desc":"B0808 有羊流产","msg_month":"7","msg_day":"6","msg_img":null},{"msg_id":"14","msg_title":"B1809 有羊流产","msg_sub_title":"羊只情况","msg_time":"2022-07-06 15:00:35","msg_short_desc":"B1809 有羊流产","msg_month":"7","msg_day":"6","msg_img":null},{"msg_id":"15","msg_title":"B1315 有母羊死了","msg_sub_title":"羊只情况","msg_time":"2022-07-06 15:00:57","msg_short_desc":"B1315 有母羊死了","msg_month":"7","msg_day":"6","msg_img":null},{"msg_id":"16","msg_title":"B2122 有母羊死了","msg_sub_title":"羊只情况","msg_time":"2022-07-06 15:01:14","msg_short_desc":"B2122 有母羊死了","msg_month":"7","msg_day":"6","msg_img":null},{"msg_id":"17","msg_title":"A17 总电闸跳闸","msg_sub_title":"设施保修","msg_time":"2022-07-06 15:02:13","msg_short_desc":"A17 总电闸跳闸","msg_month":"7","msg_day":"6","msg_img":null},{"msg_id":"18","msg_title":"A0102 母羊不吃食","msg_sub_title":"羊只情况","msg_time":"2022-07-06 15:12:13","msg_short_desc":"A0102 母羊不吃食","msg_month":"7","msg_day":"6","msg_img":null},{"msg_id":"19","msg_title":"A0513 小羊后腿受伤","msg_sub_title":"羊只情况","msg_time":"2022-07-06 15:15:13","msg_short_desc":"A0513 小羊后腿受伤","msg_month":"7","msg_day":"6","msg_img":null},{"msg_id":"20","msg_title":"A0824 母羊流血","msg_sub_title":"羊只情况","msg_time":"2022-07-06 15:14:17","msg_short_desc":"A0824 母羊流血","msg_month":"7","msg_day":"6","msg_img":null},{"msg_id":"21","msg_title":"C0124 母羊受伤","msg_sub_title":"羊只情况","msg_time":"2022-07-06 15:18:18","msg_short_desc":"C0124 母羊受伤","msg_month":"7","msg_day":"6","msg_img":null},{"msg_id":"22","msg_title":"C0258 母羊流产","msg_sub_title":"羊只情况","msg_time":"2022-07-06 15:21:45","msg_short_desc":"C0258 母羊流产","msg_month":"7","msg_day":"6","msg_img":null}]}]
2022-08-26 09:40:13 debug {"act":"api_msg_list","tp":2,"keyword":"","page":1,"size":20}
2022-08-26 09:40:13 debug {"exp_time":"1662016357","admin_id":"43","grp_id":"9"}
2022-08-26 09:40:13 debug 失效时间：1662016357 系统时间：1661478013
2022-08-26 09:40:13 debug 
2022-08-26 09:40:13 debug 
2022-08-26 09:40:13 debug 
2022-08-26 09:40:13 debug 
2022-08-26 09:40:13 debug 
2022-08-26 09:40:13 debug 
2022-08-26 09:40:13 debug 
2022-08-26 09:40:13 debug 
2022-08-26 09:40:13 debug 
2022-08-26 09:40:13 debug 
2022-08-26 09:40:13 debug 
2022-08-26 09:40:13 debug 
2022-08-26 09:40:13 debug 
2022-08-26 09:40:13 debug 
2022-08-26 09:40:13 debug 
2022-08-26 09:40:13 debug 
2022-08-26 09:40:13 debug 
2022-08-26 09:40:13 debug 
2022-08-26 09:40:13 debug 
2022-08-26 09:40:13 debug 
2022-08-26 09:40:13 debug 
2022-08-26 09:40:13 debug [{"has_more":true,"msg_list":[{"msg_id":"2","msg_title":"A02 西门口外面有散落的电线皮","msg_sub_title":"园区安全","msg_time":"2022-07-06 14:53:49","msg_short_desc":"A02 西门口外面有散落的电线皮","msg_month":"7","msg_day":"6","msg_img":null},{"msg_id":"3","msg_title":"B01北边风扇一开就跳闸","msg_sub_title":"设施报修","msg_time":"2022-07-06 14:54:20","msg_short_desc":"B01北边风扇一开就跳闸","msg_month":"7","msg_day":"6","msg_img":null},{"msg_id":"4","msg_title":"A01北边风扇一排只有3个会转了","msg_sub_title":"设施报修","msg_time":"2022-07-06 14:54:39","msg_short_desc":"A01北边风扇一排只有3个会转了","msg_month":"7","msg_day":"6","msg_img":null},{"msg_id":"5","msg_title":"A1703 有小羊死了","msg_sub_title":"羊只情况","msg_time":"2022-07-06 14:55:05","msg_short_desc":"A1703 有小羊死了","msg_month":"7","msg_day":"6","msg_img":null},{"msg_id":"6","msg_title":"B1571 母羊指甲过长需要修剪","msg_sub_title":"羊只情况","msg_time":"2022-07-06 14:55:28","msg_short_desc":"B1571 母羊指甲过长需要修剪","msg_month":"7","msg_day":"6","msg_img":null},{"msg_id":"7","msg_title":"中间南部通道上有 风扇的纸壳子没有清理干","msg_sub_title":"园区环卫","msg_time":"2022-07-06 14:56:07","msg_short_desc":"中间南部通道上有 风扇的纸壳子没有清理干净","msg_month":"7","msg_day":"6","msg_img":null},{"msg_id":"8","msg_title":"北边河边需要有栅栏，防止小羊跑入河里","msg_sub_title":"园区安全","msg_time":"2022-07-06 14:56:39","msg_short_desc":"北边河边需要有栅栏，防止小羊跑入河里","msg_month":"7","msg_day":"6","msg_img":null},{"msg_id":"9","msg_title":"消毒池边上通道有缝隙可以钻出","msg_sub_title":"园区安全","msg_time":"2022-07-06 14:57:22","msg_short_desc":"消毒池边上通道有缝隙可以钻出","msg_month":"7","msg_day":"6","msg_img":null},{"msg_id":"10","msg_title":"药品库房空调内机漏水","msg_sub_title":"设施报修","msg_time":"2022-07-06 14:57:44","msg_short_desc":"药品库房空调内机漏水","msg_month":"7","msg_day":"6","msg_img":null},{"msg_id":"11","msg_title":"拌料车间TMR机无法开机","msg_sub_title":"设施报修","msg_time":"2022-07-06 14:58:09","msg_short_desc":"拌料车间TMR机无法开机","msg_month":"7","msg_day":"6","msg_img":null},{"msg_id":"12","msg_title":"喂食车1#计重失灵","msg_sub_title":"设施报修","msg_time":"2022-07-06 14:58:45","msg_short_desc":"喂食车1#计重失灵","msg_month":"7","msg_day":"6","msg_img":null},{"msg_id":"13","msg_title":"B0808 有羊流产","msg_sub_title":"羊只情况","msg_time":"2022-07-06 15:00:23","msg_short_desc":"B0808 有羊流产","msg_month":"7","msg_day":"6","msg_img":null},{"msg_id":"14","msg_title":"B1809 有羊流产","msg_sub_title":"羊只情况","msg_time":"2022-07-06 15:00:35","msg_short_desc":"B1809 有羊流产","msg_month":"7","msg_day":"6","msg_img":null},{"msg_id":"15","msg_title":"B1315 有母羊死了","msg_sub_title":"羊只情况","msg_time":"2022-07-06 15:00:57","msg_short_desc":"B1315 有母羊死了","msg_month":"7","msg_day":"6","msg_img":null},{"msg_id":"16","msg_title":"B2122 有母羊死了","msg_sub_title":"羊只情况","msg_time":"2022-07-06 15:01:14","msg_short_desc":"B2122 有母羊死了","msg_month":"7","msg_day":"6","msg_img":null},{"msg_id":"17","msg_title":"A17 总电闸跳闸","msg_sub_title":"设施保修","msg_time":"2022-07-06 15:02:13","msg_short_desc":"A17 总电闸跳闸","msg_month":"7","msg_day":"6","msg_img":null},{"msg_id":"18","msg_title":"A0102 母羊不吃食","msg_sub_title":"羊只情况","msg_time":"2022-07-06 15:12:13","msg_short_desc":"A0102 母羊不吃食","msg_month":"7","msg_day":"6","msg_img":null},{"msg_id":"19","msg_title":"A0513 小羊后腿受伤","msg_sub_title":"羊只情况","msg_time":"2022-07-06 15:15:13","msg_short_desc":"A0513 小羊后腿受伤","msg_month":"7","msg_day":"6","msg_img":null},{"msg_id":"20","msg_title":"A0824 母羊流血","msg_sub_title":"羊只情况","msg_time":"2022-07-06 15:14:17","msg_short_desc":"A0824 母羊流血","msg_month":"7","msg_day":"6","msg_img":null},{"msg_id":"21","msg_title":"C0124 母羊受伤","msg_sub_title":"羊只情况","msg_time":"2022-07-06 15:18:18","msg_short_desc":"C0124 母羊受伤","msg_month":"7","msg_day":"6","msg_img":null},{"msg_id":"22","msg_title":"C0258 母羊流产","msg_sub_title":"羊只情况","msg_time":"2022-07-06 15:21:45","msg_short_desc":"C0258 母羊流产","msg_month":"7","msg_day":"6","msg_img":null}]}]
2022-08-26 09:40:38 debug {"act":"api_msg_list","tp":2,"keyword":"","page":2,"size":20}
2022-08-26 09:40:38 debug {"exp_time":"1662016357","admin_id":"43","grp_id":"9"}
2022-08-26 09:40:38 debug 失效时间：1662016357 系统时间：1661478038
2022-08-26 09:40:38 debug 
2022-08-26 09:40:38 debug 
2022-08-26 09:40:38 debug 
2022-08-26 09:40:38 debug 
2022-08-26 09:40:38 debug 
2022-08-26 09:40:38 debug 
2022-08-26 09:40:38 debug 
2022-08-26 09:40:38 debug 
2022-08-26 09:40:38 debug 
2022-08-26 09:40:38 debug 
2022-08-26 09:40:38 debug 
2022-08-26 09:40:38 debug 
2022-08-26 09:40:38 debug 
2022-08-26 09:40:38 debug 
2022-08-26 09:40:38 debug 
2022-08-26 09:40:38 debug 
2022-08-26 09:40:38 debug 
2022-08-26 09:40:38 debug 
2022-08-26 09:40:38 debug 
2022-08-26 09:40:38 debug 
2022-08-26 09:40:38 debug 
2022-08-26 09:40:38 debug [{"has_more":true,"msg_list":[{"msg_id":"2","msg_title":"A02 西门口外面有散落的电线皮","msg_sub_title":"园区安全","msg_time":"2022-07-06 14:53:49","msg_short_desc":"A02 西门口外面有散落的电线皮","msg_month":"7","msg_day":"6","msg_img":null},{"msg_id":"3","msg_title":"B01北边风扇一开就跳闸","msg_sub_title":"设施报修","msg_time":"2022-07-06 14:54:20","msg_short_desc":"B01北边风扇一开就跳闸","msg_month":"7","msg_day":"6","msg_img":null},{"msg_id":"4","msg_title":"A01北边风扇一排只有3个会转了","msg_sub_title":"设施报修","msg_time":"2022-07-06 14:54:39","msg_short_desc":"A01北边风扇一排只有3个会转了","msg_month":"7","msg_day":"6","msg_img":null},{"msg_id":"5","msg_title":"A1703 有小羊死了","msg_sub_title":"羊只情况","msg_time":"2022-07-06 14:55:05","msg_short_desc":"A1703 有小羊死了","msg_month":"7","msg_day":"6","msg_img":null},{"msg_id":"6","msg_title":"B1571 母羊指甲过长需要修剪","msg_sub_title":"羊只情况","msg_time":"2022-07-06 14:55:28","msg_short_desc":"B1571 母羊指甲过长需要修剪","msg_month":"7","msg_day":"6","msg_img":null},{"msg_id":"7","msg_title":"中间南部通道上有 风扇的纸壳子没有清理干","msg_sub_title":"园区环卫","msg_time":"2022-07-06 14:56:07","msg_short_desc":"中间南部通道上有 风扇的纸壳子没有清理干净","msg_month":"7","msg_day":"6","msg_img":null},{"msg_id":"8","msg_title":"北边河边需要有栅栏，防止小羊跑入河里","msg_sub_title":"园区安全","msg_time":"2022-07-06 14:56:39","msg_short_desc":"北边河边需要有栅栏，防止小羊跑入河里","msg_month":"7","msg_day":"6","msg_img":null},{"msg_id":"9","msg_title":"消毒池边上通道有缝隙可以钻出","msg_sub_title":"园区安全","msg_time":"2022-07-06 14:57:22","msg_short_desc":"消毒池边上通道有缝隙可以钻出","msg_month":"7","msg_day":"6","msg_img":null},{"msg_id":"10","msg_title":"药品库房空调内机漏水","msg_sub_title":"设施报修","msg_time":"2022-07-06 14:57:44","msg_short_desc":"药品库房空调内机漏水","msg_month":"7","msg_day":"6","msg_img":null},{"msg_id":"11","msg_title":"拌料车间TMR机无法开机","msg_sub_title":"设施报修","msg_time":"2022-07-06 14:58:09","msg_short_desc":"拌料车间TMR机无法开机","msg_month":"7","msg_day":"6","msg_img":null},{"msg_id":"12","msg_title":"喂食车1#计重失灵","msg_sub_title":"设施报修","msg_time":"2022-07-06 14:58:45","msg_short_desc":"喂食车1#计重失灵","msg_month":"7","msg_day":"6","msg_img":null},{"msg_id":"13","msg_title":"B0808 有羊流产","msg_sub_title":"羊只情况","msg_time":"2022-07-06 15:00:23","msg_short_desc":"B0808 有羊流产","msg_month":"7","msg_day":"6","msg_img":null},{"msg_id":"14","msg_title":"B1809 有羊流产","msg_sub_title":"羊只情况","msg_time":"2022-07-06 15:00:35","msg_short_desc":"B1809 有羊流产","msg_month":"7","msg_day":"6","msg_img":null},{"msg_id":"15","msg_title":"B1315 有母羊死了","msg_sub_title":"羊只情况","msg_time":"2022-07-06 15:00:57","msg_short_desc":"B1315 有母羊死了","msg_month":"7","msg_day":"6","msg_img":null},{"msg_id":"16","msg_title":"B2122 有母羊死了","msg_sub_title":"羊只情况","msg_time":"2022-07-06 15:01:14","msg_short_desc":"B2122 有母羊死了","msg_month":"7","msg_day":"6","msg_img":null},{"msg_id":"17","msg_title":"A17 总电闸跳闸","msg_sub_title":"设施保修","msg_time":"2022-07-06 15:02:13","msg_short_desc":"A17 总电闸跳闸","msg_month":"7","msg_day":"6","msg_img":null},{"msg_id":"18","msg_title":"A0102 母羊不吃食","msg_sub_title":"羊只情况","msg_time":"2022-07-06 15:12:13","msg_short_desc":"A0102 母羊不吃食","msg_month":"7","msg_day":"6","msg_img":null},{"msg_id":"19","msg_title":"A0513 小羊后腿受伤","msg_sub_title":"羊只情况","msg_time":"2022-07-06 15:15:13","msg_short_desc":"A0513 小羊后腿受伤","msg_month":"7","msg_day":"6","msg_img":null},{"msg_id":"20","msg_title":"A0824 母羊流血","msg_sub_title":"羊只情况","msg_time":"2022-07-06 15:14:17","msg_short_desc":"A0824 母羊流血","msg_month":"7","msg_day":"6","msg_img":null},{"msg_id":"21","msg_title":"C0124 母羊受伤","msg_sub_title":"羊只情况","msg_time":"2022-07-06 15:18:18","msg_short_desc":"C0124 母羊受伤","msg_month":"7","msg_day":"6","msg_img":null},{"msg_id":"22","msg_title":"C0258 母羊流产","msg_sub_title":"羊只情况","msg_time":"2022-07-06 15:21:45","msg_short_desc":"C0258 母羊流产","msg_month":"7","msg_day":"6","msg_img":null}]}]
2022-08-26 09:40:41 debug {"act":"api_msg_list","tp":2,"keyword":"","page":3,"size":20}
2022-08-26 09:40:41 debug {"exp_time":"1662016357","admin_id":"43","grp_id":"9"}
2022-08-26 09:40:41 debug 失效时间：1662016357 系统时间：1661478041
2022-08-26 09:40:42 debug 
2022-08-26 09:40:42 debug 
2022-08-26 09:40:42 debug 
2022-08-26 09:40:42 debug 
2022-08-26 09:40:42 debug 
2022-08-26 09:40:42 debug 
2022-08-26 09:40:42 debug 
2022-08-26 09:40:42 debug 
2022-08-26 09:40:42 debug 
2022-08-26 09:40:42 debug 
2022-08-26 09:40:42 debug 
2022-08-26 09:40:42 debug 
2022-08-26 09:40:42 debug 
2022-08-26 09:40:42 debug 
2022-08-26 09:40:42 debug 
2022-08-26 09:40:42 debug 
2022-08-26 09:40:42 debug 
2022-08-26 09:40:42 debug 
2022-08-26 09:40:42 debug 
2022-08-26 09:40:42 debug 
2022-08-26 09:40:42 debug 
2022-08-26 09:40:42 debug [{"has_more":true,"msg_list":[{"msg_id":"2","msg_title":"A02 西门口外面有散落的电线皮","msg_sub_title":"园区安全","msg_time":"2022-07-06 14:53:49","msg_short_desc":"A02 西门口外面有散落的电线皮","msg_month":"7","msg_day":"6","msg_img":null},{"msg_id":"3","msg_title":"B01北边风扇一开就跳闸","msg_sub_title":"设施报修","msg_time":"2022-07-06 14:54:20","msg_short_desc":"B01北边风扇一开就跳闸","msg_month":"7","msg_day":"6","msg_img":null},{"msg_id":"4","msg_title":"A01北边风扇一排只有3个会转了","msg_sub_title":"设施报修","msg_time":"2022-07-06 14:54:39","msg_short_desc":"A01北边风扇一排只有3个会转了","msg_month":"7","msg_day":"6","msg_img":null},{"msg_id":"5","msg_title":"A1703 有小羊死了","msg_sub_title":"羊只情况","msg_time":"2022-07-06 14:55:05","msg_short_desc":"A1703 有小羊死了","msg_month":"7","msg_day":"6","msg_img":null},{"msg_id":"6","msg_title":"B1571 母羊指甲过长需要修剪","msg_sub_title":"羊只情况","msg_time":"2022-07-06 14:55:28","msg_short_desc":"B1571 母羊指甲过长需要修剪","msg_month":"7","msg_day":"6","msg_img":null},{"msg_id":"7","msg_title":"中间南部通道上有 风扇的纸壳子没有清理干","msg_sub_title":"园区环卫","msg_time":"2022-07-06 14:56:07","msg_short_desc":"中间南部通道上有 风扇的纸壳子没有清理干净","msg_month":"7","msg_day":"6","msg_img":null},{"msg_id":"8","msg_title":"北边河边需要有栅栏，防止小羊跑入河里","msg_sub_title":"园区安全","msg_time":"2022-07-06 14:56:39","msg_short_desc":"北边河边需要有栅栏，防止小羊跑入河里","msg_month":"7","msg_day":"6","msg_img":null},{"msg_id":"9","msg_title":"消毒池边上通道有缝隙可以钻出","msg_sub_title":"园区安全","msg_time":"2022-07-06 14:57:22","msg_short_desc":"消毒池边上通道有缝隙可以钻出","msg_month":"7","msg_day":"6","msg_img":null},{"msg_id":"10","msg_title":"药品库房空调内机漏水","msg_sub_title":"设施报修","msg_time":"2022-07-06 14:57:44","msg_short_desc":"药品库房空调内机漏水","msg_month":"7","msg_day":"6","msg_img":null},{"msg_id":"11","msg_title":"拌料车间TMR机无法开机","msg_sub_title":"设施报修","msg_time":"2022-07-06 14:58:09","msg_short_desc":"拌料车间TMR机无法开机","msg_month":"7","msg_day":"6","msg_img":null},{"msg_id":"12","msg_title":"喂食车1#计重失灵","msg_sub_title":"设施报修","msg_time":"2022-07-06 14:58:45","msg_short_desc":"喂食车1#计重失灵","msg_month":"7","msg_day":"6","msg_img":null},{"msg_id":"13","msg_title":"B0808 有羊流产","msg_sub_title":"羊只情况","msg_time":"2022-07-06 15:00:23","msg_short_desc":"B0808 有羊流产","msg_month":"7","msg_day":"6","msg_img":null},{"msg_id":"14","msg_title":"B1809 有羊流产","msg_sub_title":"羊只情况","msg_time":"2022-07-06 15:00:35","msg_short_desc":"B1809 有羊流产","msg_month":"7","msg_day":"6","msg_img":null},{"msg_id":"15","msg_title":"B1315 有母羊死了","msg_sub_title":"羊只情况","msg_time":"2022-07-06 15:00:57","msg_short_desc":"B1315 有母羊死了","msg_month":"7","msg_day":"6","msg_img":null},{"msg_id":"16","msg_title":"B2122 有母羊死了","msg_sub_title":"羊只情况","msg_time":"2022-07-06 15:01:14","msg_short_desc":"B2122 有母羊死了","msg_month":"7","msg_day":"6","msg_img":null},{"msg_id":"17","msg_title":"A17 总电闸跳闸","msg_sub_title":"设施保修","msg_time":"2022-07-06 15:02:13","msg_short_desc":"A17 总电闸跳闸","msg_month":"7","msg_day":"6","msg_img":null},{"msg_id":"18","msg_title":"A0102 母羊不吃食","msg_sub_title":"羊只情况","msg_time":"2022-07-06 15:12:13","msg_short_desc":"A0102 母羊不吃食","msg_month":"7","msg_day":"6","msg_img":null},{"msg_id":"19","msg_title":"A0513 小羊后腿受伤","msg_sub_title":"羊只情况","msg_time":"2022-07-06 15:15:13","msg_short_desc":"A0513 小羊后腿受伤","msg_month":"7","msg_day":"6","msg_img":null},{"msg_id":"20","msg_title":"A0824 母羊流血","msg_sub_title":"羊只情况","msg_time":"2022-07-06 15:14:17","msg_short_desc":"A0824 母羊流血","msg_month":"7","msg_day":"6","msg_img":null},{"msg_id":"21","msg_title":"C0124 母羊受伤","msg_sub_title":"羊只情况","msg_time":"2022-07-06 15:18:18","msg_short_desc":"C0124 母羊受伤","msg_month":"7","msg_day":"6","msg_img":null},{"msg_id":"22","msg_title":"C0258 母羊流产","msg_sub_title":"羊只情况","msg_time":"2022-07-06 15:21:45","msg_short_desc":"C0258 母羊流产","msg_month":"7","msg_day":"6","msg_img":null}]}]
2022-08-26 11:09:29 debug {"act":"api_msg_list","tp":1,"keyword":"","page":0,"size":20}
2022-08-26 11:09:29 debug {"exp_time":"1662016357","admin_id":"43","grp_id":"9"}
2022-08-26 11:09:29 debug 失效时间：1662016357 系统时间：1661483369
2022-08-26 11:09:29 debug [{"has_more":false,"msg_list":[{"msg_id":null,"msg_title":"公告标题公告标题公告标题20220531","msg_sub_title":"公告子标题20220531","msg_time":"2022-05-31 15:34:00","msg_short_desc":"20220531公告简述公告简述公告简述公告简述公告简述公告简述公告简述公告简述公告简述公告简述公告简述","msg_month":"5","msg_day":"31","msg_img":"img\/images.jpg"},{"msg_id":null,"msg_title":"公告标题公告标题公告标题20220601","msg_sub_title":"公告子标题20220601","msg_time":"2022-06-01 15:34:00","msg_short_desc":"20220601公告简述公告简述公告简述公告简述公告简述公告简述公告简述公告简述公告简述公告简述公告简述","msg_month":"6","msg_day":"1","msg_img":"img\/images.jpg"}]}]
2022-08-26 11:09:29 debug {"act":"api_chart_maintop"}
2022-08-26 11:09:29 debug {"exp_time":"1662016357","admin_id":"43","grp_id":"9"}
2022-08-26 11:09:29 debug 失效时间：1662016357 系统时间：1661483369
2022-08-26 11:09:30 debug [{"report_day":["07-11","07-12","07-13","07-14","07-15","07-16","07-17"],"amount_all":[38165,38061,37811,37784,37729,37610,37631]}]
2022-08-26 14:01:26 debug {"act":"api_msg_list","tp":1,"keyword":"","page":0,"size":20}
2022-08-26 14:01:30 debug {"exp_time":"1662016357","admin_id":"43","grp_id":"9"}
2022-08-26 14:01:30 debug 失效时间：1662016357 系统时间：1661493690
2022-08-26 14:01:31 debug [{"has_more":false,"msg_list":[{"msg_id":null,"msg_title":"公告标题公告标题公告标题20220531","msg_sub_title":"公告子标题20220531","msg_time":"2022-05-31 15:34:00","msg_short_desc":"20220531公告简述公告简述公告简述公告简述公告简述公告简述公告简述公告简述公告简述公告简述公告简述","msg_month":"5","msg_day":"31","msg_img":"img\/images.jpg"},{"msg_id":null,"msg_title":"公告标题公告标题公告标题20220601","msg_sub_title":"公告子标题20220601","msg_time":"2022-06-01 15:34:00","msg_short_desc":"20220601公告简述公告简述公告简述公告简述公告简述公告简述公告简述公告简述公告简述公告简述公告简述","msg_month":"6","msg_day":"1","msg_img":"img\/images.jpg"}]}]
2022-08-26 14:01:33 debug {"act":"api_chart_maintop"}
2022-08-26 14:01:33 debug {"exp_time":"1662016357","admin_id":"43","grp_id":"9"}
2022-08-26 14:01:33 debug 失效时间：1662016357 系统时间：1661493693
2022-08-26 14:01:33 debug [{"report_day":["07-11","07-12","07-13","07-14","07-15","07-16","07-17"],"amount_all":[38165,38061,37811,37784,37729,37610,37631]}]
2022-08-26 14:02:22 debug {"act":"api_msg_list","tp":2,"keyword":"","page":0,"size":20}
2022-08-26 14:02:22 debug {"exp_time":"1662016357","admin_id":"43","grp_id":"9"}
2022-08-26 14:02:22 debug 失效时间：1662016357 系统时间：1661493742
2022-08-26 14:02:22 debug 
2022-08-26 14:02:22 debug 
2022-08-26 14:02:22 debug 
2022-08-26 14:02:22 debug 
2022-08-26 14:02:22 debug 
2022-08-26 14:02:22 debug 
2022-08-26 14:02:22 debug 
2022-08-26 14:02:22 debug 
2022-08-26 14:02:22 debug 
2022-08-26 14:02:22 debug 
2022-08-26 14:02:22 debug 
2022-08-26 14:02:22 debug 
2022-08-26 14:02:22 debug 
2022-08-26 14:02:22 debug 
2022-08-26 14:02:22 debug 
2022-08-26 14:02:22 debug 
2022-08-26 14:02:22 debug 
2022-08-26 14:02:22 debug 
2022-08-26 14:02:22 debug 
2022-08-26 14:02:22 debug 
2022-08-26 14:02:22 debug 
2022-08-26 14:02:22 debug [{"has_more":true,"msg_list":[{"msg_id":"2","msg_title":"A02 西门口外面有散落的电线皮","msg_sub_title":"园区安全","msg_time":"2022-07-06 14:53:49","msg_short_desc":"A02 西门口外面有散落的电线皮","msg_month":"7","msg_day":"6","msg_img":null},{"msg_id":"3","msg_title":"B01北边风扇一开就跳闸","msg_sub_title":"设施报修","msg_time":"2022-07-06 14:54:20","msg_short_desc":"B01北边风扇一开就跳闸","msg_month":"7","msg_day":"6","msg_img":null},{"msg_id":"4","msg_title":"A01北边风扇一排只有3个会转了","msg_sub_title":"设施报修","msg_time":"2022-07-06 14:54:39","msg_short_desc":"A01北边风扇一排只有3个会转了","msg_month":"7","msg_day":"6","msg_img":null},{"msg_id":"5","msg_title":"A1703 有小羊死了","msg_sub_title":"羊只情况","msg_time":"2022-07-06 14:55:05","msg_short_desc":"A1703 有小羊死了","msg_month":"7","msg_day":"6","msg_img":null},{"msg_id":"6","msg_title":"B1571 母羊指甲过长需要修剪","msg_sub_title":"羊只情况","msg_time":"2022-07-06 14:55:28","msg_short_desc":"B1571 母羊指甲过长需要修剪","msg_month":"7","msg_day":"6","msg_img":null},{"msg_id":"7","msg_title":"中间南部通道上有 风扇的纸壳子没有清理干","msg_sub_title":"园区环卫","msg_time":"2022-07-06 14:56:07","msg_short_desc":"中间南部通道上有 风扇的纸壳子没有清理干净","msg_month":"7","msg_day":"6","msg_img":null},{"msg_id":"8","msg_title":"北边河边需要有栅栏，防止小羊跑入河里","msg_sub_title":"园区安全","msg_time":"2022-07-06 14:56:39","msg_short_desc":"北边河边需要有栅栏，防止小羊跑入河里","msg_month":"7","msg_day":"6","msg_img":null},{"msg_id":"9","msg_title":"消毒池边上通道有缝隙可以钻出","msg_sub_title":"园区安全","msg_time":"2022-07-06 14:57:22","msg_short_desc":"消毒池边上通道有缝隙可以钻出","msg_month":"7","msg_day":"6","msg_img":null},{"msg_id":"10","msg_title":"药品库房空调内机漏水","msg_sub_title":"设施报修","msg_time":"2022-07-06 14:57:44","msg_short_desc":"药品库房空调内机漏水","msg_month":"7","msg_day":"6","msg_img":null},{"msg_id":"11","msg_title":"拌料车间TMR机无法开机","msg_sub_title":"设施报修","msg_time":"2022-07-06 14:58:09","msg_short_desc":"拌料车间TMR机无法开机","msg_month":"7","msg_day":"6","msg_img":null},{"msg_id":"12","msg_title":"喂食车1#计重失灵","msg_sub_title":"设施报修","msg_time":"2022-07-06 14:58:45","msg_short_desc":"喂食车1#计重失灵","msg_month":"7","msg_day":"6","msg_img":null},{"msg_id":"13","msg_title":"B0808 有羊流产","msg_sub_title":"羊只情况","msg_time":"2022-07-06 15:00:23","msg_short_desc":"B0808 有羊流产","msg_month":"7","msg_day":"6","msg_img":null},{"msg_id":"14","msg_title":"B1809 有羊流产","msg_sub_title":"羊只情况","msg_time":"2022-07-06 15:00:35","msg_short_desc":"B1809 有羊流产","msg_month":"7","msg_day":"6","msg_img":null},{"msg_id":"15","msg_title":"B1315 有母羊死了","msg_sub_title":"羊只情况","msg_time":"2022-07-06 15:00:57","msg_short_desc":"B1315 有母羊死了","msg_month":"7","msg_day":"6","msg_img":null},{"msg_id":"16","msg_title":"B2122 有母羊死了","msg_sub_title":"羊只情况","msg_time":"2022-07-06 15:01:14","msg_short_desc":"B2122 有母羊死了","msg_month":"7","msg_day":"6","msg_img":null},{"msg_id":"17","msg_title":"A17 总电闸跳闸","msg_sub_title":"设施保修","msg_time":"2022-07-06 15:02:13","msg_short_desc":"A17 总电闸跳闸","msg_month":"7","msg_day":"6","msg_img":null},{"msg_id":"18","msg_title":"A0102 母羊不吃食","msg_sub_title":"羊只情况","msg_time":"2022-07-06 15:12:13","msg_short_desc":"A0102 母羊不吃食","msg_month":"7","msg_day":"6","msg_img":null},{"msg_id":"19","msg_title":"A0513 小羊后腿受伤","msg_sub_title":"羊只情况","msg_time":"2022-07-06 15:15:13","msg_short_desc":"A0513 小羊后腿受伤","msg_month":"7","msg_day":"6","msg_img":null},{"msg_id":"20","msg_title":"A0824 母羊流血","msg_sub_title":"羊只情况","msg_time":"2022-07-06 15:14:17","msg_short_desc":"A0824 母羊流血","msg_month":"7","msg_day":"6","msg_img":null},{"msg_id":"21","msg_title":"C0124 母羊受伤","msg_sub_title":"羊只情况","msg_time":"2022-07-06 15:18:18","msg_short_desc":"C0124 母羊受伤","msg_month":"7","msg_day":"6","msg_img":null},{"msg_id":"22","msg_title":"C0258 母羊流产","msg_sub_title":"羊只情况","msg_time":"2022-07-06 15:21:45","msg_short_desc":"C0258 母羊流产","msg_month":"7","msg_day":"6","msg_img":null}]}]
2022-08-26 14:05:01 debug {"act":"api_chart_maintop"}
2022-08-26 14:05:01 debug {"exp_time":"1662016357","admin_id":"43","grp_id":"9"}
2022-08-26 14:05:01 debug 失效时间：1662016357 系统时间：1661493901
2022-08-26 14:05:01 debug [{"report_day":["07-11","07-12","07-13","07-14","07-15","07-16","07-17"],"amount_all":[38165,38061,37811,37784,37729,37610,37631]}]
2022-08-26 14:05:01 debug {"act":"api_msg_list","tp":1,"keyword":"","page":0,"size":20}
2022-08-26 14:05:01 debug {"exp_time":"1662016357","admin_id":"43","grp_id":"9"}
2022-08-26 14:05:01 debug 失效时间：1662016357 系统时间：1661493901
2022-08-26 14:05:01 debug [{"has_more":false,"msg_list":[{"msg_id":null,"msg_title":"公告标题公告标题公告标题20220531","msg_sub_title":"公告子标题20220531","msg_time":"2022-05-31 15:34:00","msg_short_desc":"20220531公告简述公告简述公告简述公告简述公告简述公告简述公告简述公告简述公告简述公告简述公告简述","msg_month":"5","msg_day":"31","msg_img":"img\/images.jpg"},{"msg_id":null,"msg_title":"公告标题公告标题公告标题20220601","msg_sub_title":"公告子标题20220601","msg_time":"2022-06-01 15:34:00","msg_short_desc":"20220601公告简述公告简述公告简述公告简述公告简述公告简述公告简述公告简述公告简述公告简述公告简述","msg_month":"6","msg_day":"1","msg_img":"img\/images.jpg"}]}]
2022-08-26 14:05:05 debug {"act":"api_msg_list","tp":2,"keyword":"","page":0,"size":20}
2022-08-26 14:05:05 debug {"exp_time":"1662016357","admin_id":"43","grp_id":"9"}
2022-08-26 14:05:05 debug 失效时间：1662016357 系统时间：1661493905
2022-08-26 14:05:05 debug 
2022-08-26 14:05:05 debug 
2022-08-26 14:05:05 debug 
2022-08-26 14:05:05 debug 
2022-08-26 14:05:05 debug 
2022-08-26 14:05:05 debug 
2022-08-26 14:05:05 debug 
2022-08-26 14:05:05 debug 
2022-08-26 14:05:05 debug 
2022-08-26 14:05:05 debug 
2022-08-26 14:05:05 debug 
2022-08-26 14:05:05 debug 
2022-08-26 14:05:05 debug 
2022-08-26 14:05:05 debug 
2022-08-26 14:05:05 debug 
2022-08-26 14:05:05 debug 
2022-08-26 14:05:05 debug 
2022-08-26 14:05:05 debug 
2022-08-26 14:05:05 debug 
2022-08-26 14:05:05 debug 
2022-08-26 14:05:05 debug [{"has_more":false,"msg_list":[{"msg_id":"2","msg_title":"A02 西门口外面有散落的电线皮","msg_sub_title":"园区安全","msg_time":"2022-07-06 14:53:49","msg_short_desc":"A02 西门口外面有散落的电线皮","msg_month":"7","msg_day":"6","msg_img":null},{"msg_id":"3","msg_title":"B01北边风扇一开就跳闸","msg_sub_title":"设施报修","msg_time":"2022-07-06 14:54:20","msg_short_desc":"B01北边风扇一开就跳闸","msg_month":"7","msg_day":"6","msg_img":null},{"msg_id":"4","msg_title":"A01北边风扇一排只有3个会转了","msg_sub_title":"设施报修","msg_time":"2022-07-06 14:54:39","msg_short_desc":"A01北边风扇一排只有3个会转了","msg_month":"7","msg_day":"6","msg_img":null},{"msg_id":"5","msg_title":"A1703 有小羊死了","msg_sub_title":"羊只情况","msg_time":"2022-07-06 14:55:05","msg_short_desc":"A1703 有小羊死了","msg_month":"7","msg_day":"6","msg_img":null},{"msg_id":"6","msg_title":"B1571 母羊指甲过长需要修剪","msg_sub_title":"羊只情况","msg_time":"2022-07-06 14:55:28","msg_short_desc":"B1571 母羊指甲过长需要修剪","msg_month":"7","msg_day":"6","msg_img":null},{"msg_id":"7","msg_title":"中间南部通道上有 风扇的纸壳子没有清理干","msg_sub_title":"园区环卫","msg_time":"2022-07-06 14:56:07","msg_short_desc":"中间南部通道上有 风扇的纸壳子没有清理干净","msg_month":"7","msg_day":"6","msg_img":null},{"msg_id":"8","msg_title":"北边河边需要有栅栏，防止小羊跑入河里","msg_sub_title":"园区安全","msg_time":"2022-07-06 14:56:39","msg_short_desc":"北边河边需要有栅栏，防止小羊跑入河里","msg_month":"7","msg_day":"6","msg_img":null},{"msg_id":"9","msg_title":"消毒池边上通道有缝隙可以钻出","msg_sub_title":"园区安全","msg_time":"2022-07-06 14:57:22","msg_short_desc":"消毒池边上通道有缝隙可以钻出","msg_month":"7","msg_day":"6","msg_img":null},{"msg_id":"10","msg_title":"药品库房空调内机漏水","msg_sub_title":"设施报修","msg_time":"2022-07-06 14:57:44","msg_short_desc":"药品库房空调内机漏水","msg_month":"7","msg_day":"6","msg_img":null},{"msg_id":"11","msg_title":"拌料车间TMR机无法开机","msg_sub_title":"设施报修","msg_time":"2022-07-06 14:58:09","msg_short_desc":"拌料车间TMR机无法开机","msg_month":"7","msg_day":"6","msg_img":null},{"msg_id":"12","msg_title":"喂食车1#计重失灵","msg_sub_title":"设施报修","msg_time":"2022-07-06 14:58:45","msg_short_desc":"喂食车1#计重失灵","msg_month":"7","msg_day":"6","msg_img":null},{"msg_id":"13","msg_title":"B0808 有羊流产","msg_sub_title":"羊只情况","msg_time":"2022-07-06 15:00:23","msg_short_desc":"B0808 有羊流产","msg_month":"7","msg_day":"6","msg_img":null},{"msg_id":"14","msg_title":"B1809 有羊流产","msg_sub_title":"羊只情况","msg_time":"2022-07-06 15:00:35","msg_short_desc":"B1809 有羊流产","msg_month":"7","msg_day":"6","msg_img":null},{"msg_id":"15","msg_title":"B1315 有母羊死了","msg_sub_title":"羊只情况","msg_time":"2022-07-06 15:00:57","msg_short_desc":"B1315 有母羊死了","msg_month":"7","msg_day":"6","msg_img":null},{"msg_id":"16","msg_title":"B2122 有母羊死了","msg_sub_title":"羊只情况","msg_time":"2022-07-06 15:01:14","msg_short_desc":"B2122 有母羊死了","msg_month":"7","msg_day":"6","msg_img":null},{"msg_id":"17","msg_title":"A17 总电闸跳闸","msg_sub_title":"设施保修","msg_time":"2022-07-06 15:02:13","msg_short_desc":"A17 总电闸跳闸","msg_month":"7","msg_day":"6","msg_img":null},{"msg_id":"18","msg_title":"A0102 母羊不吃食","msg_sub_title":"羊只情况","msg_time":"2022-07-06 15:12:13","msg_short_desc":"A0102 母羊不吃食","msg_month":"7","msg_day":"6","msg_img":null},{"msg_id":"19","msg_title":"A0513 小羊后腿受伤","msg_sub_title":"羊只情况","msg_time":"2022-07-06 15:15:13","msg_short_desc":"A0513 小羊后腿受伤","msg_month":"7","msg_day":"6","msg_img":null},{"msg_id":"20","msg_title":"A0824 母羊流血","msg_sub_title":"羊只情况","msg_time":"2022-07-06 15:14:17","msg_short_desc":"A0824 母羊流血","msg_month":"7","msg_day":"6","msg_img":null},{"msg_id":"21","msg_title":"C0124 母羊受伤","msg_sub_title":"羊只情况","msg_time":"2022-07-06 15:18:18","msg_short_desc":"C0124 母羊受伤","msg_month":"7","msg_day":"6","msg_img":null}]}]
